[      97ms] [ERROR] Failed to load resource: the server responded with a status of 500 () @ https://cepformacion.akademate.com/api/media/file/farmacia-hero.png:0
[     498ms] [ERROR] Failed to load resource: the server responded with a status of 404 () @ https://cepformacion.akademate.com/socket.io?EIO=4&transport=polling&t=1773845486290:0
[   32981ms] [ERROR] Failed to load resource: the server responded with a status of 500 () @ https://cepformacion.akademate.com/api/media/file/farmacia-hero.png:0
[   32981ms] [ERROR] Failed to load resource: the server responded with a status of 500 () @ https://cepformacion.akademate.com/api/media/file/higiene-hero.png:0
[   34585ms] [ERROR] Failed to load resource: the server responded with a status of 500 () @ https://cepformacion.akademate.com/api/media/file/farmacia-hero.png:0
[   42409ms] [ERROR] Failed to load resource: the server responded with a status of 500 () @ https://cepformacion.akademate.com/api/media/file/farmacia-hero.png:0
[   42410ms] [ERROR] Failed to load resource: the server responded with a status of 500 () @ https://cepformacion.akademate.com/api/media/file/higiene-hero.png:0
[  168093ms] [ERROR] Failed to load resource: the server responded with a status of 400 () @ https://cepformacion.akademate.com/api/feature-flags?tenantId=1:0
[  168124ms] [ERROR] Failed to load resource: the server responded with a status of 500 () @ https://cepformacion.akademate.com/api/config?section=domains&tenantId=1:0
[ 1055712ms] [ERROR] Failed to load resource: the server responded with a status of 400 () @ https://cepformacion.akademate.com/api/feature-flags?tenantId=1:0
[ 1055713ms] [ERROR] Failed to load resource: the server responded with a status of 400 () @ https://cepformacion.akademate.com/api/feature-flags?tenantId=1:0
[ 1055917ms] [ERROR] Failed to load resource: the server responded with a status of 400 () @ https://cepformacion.akademate.com/api/feature-flags?tenantId=1:0
[ 1056474ms] [ERROR] Failed to load resource: the server responded with a status of 500 () @ https://cepformacion.akademate.com/api/config?section=domains&tenantId=1:0
[ 1056478ms] [ERROR] Failed to load resource: the server responded with a status of 500 () @ https://cepformacion.akademate.com/api/config?section=domains&tenantId=1:0
[ 1056547ms] [ERROR] Failed to load resource: the server responded with a status of 404 () @ https://cepformacion.akademate.com/socket.io?EIO=4&transport=polling&t=1773846542024:0
[ 1056646ms] [ERROR] Failed to load resource: the server responded with a status of 500 () @ https://cepformacion.akademate.com/api/config?section=domains&tenantId=1:0
[ 1058983ms] [ERROR] Failed to load resource: the server responded with a status of 500 () @ https://cepformacion.akademate.com/api/media/file/farmacia-hero.png:0
[ 1058983ms] [ERROR] Failed to load resource: the server responded with a status of 500 () @ https://cepformacion.akademate.com/api/media/file/higiene-hero.png:0
[ 1060703ms] [ERROR] Failed to load resource: the server responded with a status of 500 () @ https://cepformacion.akademate.com/api/media/file/farmacia-hero.png:0
[ 1062244ms] [ERROR] Failed to load resource: the server responded with a status of 500 () @ https://cepformacion.akademate.com/api/media/file/farmacia-hero.png:0
