[ 5039659ms] Error: Minified React error #418; visit https://react.dev/errors/418?args[]=text&args[]= for the full message or use the non-minified dev environment for full errors and additional helpful warnings.
    at rD (https://admin.akademate.com/_next/static/chunks/6f147f51-d0369bed8f7906dc.js:1:35062)
    at rO (https://admin.akademate.com/_next/static/chunks/6f147f51-d0369bed8f7906dc.js:1:36095)
    at https://admin.akademate.com/_next/static/chunks/6f147f51-d0369bed8f7906dc.js:1:118083
    at ix (https://admin.akademate.com/_next/static/chunks/6f147f51-d0369bed8f7906dc.js:1:122955)
    at ik (https://admin.akademate.com/_next/static/chunks/6f147f51-d0369bed8f7906dc.js:1:114743)
    at https://admin.akademate.com/_next/static/chunks/6f147f51-d0369bed8f7906dc.js:1:110730
    at iu (https://admin.akademate.com/_next/static/chunks/6f147f51-d0369bed8f7906dc.js:1:110831)
    at iX (https://admin.akademate.com/_next/static/chunks/6f147f51-d0369bed8f7906dc.js:1:132934)
    at MessagePort.w (https://admin.akademate.com/_next/static/chunks/9878-8ed6452a7ad85c33.js:1:98627)
[ 5040490ms] An error occurred in the Server Components render. The specific message is omitted in production builds to avoid leaking sensitive details. A digest property is included on this error instance which may provide additional details about the nature of the error.
[ 5789813ms] Error: Minified React error #418; visit https://react.dev/errors/418?args[]=text&args[]= for the full message or use the non-minified dev environment for full errors and additional helpful warnings.
    at rD (https://admin.akademate.com/_next/static/chunks/6f147f51-d0369bed8f7906dc.js:1:35062)
    at rO (https://admin.akademate.com/_next/static/chunks/6f147f51-d0369bed8f7906dc.js:1:36095)
    at https://admin.akademate.com/_next/static/chunks/6f147f51-d0369bed8f7906dc.js:1:118083
    at ix (https://admin.akademate.com/_next/static/chunks/6f147f51-d0369bed8f7906dc.js:1:122955)
    at ik (https://admin.akademate.com/_next/static/chunks/6f147f51-d0369bed8f7906dc.js:1:114743)
    at https://admin.akademate.com/_next/static/chunks/6f147f51-d0369bed8f7906dc.js:1:110730
    at iu (https://admin.akademate.com/_next/static/chunks/6f147f51-d0369bed8f7906dc.js:1:110831)
    at iX (https://admin.akademate.com/_next/static/chunks/6f147f51-d0369bed8f7906dc.js:1:132934)
    at MessagePort.w (https://admin.akademate.com/_next/static/chunks/9878-8ed6452a7ad85c33.js:1:98627)
