[     913ms] [ERROR] Failed to load resource: the server responded with a status of 403 () @ https://onboarding-api.brevo.com/authentication:0
[   46383ms] [WARNING] The resource https://product-homepage.brevo.com/remoteEntryContainer.js was preloaded using link preload but not used within a few seconds from the window's load event. Please make sure it has an appropriate `as` value and it is preloaded intentionally. @ https://app.brevo.com/2fa/login/new-device/9ae0fffe3532fb1bb420ff13d9bf6982ae61cca64b3863afff89ac0070121f29?target=https://app.brevo.com/settings/keys/smtp:0
[   51383ms] [WARNING] The resource https://product-homepage.brevo.com/remoteEntryContainer.js was preloaded using link preload but not used within a few seconds from the window's load event. Please make sure it has an appropriate `as` value and it is preloaded intentionally. @ https://app.brevo.com/2fa/login/new-device/9ae0fffe3532fb1bb420ff13d9bf6982ae61cca64b3863afff89ac0070121f29?target=https://app.brevo.com/settings/keys/smtp:0
[   57913ms] [WARNING] The resource https://product-homepage.brevo.com/remoteEntryContainer.js was preloaded using link preload but not used within a few seconds from the window's load event. Please make sure it has an appropriate `as` value and it is preloaded intentionally. @ https://app.brevo.com/2fa/login/new-device/9ae0fffe3532fb1bb420ff13d9bf6982ae61cca64b3863afff89ac0070121f29?target=https://app.brevo.com/settings/keys/smtp:0
[   61383ms] [WARNING] The resource https://product-homepage.brevo.com/remoteEntryContainer.js was preloaded using link preload but not used within a few seconds from the window's load event. Please make sure it has an appropriate `as` value and it is preloaded intentionally. @ https://app.brevo.com/2fa/login/new-device/9ae0fffe3532fb1bb420ff13d9bf6982ae61cca64b3863afff89ac0070121f29?target=https://app.brevo.com/settings/keys/smtp:0
[   66392ms] [WARNING] The resource https://product-homepage.brevo.com/remoteEntryContainer.js was preloaded using link preload but not used within a few seconds from the window's load event. Please make sure it has an appropriate `as` value and it is preloaded intentionally. @ https://app.brevo.com/2fa/login/new-device/9ae0fffe3532fb1bb420ff13d9bf6982ae61cca64b3863afff89ac0070121f29?target=https://app.brevo.com/settings/keys/smtp:0
[   71393ms] [WARNING] The resource https://product-homepage.brevo.com/remoteEntryContainer.js was preloaded using link preload but not used within a few seconds from the window's load event. Please make sure it has an appropriate `as` value and it is preloaded intentionally. @ https://app.brevo.com/2fa/login/new-device/9ae0fffe3532fb1bb420ff13d9bf6982ae61cca64b3863afff89ac0070121f29?target=https://app.brevo.com/settings/keys/smtp:0
[   76393ms] [WARNING] The resource https://product-homepage.brevo.com/remoteEntryContainer.js was preloaded using link preload but not used within a few seconds from the window's load event. Please make sure it has an appropriate `as` value and it is preloaded intentionally. @ https://app.brevo.com/2fa/login/new-device/9ae0fffe3532fb1bb420ff13d9bf6982ae61cca64b3863afff89ac0070121f29?target=https://app.brevo.com/settings/keys/smtp:0
[   81383ms] [WARNING] The resource https://product-homepage.brevo.com/remoteEntryContainer.js was preloaded using link preload but not used within a few seconds from the window's load event. Please make sure it has an appropriate `as` value and it is preloaded intentionally. @ https://app.brevo.com/2fa/login/new-device/9ae0fffe3532fb1bb420ff13d9bf6982ae61cca64b3863afff89ac0070121f29?target=https://app.brevo.com/settings/keys/smtp:0
[   86383ms] [WARNING] The resource https://product-homepage.brevo.com/remoteEntryContainer.js was preloaded using link preload but not used within a few seconds from the window's load event. Please make sure it has an appropriate `as` value and it is preloaded intentionally. @ https://app.brevo.com/2fa/login/new-device/9ae0fffe3532fb1bb420ff13d9bf6982ae61cca64b3863afff89ac0070121f29?target=https://app.brevo.com/settings/keys/smtp:0
[   91393ms] [WARNING] The resource https://product-homepage.brevo.com/remoteEntryContainer.js was preloaded using link preload but not used within a few seconds from the window's load event. Please make sure it has an appropriate `as` value and it is preloaded intentionally. @ https://app.brevo.com/2fa/login/new-device/9ae0fffe3532fb1bb420ff13d9bf6982ae61cca64b3863afff89ac0070121f29?target=https://app.brevo.com/settings/keys/smtp:0
[   96382ms] [WARNING] The resource https://product-homepage.brevo.com/remoteEntryContainer.js was preloaded using link preload but not used within a few seconds from the window's load event. Please make sure it has an appropriate `as` value and it is preloaded intentionally. @ https://app.brevo.com/2fa/login/new-device/9ae0fffe3532fb1bb420ff13d9bf6982ae61cca64b3863afff89ac0070121f29?target=https://app.brevo.com/settings/keys/smtp:0
[  101393ms] [WARNING] The resource https://product-homepage.brevo.com/remoteEntryContainer.js was preloaded using link preload but not used within a few seconds from the window's load event. Please make sure it has an appropriate `as` value and it is preloaded intentionally. @ https://app.brevo.com/2fa/login/new-device/9ae0fffe3532fb1bb420ff13d9bf6982ae61cca64b3863afff89ac0070121f29?target=https://app.brevo.com/settings/keys/smtp:0
[  106393ms] [WARNING] The resource https://product-homepage.brevo.com/remoteEntryContainer.js was preloaded using link preload but not used within a few seconds from the window's load event. Please make sure it has an appropriate `as` value and it is preloaded intentionally. @ https://app.brevo.com/2fa/login/new-device/9ae0fffe3532fb1bb420ff13d9bf6982ae61cca64b3863afff89ac0070121f29?target=https://app.brevo.com/settings/keys/smtp:0
[  136113ms] [WARNING] The resource https://product-homepage.brevo.com/remoteEntryContainer.js was preloaded using link preload but not used within a few seconds from the window's load event. Please make sure it has an appropriate `as` value and it is preloaded intentionally. @ https://app.brevo.com/2fa/login/new-device/9ae0fffe3532fb1bb420ff13d9bf6982ae61cca64b3863afff89ac0070121f29?target=https://app.brevo.com/settings/keys/smtp:0
[  188763ms] [ERROR] Failed to load resource: net::ERR_CONNECTION_RESET @ https://account-app.brevo.com/account/api/two-factor-authentication/login/new-device/9ae0fffe3532fb1bb420ff13d9bf6982ae61cca64b3863afff89ac0070121f29?target=https%3A%2F%2Fapp.brevo.com%2Fsettings%2Fkeys%2Fsmtp:0
[  191873ms] [WARNING] The resource https://product-homepage.brevo.com/remoteEntryContainer.js was preloaded using link preload but not used within a few seconds from the window's load event. Please make sure it has an appropriate `as` value and it is preloaded intentionally. @ https://app.brevo.com/2fa/login/new-device/9ae0fffe3532fb1bb420ff13d9bf6982ae61cca64b3863afff89ac0070121f29?target=https://app.brevo.com/settings/keys/smtp:0
[  193909ms] [WARNING] WARNING: An object ref will not guarantee the observer is cleaned up when the observed element unmounts @ https://account-management.brevo.com/8259.431c27a438138e1ec772.js:0
[  193909ms] [WARNING] WARNING: An object ref will not guarantee the observer is cleaned up when the observed element unmounts @ https://account-management.brevo.com/8259.431c27a438138e1ec772.js:0
[  519049ms] [ERROR] Failed to load resource: net::ERR_CONNECTION_RESET @ https://account-management-backend.brevo.com/api/keys/smtp:0
[  520564ms] [WARNING] WARNING: An object ref will not guarantee the observer is cleaned up when the observed element unmounts @ https://fsrelay.brevo.com/s/fs.js:3
[  520564ms] [WARNING] WARNING: An object ref will not guarantee the observer is cleaned up when the observed element unmounts @ https://fsrelay.brevo.com/s/fs.js:3
[  521059ms] [WARNING] WARNING: An object ref will not guarantee the observer is cleaned up when the observed element unmounts @ https://fsrelay.brevo.com/s/fs.js:3
[  521064ms] [WARNING] WARNING: An object ref will not guarantee the observer is cleaned up when the observed element unmounts @ https://fsrelay.brevo.com/s/fs.js:3
[  531076ms] [ERROR] Failed to load resource: net::ERR_CONNECTION_RESET @ https://notifications-banner-api.brevo.com/banner-info?app=brevo_relationships:0
[  532176ms] [WARNING] WARNING: An object ref will not guarantee the observer is cleaned up when the observed element unmounts @ https://fsrelay.brevo.com/s/fs.js:3
[  532176ms] [WARNING] WARNING: An object ref will not guarantee the observer is cleaned up when the observed element unmounts @ https://fsrelay.brevo.com/s/fs.js:3
[  532184ms] [WARNING] WARNING: An object ref will not guarantee the observer is cleaned up when the observed element unmounts @ https://fsrelay.brevo.com/s/fs.js:3
[  532184ms] [WARNING] WARNING: An object ref will not guarantee the observer is cleaned up when the observed element unmounts @ https://fsrelay.brevo.com/s/fs.js:3
[  532260ms] [WARNING] WARNING: An object ref will not guarantee the observer is cleaned up when the observed element unmounts @ https://fsrelay.brevo.com/s/fs.js:3
[  532260ms] [WARNING] WARNING: An object ref will not guarantee the observer is cleaned up when the observed element unmounts @ https://fsrelay.brevo.com/s/fs.js:3
[  532260ms] [WARNING] WARNING: An object ref will not guarantee the observer is cleaned up when the observed element unmounts @ https://fsrelay.brevo.com/s/fs.js:3
[  532260ms] [WARNING] WARNING: An object ref will not guarantee the observer is cleaned up when the observed element unmounts @ https://fsrelay.brevo.com/s/fs.js:3
[  537289ms] Uncaught (in promise) ReferenceError: REACT_APP_APM_SERVICE_URL is not defined
    at h (https://objects-frontend.brevo.com/6040.d987570f1e4add68d140.js:0:26773)
    at <anonymous> (https://objects-frontend.brevo.com/6040.d987570f1e4add68d140.js:0:19030)
[  538045ms] [WARNING] Unsatisfied version 18.3.1 from micro-frontend-container of shared singleton module react (required =18.2.0) @ https://fsrelay.brevo.com/s/fs.js:3
[  538046ms] [WARNING] Unsatisfied version 18.3.1 from micro-frontend-container of shared singleton module react-dom (required =18.2.0) @ https://fsrelay.brevo.com/s/fs.js:3
[  538252ms] [WARNING] Unsatisfied version 18.3.1 from micro-frontend-container of shared singleton module react (required =18.2.0) @ https://fsrelay.brevo.com/s/fs.js:3
[  538649ms] [WARNING] Unsatisfied version 18.3.1 from micro-frontend-container of shared singleton module react (required =18.2.0) @ https://fsrelay.brevo.com/s/fs.js:3
[  538649ms] [WARNING] Unsatisfied version 18.3.1 from micro-frontend-container of shared singleton module react-dom (required =18.2.0) @ https://fsrelay.brevo.com/s/fs.js:3
[  543975ms] [WARNING] An iframe which has both allow-scripts and allow-same-origin for its sandbox attribute can escape its sandboxing. @ about:srcdoc:0
[  543976ms] [ERROR] Failed to load resource: net::ERR_CONNECTION_RESET @ https://folder-engine.brevo.com/folders/get-details?service=email&type=template&ids=9:0
[  543989ms] Uncaught (in promise) Error: Network Error
    at <anonymous> (https://unified-marketing.brevo.com/TemplateCreation.750958aad3c57bf99a10.js:0:15493)
[  544011ms] [ERROR] Failed to load resource: net::ERR_CONNECTION_RESET @ https://static.brevo.com/rich-text-editor/icons/smile-o.svg:0
[  544012ms] [ERROR] Failed to load resource: the server responded with a status of 429 () @ https://app.brevo.com/*%7CREWARDS%7C*:0
[  544012ms] [ERROR] Failed to load resource: net::ERR_CONNECTION_RESET @ https://static.brevo.com/rich-text-editor/icons/braces.svg:0
[  561252ms] [ERROR] Failed to load resource: net::ERR_CONNECTION_RESET @ https://notifications-banner-api.brevo.com/banner-info?app=brevo_transactional_email_templates:0
[  561290ms] [ERROR] Failed to load resource: net::ERR_CONNECTION_RESET @ https://onboarding-backend-api.brevo.com/settings/ai/agents:0
[  561292ms] [ERROR] Failed to load resource: net::ERR_CONNECTION_RESET @ https://asset-sharing.brevo.com/api/notifications?asset_type=email-template:0
[  561323ms] [ERROR] Failed to load resource: net::ERR_CONNECTION_RESET @ https://email-campaigns-backend.brevo.com/email-template/api/templates?page_number=1&current_status=&paging_limit=25:0
[  561331ms] [ERROR] Failed to load resource: net::ERR_CONNECTION_RESET @ https://editor-api.brevo.com/editor-api/localization/languages:0
[  561333ms] Uncaught (in promise) TypeError: Failed to fetch
    at <anonymous> (https://account-management.brevo.com/6052.7e5de455c4d54b3f3ff6.js:0:3542)
    at window.fetch (https://account-management.brevo.com/6052.7e5de455c4d54b3f3ff6.js:0:3443)
    at e (https://fsrelay.brevo.com/s/fs.js:3:31120)
    at e.<computed>.e.<computed> (:2:424)
    at <anonymous> (https://unified-marketing.brevo.com/6618.bbce207472f0299a3338.js:1:113953)
    at a (https://unified-marketing.brevo.com/6618.bbce207472f0299a3338.js:1:303385)
    at <anonymous> (https://unified-marketing.brevo.com/4363.c2ec35aea3b956b27e79.js:0:260046)
    at <anonymous> (https://unified-marketing.brevo.com/4363.c2ec35aea3b956b27e79.js:0:260259)
    at ri (https://mfe.brevo.com/spa-mfe.961.b1ca7b8fb8a85718ab3b.js:1:93097)
    at Ss (https://mfe.brevo.com/spa-mfe.961.b1ca7b8fb8a85718ab3b.js:1:113042)
    at <anonymous> (https://mfe.brevo.com/spa-mfe.961.b1ca7b8fb8a85718ab3b.js:1:111819)
    at ws (https://mfe.brevo.com/spa-mfe.961.b1ca7b8fb8a85718ab3b.js:1:111879)
    at is (https://mfe.brevo.com/spa-mfe.961.b1ca7b8fb8a85718ab3b.js:1:105695)
    at Hl (https://mfe.brevo.com/spa-mfe.961.b1ca7b8fb8a85718ab3b.js:1:46723)
    at <anonymous> (https://mfe.brevo.com/spa-mfe.961.b1ca7b8fb8a85718ab3b.js:1:103123)
[  564998ms] [WARNING] Unsatisfied version 18.3.1 from micro-frontend-container of shared singleton module react (required =18.2.0) @ https://fsrelay.brevo.com/s/fs.js:3
[  564998ms] [WARNING] Unsatisfied version 18.3.1 from micro-frontend-container of shared singleton module react-dom (required =18.2.0) @ https://fsrelay.brevo.com/s/fs.js:3
[  565019ms] [WARNING] Unsatisfied version 18.3.1 from micro-frontend-container of shared singleton module react (required =18.2.0) @ https://fsrelay.brevo.com/s/fs.js:3
[  565069ms] [ERROR] Failed to load resource: net::ERR_CONNECTION_RESET @ https://notifications-banner-api.brevo.com/banner-info?app=brevo_marketing_channels:0
[  565109ms] [ERROR] Failed to load resource: net::ERR_CONNECTION_RESET @ https://folder-engine.brevo.com/folders/layers:0
[  565268ms] [WARNING] Unsatisfied version 18.3.1 from micro-frontend-container of shared singleton module react (required =18.2.0) @ https://fsrelay.brevo.com/s/fs.js:3
[  565269ms] [WARNING] Unsatisfied version 18.3.1 from micro-frontend-container of shared singleton module react-dom (required =18.2.0) @ https://fsrelay.brevo.com/s/fs.js:3
[  567649ms] [WARNING] An iframe which has both allow-scripts and allow-same-origin for its sandbox attribute can escape its sandboxing. @ about:srcdoc:0
[  567673ms] [ERROR] Failed to load resource: the server responded with a status of 429 () @ https://app.brevo.com/*%7CREWARDS%7C*:0
[  578481ms] [WARNING] The resource https://marketing-campaign.brevo.com/241.b0c3793c473f2ddca8ee.js was preloaded using link preload but not used within a few seconds from the window's load event. Please make sure it has an appropriate `as` value and it is preloaded intentionally. @ https://app.brevo.com/marketing-campaign/edit/10:0
[  578482ms] [WARNING] The resource https://marketing-campaign.brevo.com/5167.cbee2018bf55af0ec496.js was preloaded using link preload but not used within a few seconds from the window's load event. Please make sure it has an appropriate `as` value and it is preloaded intentionally. @ https://app.brevo.com/marketing-campaign/edit/10:0
[  578482ms] [WARNING] The resource https://marketing-campaign.brevo.com/8058.26f6a281b3896bfb7c34.js was preloaded using link preload but not used within a few seconds from the window's load event. Please make sure it has an appropriate `as` value and it is preloaded intentionally. @ https://app.brevo.com/marketing-campaign/edit/10:0
[  578482ms] [WARNING] The resource https://marketing-campaign.brevo.com/8040.f4942cd4466f129e5eac.js was preloaded using link preload but not used within a few seconds from the window's load event. Please make sure it has an appropriate `as` value and it is preloaded intentionally. @ https://app.brevo.com/marketing-campaign/edit/10:0
[  578482ms] [WARNING] The resource https://marketing-campaign.brevo.com/6363.33adc8606dc8cc0fe9dd.js was preloaded using link preload but not used within a few seconds from the window's load event. Please make sure it has an appropriate `as` value and it is preloaded intentionally. @ https://app.brevo.com/marketing-campaign/edit/10:0
[  578482ms] [WARNING] The resource https://marketing-campaign.brevo.com/8360.966b56f953293467e129.js was preloaded using link preload but not used within a few seconds from the window's load event. Please make sure it has an appropriate `as` value and it is preloaded intentionally. @ https://app.brevo.com/marketing-campaign/edit/10:0
[  584471ms] [WARNING] The resource https://marketing-campaign.brevo.com/241.b0c3793c473f2ddca8ee.js was preloaded using link preload but not used within a few seconds from the window's load event. Please make sure it has an appropriate `as` value and it is preloaded intentionally. @ https://app.brevo.com/marketing-campaign/edit/10:0
[  584471ms] [WARNING] The resource https://marketing-campaign.brevo.com/5167.cbee2018bf55af0ec496.js was preloaded using link preload but not used within a few seconds from the window's load event. Please make sure it has an appropriate `as` value and it is preloaded intentionally. @ https://app.brevo.com/marketing-campaign/edit/10:0
[  584471ms] [WARNING] The resource https://marketing-campaign.brevo.com/8058.26f6a281b3896bfb7c34.js was preloaded using link preload but not used within a few seconds from the window's load event. Please make sure it has an appropriate `as` value and it is preloaded intentionally. @ https://app.brevo.com/marketing-campaign/edit/10:0
[  584471ms] [WARNING] The resource https://marketing-campaign.brevo.com/8040.f4942cd4466f129e5eac.js was preloaded using link preload but not used within a few seconds from the window's load event. Please make sure it has an appropriate `as` value and it is preloaded intentionally. @ https://app.brevo.com/marketing-campaign/edit/10:0
[  584471ms] [WARNING] The resource https://marketing-campaign.brevo.com/6363.33adc8606dc8cc0fe9dd.js was preloaded using link preload but not used within a few seconds from the window's load event. Please make sure it has an appropriate `as` value and it is preloaded intentionally. @ https://app.brevo.com/marketing-campaign/edit/10:0
[  584471ms] [WARNING] The resource https://marketing-campaign.brevo.com/8360.966b56f953293467e129.js was preloaded using link preload but not used within a few seconds from the window's load event. Please make sure it has an appropriate `as` value and it is preloaded intentionally. @ https://app.brevo.com/marketing-campaign/edit/10:0
[  588442ms] [WARNING] The resource https://marketing-campaign.brevo.com/241.b0c3793c473f2ddca8ee.js was preloaded using link preload but not used within a few seconds from the window's load event. Please make sure it has an appropriate `as` value and it is preloaded intentionally. @ https://app.brevo.com/marketing-campaign/edit/10:0
[  588442ms] [WARNING] The resource https://marketing-campaign.brevo.com/5167.cbee2018bf55af0ec496.js was preloaded using link preload but not used within a few seconds from the window's load event. Please make sure it has an appropriate `as` value and it is preloaded intentionally. @ https://app.brevo.com/marketing-campaign/edit/10:0
[  588443ms] [WARNING] The resource https://marketing-campaign.brevo.com/8058.26f6a281b3896bfb7c34.js was preloaded using link preload but not used within a few seconds from the window's load event. Please make sure it has an appropriate `as` value and it is preloaded intentionally. @ https://app.brevo.com/marketing-campaign/edit/10:0
[  588443ms] [WARNING] The resource https://marketing-campaign.brevo.com/8040.f4942cd4466f129e5eac.js was preloaded using link preload but not used within a few seconds from the window's load event. Please make sure it has an appropriate `as` value and it is preloaded intentionally. @ https://app.brevo.com/marketing-campaign/edit/10:0
[  588443ms] [WARNING] The resource https://marketing-campaign.brevo.com/6363.33adc8606dc8cc0fe9dd.js was preloaded using link preload but not used within a few seconds from the window's load event. Please make sure it has an appropriate `as` value and it is preloaded intentionally. @ https://app.brevo.com/marketing-campaign/edit/10:0
[  588443ms] [WARNING] The resource https://marketing-campaign.brevo.com/8360.966b56f953293467e129.js was preloaded using link preload but not used within a few seconds from the window's load event. Please make sure it has an appropriate `as` value and it is preloaded intentionally. @ https://app.brevo.com/marketing-campaign/edit/10:0
[  615422ms] [WARNING] The resource https://marketing-campaign.brevo.com/241.b0c3793c473f2ddca8ee.js was preloaded using link preload but not used within a few seconds from the window's load event. Please make sure it has an appropriate `as` value and it is preloaded intentionally. @ https://app.brevo.com/marketing-campaign/edit/10:0
[  615422ms] [WARNING] The resource https://marketing-campaign.brevo.com/5167.cbee2018bf55af0ec496.js was preloaded using link preload but not used within a few seconds from the window's load event. Please make sure it has an appropriate `as` value and it is preloaded intentionally. @ https://app.brevo.com/marketing-campaign/edit/10:0
[  615422ms] [WARNING] The resource https://marketing-campaign.brevo.com/8058.26f6a281b3896bfb7c34.js was preloaded using link preload but not used within a few seconds from the window's load event. Please make sure it has an appropriate `as` value and it is preloaded intentionally. @ https://app.brevo.com/marketing-campaign/edit/10:0
[  615422ms] [WARNING] The resource https://marketing-campaign.brevo.com/8040.f4942cd4466f129e5eac.js was preloaded using link preload but not used within a few seconds from the window's load event. Please make sure it has an appropriate `as` value and it is preloaded intentionally. @ https://app.brevo.com/marketing-campaign/edit/10:0
[  615422ms] [WARNING] The resource https://marketing-campaign.brevo.com/6363.33adc8606dc8cc0fe9dd.js was preloaded using link preload but not used within a few seconds from the window's load event. Please make sure it has an appropriate `as` value and it is preloaded intentionally. @ https://app.brevo.com/marketing-campaign/edit/10:0
[  615422ms] [WARNING] The resource https://marketing-campaign.brevo.com/8360.966b56f953293467e129.js was preloaded using link preload but not used within a few seconds from the window's load event. Please make sure it has an appropriate `as` value and it is preloaded intentionally. @ https://app.brevo.com/marketing-campaign/edit/10:0
[  676434ms] [WARNING] The resource https://marketing-campaign.brevo.com/241.b0c3793c473f2ddca8ee.js was preloaded using link preload but not used within a few seconds from the window's load event. Please make sure it has an appropriate `as` value and it is preloaded intentionally. @ https://app.brevo.com/marketing-campaign/edit/10:0
[  676434ms] [WARNING] The resource https://marketing-campaign.brevo.com/5167.cbee2018bf55af0ec496.js was preloaded using link preload but not used within a few seconds from the window's load event. Please make sure it has an appropriate `as` value and it is preloaded intentionally. @ https://app.brevo.com/marketing-campaign/edit/10:0
[  676434ms] [WARNING] The resource https://marketing-campaign.brevo.com/8058.26f6a281b3896bfb7c34.js was preloaded using link preload but not used within a few seconds from the window's load event. Please make sure it has an appropriate `as` value and it is preloaded intentionally. @ https://app.brevo.com/marketing-campaign/edit/10:0
[  676434ms] [WARNING] The resource https://marketing-campaign.brevo.com/8040.f4942cd4466f129e5eac.js was preloaded using link preload but not used within a few seconds from the window's load event. Please make sure it has an appropriate `as` value and it is preloaded intentionally. @ https://app.brevo.com/marketing-campaign/edit/10:0
[  676434ms] [WARNING] The resource https://marketing-campaign.brevo.com/6363.33adc8606dc8cc0fe9dd.js was preloaded using link preload but not used within a few seconds from the window's load event. Please make sure it has an appropriate `as` value and it is preloaded intentionally. @ https://app.brevo.com/marketing-campaign/edit/10:0
[  676434ms] [WARNING] The resource https://marketing-campaign.brevo.com/8360.966b56f953293467e129.js was preloaded using link preload but not used within a few seconds from the window's load event. Please make sure it has an appropriate `as` value and it is preloaded intentionally. @ https://app.brevo.com/marketing-campaign/edit/10:0
[  737432ms] [WARNING] The resource https://marketing-campaign.brevo.com/241.b0c3793c473f2ddca8ee.js was preloaded using link preload but not used within a few seconds from the window's load event. Please make sure it has an appropriate `as` value and it is preloaded intentionally. @ https://app.brevo.com/marketing-campaign/edit/10:0
[  737432ms] [WARNING] The resource https://marketing-campaign.brevo.com/5167.cbee2018bf55af0ec496.js was preloaded using link preload but not used within a few seconds from the window's load event. Please make sure it has an appropriate `as` value and it is preloaded intentionally. @ https://app.brevo.com/marketing-campaign/edit/10:0
[  737432ms] [WARNING] The resource https://marketing-campaign.brevo.com/8058.26f6a281b3896bfb7c34.js was preloaded using link preload but not used within a few seconds from the window's load event. Please make sure it has an appropriate `as` value and it is preloaded intentionally. @ https://app.brevo.com/marketing-campaign/edit/10:0
[  737432ms] [WARNING] The resource https://marketing-campaign.brevo.com/8040.f4942cd4466f129e5eac.js was preloaded using link preload but not used within a few seconds from the window's load event. Please make sure it has an appropriate `as` value and it is preloaded intentionally. @ https://app.brevo.com/marketing-campaign/edit/10:0
[  737432ms] [WARNING] The resource https://marketing-campaign.brevo.com/6363.33adc8606dc8cc0fe9dd.js was preloaded using link preload but not used within a few seconds from the window's load event. Please make sure it has an appropriate `as` value and it is preloaded intentionally. @ https://app.brevo.com/marketing-campaign/edit/10:0
[  737432ms] [WARNING] The resource https://marketing-campaign.brevo.com/8360.966b56f953293467e129.js was preloaded using link preload but not used within a few seconds from the window's load event. Please make sure it has an appropriate `as` value and it is preloaded intentionally. @ https://app.brevo.com/marketing-campaign/edit/10:0
[  798432ms] [WARNING] The resource https://marketing-campaign.brevo.com/241.b0c3793c473f2ddca8ee.js was preloaded using link preload but not used within a few seconds from the window's load event. Please make sure it has an appropriate `as` value and it is preloaded intentionally. @ https://app.brevo.com/marketing-campaign/edit/10:0
[  798432ms] [WARNING] The resource https://marketing-campaign.brevo.com/5167.cbee2018bf55af0ec496.js was preloaded using link preload but not used within a few seconds from the window's load event. Please make sure it has an appropriate `as` value and it is preloaded intentionally. @ https://app.brevo.com/marketing-campaign/edit/10:0
[  798432ms] [WARNING] The resource https://marketing-campaign.brevo.com/8058.26f6a281b3896bfb7c34.js was preloaded using link preload but not used within a few seconds from the window's load event. Please make sure it has an appropriate `as` value and it is preloaded intentionally. @ https://app.brevo.com/marketing-campaign/edit/10:0
[  798432ms] [WARNING] The resource https://marketing-campaign.brevo.com/8040.f4942cd4466f129e5eac.js was preloaded using link preload but not used within a few seconds from the window's load event. Please make sure it has an appropriate `as` value and it is preloaded intentionally. @ https://app.brevo.com/marketing-campaign/edit/10:0
[  798432ms] [WARNING] The resource https://marketing-campaign.brevo.com/6363.33adc8606dc8cc0fe9dd.js was preloaded using link preload but not used within a few seconds from the window's load event. Please make sure it has an appropriate `as` value and it is preloaded intentionally. @ https://app.brevo.com/marketing-campaign/edit/10:0
[  798432ms] [WARNING] The resource https://marketing-campaign.brevo.com/8360.966b56f953293467e129.js was preloaded using link preload but not used within a few seconds from the window's load event. Please make sure it has an appropriate `as` value and it is preloaded intentionally. @ https://app.brevo.com/marketing-campaign/edit/10:0
