[    3410ms] [ERROR] Failed to load resource: the server responded with a status of 404 () @ https://cepformacion.akademate.com/socket.io?EIO=4&transport=polling&t=1774004293651:0
[    3533ms] [ERROR] Failed to load resource: the server responded with a status of 403 () @ https://cepformacion.akademate.com/api/course-runs?where[status][equals]=published&limit=0:0
[    3554ms] [ERROR] Failed to load resource: the server responded with a status of 403 () @ https://cepformacion.akademate.com/api/course-runs?where[status][equals]=enrollment_open&limit=0:0
[    5946ms] [ERROR] Failed to load resource: the server responded with a status of 500 () @ https://cepformacion.akademate.com/api/media/file/farmacia-hero.png:0
[    5946ms] [ERROR] Failed to load resource: the server responded with a status of 500 () @ https://cepformacion.akademate.com/api/media/file/higiene-hero.png:0
[    8187ms] [ERROR] Failed to load resource: the server responded with a status of 500 () @ https://cepformacion.akademate.com/api/media/file/farmacia-hero.png:0
[    9198ms] [ERROR] Failed to load resource: the server responded with a status of 500 () @ https://cepformacion.akademate.com/api/media/file/farmacia-hero.png:0
[   46210ms] [ERROR] Failed to load resource: the server responded with a status of 500 () @ https://cepformacion.akademate.com/api/cycles/1:0
[  298158ms] [ERROR] Failed to load resource: the server responded with a status of 404 () @ https://cepformacion.akademate.com/socket.io?EIO=4&transport=polling&t=1774004588157:0
[  368775ms] [ERROR] Failed to load resource: the server responded with a status of 400 () @ https://cepformacion.akademate.com/api/feature-flags?tenantId=1:0
[  368887ms] [ERROR] Failed to load resource: the server responded with a status of 500 () @ https://cepformacion.akademate.com/api/config?section=domains&tenantId=1:0
[  383839ms] [ERROR] Failed to load resource: the server responded with a status of 404 () @ https://cepformacion.akademate.com/socket.io?EIO=4&transport=polling&t=1774004674140:0
[  413088ms] [ERROR] Failed to load resource: the server responded with a status of 400 () @ https://cepformacion.akademate.com/api/feature-flags?tenantId=1:0
[  413088ms] [ERROR] Failed to load resource: the server responded with a status of 500 () @ https://cepformacion.akademate.com/api/config?section=domains&tenantId=1:0
[  413246ms] [ERROR] Failed to load resource: the server responded with a status of 400 () @ https://cepformacion.akademate.com/api/feature-flags?tenantId=1:0
[  413318ms] [ERROR] Failed to load resource: the server responded with a status of 500 () @ https://cepformacion.akademate.com/api/config?section=domains&tenantId=1:0
[  494720ms] [ERROR] Failed to load resource: the server responded with a status of 500 () @ https://cepformacion.akademate.com/api/media/file/higiene-hero.png:0
[ 1234224ms] [ERROR] Failed to load resource: the server responded with a status of 404 () @ https://cepformacion.akademate.com/socket.io?EIO=4&transport=polling&t=1774005523904:0
[ 1856128ms] [ERROR] Failed to load resource: the server responded with a status of 404 () @ https://cepformacion.akademate.com/socket.io?EIO=4&transport=polling&t=1774006146044:0
[ 1856774ms] [ERROR] Failed to load resource: the server responded with a status of 500 () @ https://cepformacion.akademate.com/api/media/file/higiene-hero.png:0
[ 1926216ms] [ERROR] Failed to load resource: the server responded with a status of 500 () @ https://cepformacion.akademate.com/api/cycles/1:0
[ 1933695ms] [ERROR] Failed to load resource: the server responded with a status of 500 () @ https://cepformacion.akademate.com/api/media/file/higiene-hero.png:0
[ 1937219ms] [ERROR] Failed to load resource: the server responded with a status of 500 () @ https://cepformacion.akademate.com/api/media/file/higiene-hero.png:0
[ 1939982ms] [ERROR] Failed to load resource: the server responded with a status of 500 () @ https://cepformacion.akademate.com/api/media/file/higiene-hero.png:0
[ 1952306ms] [ERROR] Failed to load resource: the server responded with a status of 400 () @ https://cepformacion.akademate.com/api/cycles/2:0
[ 1953533ms] [ERROR] Failed to load resource: the server responded with a status of 400 () @ https://cepformacion.akademate.com/api/cycles/2:0
[ 1955008ms] [ERROR] Failed to load resource: the server responded with a status of 500 () @ https://cepformacion.akademate.com/api/media/file/higiene-hero.png:0
[ 1959885ms] [ERROR] Failed to load resource: the server responded with a status of 500 () @ https://cepformacion.akademate.com/api/media/file/higiene-hero.png:0
[ 1964606ms] [ERROR] Failed to load resource: the server responded with a status of 400 () @ https://cepformacion.akademate.com/api/cycles/2:0
[ 1965785ms] [ERROR] Failed to load resource: the server responded with a status of 400 () @ https://cepformacion.akademate.com/api/cycles/2:0
[ 1967865ms] [ERROR] Failed to load resource: the server responded with a status of 500 () @ https://cepformacion.akademate.com/api/media/file/higiene-hero.png:0
[ 2059886ms] [ERROR] Failed to load resource: the server responded with a status of 500 () @ https://cepformacion.akademate.com/api/media/file/higiene-hero.png:0
[ 2193660ms] [ERROR] Failed to load resource: the server responded with a status of 403 () @ https://cepformacion.akademate.com/api/course-runs?where[status][equals]=enrollment_open&limit=0:0
[ 2193660ms] [ERROR] Failed to load resource: the server responded with a status of 403 () @ https://cepformacion.akademate.com/api/course-runs?where[status][equals]=published&limit=0:0
[ 2196554ms] [ERROR] Failed to load resource: the server responded with a status of 500 () @ https://cepformacion.akademate.com/api/media/file/higiene-hero.png:0
[ 2199332ms] [ERROR] Failed to load resource: the server responded with a status of 403 () @ https://cepformacion.akademate.com/api/course-runs?where[status][equals]=published&limit=0:0
[ 2199335ms] [ERROR] Failed to load resource: the server responded with a status of 403 () @ https://cepformacion.akademate.com/api/course-runs?where[status][equals]=enrollment_open&limit=0:0
[ 2200257ms] [ERROR] Failed to load resource: the server responded with a status of 500 () @ https://cepformacion.akademate.com/api/media/file/higiene-hero.png:0
[ 2273294ms] [ERROR] Failed to load resource: the server responded with a status of 500 () @ https://cepformacion.akademate.com/api/media/file/higiene-hero.png:0
[ 2275200ms] [ERROR] Failed to load resource: the server responded with a status of 403 () @ https://cepformacion.akademate.com/api/course-runs?where[campus][equals]=1&depth=1&limit=50&sort=-start_date:0
[ 2283859ms] [ERROR] Failed to load resource: the server responded with a status of 403 () @ https://cepformacion.akademate.com/api/course-runs?where[campus][equals]=1&depth=1&limit=50&sort=-start_date:0
[ 3168652ms] [ERROR] Failed to load resource: the server responded with a status of 403 () @ https://cepformacion.akademate.com/api/course-runs?where[campus][equals]=1&depth=1&limit=50&sort=-start_date:0
[ 3168754ms] [ERROR] Failed to load resource: the server responded with a status of 404 () @ https://cepformacion.akademate.com/socket.io?EIO=4&transport=polling&t=1774007458736:0
[ 3168778ms] [ERROR] Failed to load resource: the server responded with a status of 403 () @ https://cepformacion.akademate.com/api/course-runs?where[campus][equals]=1&depth=1&limit=50&sort=-start_date:0
[ 3181030ms] [ERROR] Failed to load resource: the server responded with a status of 403 () @ https://cepformacion.akademate.com/api/course-runs?where[campus][equals]=1&depth=1&limit=50&sort=-start_date:0
[ 3183174ms] [ERROR] Failed to load resource: the server responded with a status of 500 () @ https://cepformacion.akademate.com/api/media/file/higiene-hero.png:0
[ 3185794ms] [ERROR] Failed to load resource: the server responded with a status of 500 () @ https://cepformacion.akademate.com/api/media/file/higiene-hero.png:0
[ 3189375ms] [ERROR] Failed to load resource: the server responded with a status of 500 () @ https://cepformacion.akademate.com/api/media/file/higiene-hero.png:0
[ 3204141ms] [ERROR] Failed to load resource: the server responded with a status of 500 () @ https://cepformacion.akademate.com/api/cycles/2:0
[ 3351459ms] [ERROR] Failed to load resource: the server responded with a status of 403 () @ https://cepformacion.akademate.com/api/course-runs?where[campus][equals]=1&depth=1&limit=50&sort=-start_date:0
[ 4101985ms] [ERROR] Failed to load resource: the server responded with a status of 404 () @ https://cepformacion.akademate.com/socket.io?EIO=4&transport=polling&t=1774008391834:0
[ 4104859ms] [ERROR] Failed to load resource: the server responded with a status of 403 () @ https://cepformacion.akademate.com/api/course-runs?where[campus][equals]=1&depth=1&limit=50&sort=-start_date:0
[ 4110825ms] [ERROR] Failed to load resource: the server responded with a status of 403 () @ https://cepformacion.akademate.com/api/course-runs?where[campus][equals]=1&depth=1&limit=50&sort=-start_date:0
[ 4115488ms] [ERROR] Failed to load resource: the server responded with a status of 404 () @ https://cepformacion.akademate.com/socket.io?EIO=4&transport=polling&t=1774008405397:0
[ 4122414ms] [ERROR] Failed to load resource: the server responded with a status of 403 () @ https://cepformacion.akademate.com/api/course-runs?where[status][equals]=published&limit=0:0
[ 4122470ms] [ERROR] Failed to load resource: the server responded with a status of 403 () @ https://cepformacion.akademate.com/api/course-runs?where[status][equals]=enrollment_open&limit=0:0
[ 4122651ms] [ERROR] Failed to load resource: the server responded with a status of 404 () @ https://cepformacion.akademate.com/socket.io?EIO=4&transport=polling&t=1774008412906:0
[ 4126361ms] [ERROR] Failed to load resource: the server responded with a status of 403 () @ https://cepformacion.akademate.com/api/course-runs?where[campus][equals]=2&depth=1&limit=50&sort=-start_date:0
[ 4139032ms] [ERROR] Failed to load resource: the server responded with a status of 403 () @ https://cepformacion.akademate.com/api/course-runs?where[status][equals]=published&limit=0:0
[ 4139223ms] [ERROR] Failed to load resource: the server responded with a status of 403 () @ https://cepformacion.akademate.com/api/course-runs?where[status][equals]=enrollment_open&limit=0:0
[ 4169236ms] [ERROR] Failed to load resource: the server responded with a status of 403 () @ https://cepformacion.akademate.com/api/course-runs?where[campus][equals]=2&depth=1&limit=50&sort=-start_date:0
[ 5331842ms] [ERROR] Failed to load resource: the server responded with a status of 404 () @ https://cepformacion.akademate.com/socket.io?EIO=4&transport=polling&t=1774009621261:0
[ 5333910ms] [ERROR] Failed to load resource: the server responded with a status of 403 () @ https://cepformacion.akademate.com/api/course-runs?where[campus][equals]=2&depth=1&limit=50&sort=-start_date:0
[ 6338810ms] [ERROR] Failed to load resource: the server responded with a status of 404 () @ https://cepformacion.akademate.com/socket.io?EIO=4&transport=polling&t=1774010628505:0
[ 6720095ms] [ERROR] Failed to load resource: the server responded with a status of 403 () @ https://cepformacion.akademate.com/api/campaigns?limit=50&sort=-createdAt:0
[ 6720143ms] [ERROR] Failed to load resource: the server responded with a status of 404 () @ https://cepformacion.akademate.com/socket.io?EIO=4&transport=polling&t=1774011009884:0
[ 6720183ms] [ERROR] Failed to load resource: the server responded with a status of 403 () @ https://cepformacion.akademate.com/api/campaigns?limit=50&sort=-createdAt:0
[ 7170278ms] [WARNING] The resource https://cepformacion.akademate.com/_next/static/css/caa68300f786bac6.css was preloaded using link preload but not used within a few seconds from the window's load event. Please make sure it has an appropriate `as` value and it is preloaded intentionally. @ https://cepformacion.akademate.com/programacion/nueva?ciclo=1:0
[ 7433439ms] [WARNING] The resource https://cepformacion.akademate.com/_next/static/css/caa68300f786bac6.css was preloaded using link preload but not used within a few seconds from the window's load event. Please make sure it has an appropriate `as` value and it is preloaded intentionally. @ https://cepformacion.akademate.com/programacion/nueva?ciclo=1:0
[ 7845787ms] [ERROR] Failed to load resource: the server responded with a status of 404 () @ https://cepformacion.akademate.com/socket.io?EIO=4&transport=polling&t=1774012135826:0
