[     118ms] [ERROR] TypeError: Failed to fetch
    at https://dash.cloudflare.com/cf-3ee395b76fca1067.js:3:117509
    at async c (https://dash.cloudflare.com/cf-8adfde8aef065ffd.js:3:28699) @ https://dash.cloudflare.com/cf-b9849d3b09d1015c.js:2
[     118ms] [ERROR] TypeError: Failed to fetch
    at https://dash.cloudflare.com/cf-3ee395b76fca1067.js:3:117509 @ https://dash.cloudflare.com/cf-b9849d3b09d1015c.js:2
[    1644ms] [ERROR] Failed to load resource: the server responded with a status of 500 () @ https://dash.cloudflare.com/api/v4/zones?account.id=b679e7b77f6c4e69984e0a168a4d5c19&order=name&direction=asc&per_page=1&type=full%2Cpartial%2Csecondary:0
[    1689ms] [ERROR] Failed to load resource: the server responded with a status of 403 () @ https://dash.cloudflare.com/api/v4/accounts/b679e7b77f6c4e69984e0a168a4d5c19:0
[    1716ms] Object
[    1731ms] [ERROR] Failed to load resource: the server responded with a status of 403 () @ https://dash.cloudflare.com/api/v4/accounts/b679e7b77f6c4e69984e0a168a4d5c19/organizations:0
[    1976ms] [ERROR] Failed to load resource: the server responded with a status of 403 () @ https://dash.cloudflare.com/api/v4/accounts/b679e7b77f6c4e69984e0a168a4d5c19/billing/accounts:0
[    1987ms] Object
[    1988ms] [ERROR] Failed to load resource: the server responded with a status of 403 () @ https://dash.cloudflare.com/api/v4/accounts/b679e7b77f6c4e69984e0a168a4d5c19/iam/permission_groups?depth=2&permissions=true&limit=500:0
[    2059ms] [ERROR] Failed to load resource: the server responded with a status of 403 () @ https://dash.cloudflare.com/api/v4/accounts/b679e7b77f6c4e69984e0a168a4d5c19/entitlements:0
[    2070ms] Object
[    2070ms] [ERROR] Failed to load resource: the server responded with a status of 403 () @ https://dash.cloudflare.com/api/v4/accounts/b679e7b77f6c4e69984e0a168a4d5c19/access/organizations:0
[    3251ms] [ERROR] error loading authz policy data, displayed UI may not reflect actual policies @ https://dash.cloudflare.com/cf-b9849d3b09d1015c.js:2
[    3252ms] [ERROR] error loading authz policy data, displayed UI may not reflect actual policies @ https://dash.cloudflare.com/cf-b9849d3b09d1015c.js:2
[    3253ms] [ERROR] error loading authz policy data, displayed UI may not reflect actual policies @ https://dash.cloudflare.com/cf-b9849d3b09d1015c.js:2
[    3253ms] [ERROR] error loading authz policy data, displayed UI may not reflect actual policies @ https://dash.cloudflare.com/cf-b9849d3b09d1015c.js:2
[    3253ms] [ERROR] error loading authz policy data, displayed UI may not reflect actual policies @ https://dash.cloudflare.com/cf-b9849d3b09d1015c.js:2
[    3254ms] [ERROR] error loading authz policy data, displayed UI may not reflect actual policies @ https://dash.cloudflare.com/cf-b9849d3b09d1015c.js:2
[    3254ms] [ERROR] error loading authz policy data, displayed UI may not reflect actual policies @ https://dash.cloudflare.com/cf-b9849d3b09d1015c.js:2
[    3254ms] [ERROR] error loading authz policy data, displayed UI may not reflect actual policies @ https://dash.cloudflare.com/cf-b9849d3b09d1015c.js:2
[    3254ms] [ERROR] error loading authz policy data, displayed UI may not reflect actual policies @ https://dash.cloudflare.com/cf-b9849d3b09d1015c.js:2
[    3256ms] [ERROR] error loading authz policy data, displayed UI may not reflect actual policies @ https://dash.cloudflare.com/cf-b9849d3b09d1015c.js:2
[    3256ms] [ERROR] error loading authz policy data, displayed UI may not reflect actual policies @ https://dash.cloudflare.com/cf-b9849d3b09d1015c.js:2
[    3257ms] [ERROR] error loading authz policy data, displayed UI may not reflect actual policies @ https://dash.cloudflare.com/cf-b9849d3b09d1015c.js:2
[    3262ms] [ERROR] error loading authz policy data, displayed UI may not reflect actual policies @ https://dash.cloudflare.com/cf-b9849d3b09d1015c.js:2
[    3262ms] [ERROR] error loading authz policy data, displayed UI may not reflect actual policies @ https://dash.cloudflare.com/cf-b9849d3b09d1015c.js:2
[    3262ms] [ERROR] error loading authz policy data, displayed UI may not reflect actual policies @ https://dash.cloudflare.com/cf-b9849d3b09d1015c.js:2
[    3262ms] [ERROR] error loading authz policy data, displayed UI may not reflect actual policies @ https://dash.cloudflare.com/cf-b9849d3b09d1015c.js:2
[    3262ms] [ERROR] error loading authz policy data, displayed UI may not reflect actual policies @ https://dash.cloudflare.com/cf-b9849d3b09d1015c.js:2
[    3262ms] [ERROR] error loading authz policy data, displayed UI may not reflect actual policies @ https://dash.cloudflare.com/cf-b9849d3b09d1015c.js:2
[    3263ms] [ERROR] error loading authz policy data, displayed UI may not reflect actual policies @ https://dash.cloudflare.com/cf-b9849d3b09d1015c.js:2
[    3263ms] [ERROR] error loading authz policy data, displayed UI may not reflect actual policies @ https://dash.cloudflare.com/cf-b9849d3b09d1015c.js:2
[    7271ms] [ERROR] Failed to load resource: the server responded with a status of 500 () @ https://dash.cloudflare.com/api/v4/zones?account.id=b679e7b77f6c4e69984e0a168a4d5c19&order=name&direction=asc&per_page=1&type=full%2Cpartial%2Csecondary:0
[   12358ms] [ERROR] Failed to load resource: the server responded with a status of 403 () @ https://dash.cloudflare.com/api/v4/accounts/b679e7b77f6c4e69984e0a168a4d5c19/organizations:0
[   12361ms] [ERROR] error loading authz policy data, displayed UI may not reflect actual policies @ https://dash.cloudflare.com/cf-b9849d3b09d1015c.js:2
[   12361ms] [ERROR] error loading authz policy data, displayed UI may not reflect actual policies @ https://dash.cloudflare.com/cf-b9849d3b09d1015c.js:2
[   12367ms] [ERROR] error loading authz policy data, displayed UI may not reflect actual policies @ https://dash.cloudflare.com/cf-b9849d3b09d1015c.js:2
[   12367ms] [ERROR] error loading authz policy data, displayed UI may not reflect actual policies @ https://dash.cloudflare.com/cf-b9849d3b09d1015c.js:2
[   12367ms] [ERROR] error loading authz policy data, displayed UI may not reflect actual policies @ https://dash.cloudflare.com/cf-b9849d3b09d1015c.js:2
[   12367ms] [ERROR] error loading authz policy data, displayed UI may not reflect actual policies @ https://dash.cloudflare.com/cf-b9849d3b09d1015c.js:2
[   12367ms] [ERROR] error loading authz policy data, displayed UI may not reflect actual policies @ https://dash.cloudflare.com/cf-b9849d3b09d1015c.js:2
[   12367ms] [ERROR] error loading authz policy data, displayed UI may not reflect actual policies @ https://dash.cloudflare.com/cf-b9849d3b09d1015c.js:2
[   12367ms] [ERROR] error loading authz policy data, displayed UI may not reflect actual policies @ https://dash.cloudflare.com/cf-b9849d3b09d1015c.js:2
[   12367ms] [ERROR] error loading authz policy data, displayed UI may not reflect actual policies @ https://dash.cloudflare.com/cf-b9849d3b09d1015c.js:2
[   12624ms] [ERROR] Failed to load resource: the server responded with a status of 403 () @ https://dash.cloudflare.com/api/v4/accounts/b679e7b77f6c4e69984e0a168a4d5c19/iam/permission_groups?depth=2&permissions=true&limit=500:0
[   17603ms] [ERROR] Failed to load resource: the server responded with a status of 500 () @ https://dash.cloudflare.com/api/v4/zones?account.id=b679e7b77f6c4e69984e0a168a4d5c19&order=name&direction=asc&per_page=1&type=full%2Cpartial%2Csecondary:0
