[   26512ms] [ERROR] Failed to load resource: the server responded with a status of 403 () @ https://cepformacion.akademate.com/api/course-runs?where[status][equals]=enrollment_open&limit=0:0
[   26605ms] [ERROR] Failed to load resource: the server responded with a status of 404 () @ https://cepformacion.akademate.com/socket.io?EIO=4&transport=polling&t=1773994720424:0
[   26706ms] [ERROR] Failed to load resource: the server responded with a status of 403 () @ https://cepformacion.akademate.com/api/course-runs?where[status][equals]=published&limit=0:0
[ 3177510ms] [ERROR] Failed to load resource: the server responded with a status of 500 () @ https://cepformacion.akademate.com/api/media/file/farmacia-hero.png:0
[ 3177516ms] [ERROR] Failed to load resource: the server responded with a status of 500 () @ https://cepformacion.akademate.com/api/media/file/higiene-hero.png:0
[ 3279874ms] [ERROR] Failed to load resource: the server responded with a status of 500 () @ https://cepformacion.akademate.com/api/media/file/farmacia-hero.png:0
[ 3279874ms] [ERROR] Failed to load resource: the server responded with a status of 500 () @ https://cepformacion.akademate.com/api/media/file/higiene-hero.png:0
[ 3281956ms] [ERROR] Failed to load resource: the server responded with a status of 403 () @ https://cepformacion.akademate.com/api/course-runs?where[campus][equals]=1&depth=1&limit=50&sort=-start_date:0
[ 3293250ms] [ERROR] Failed to load resource: the server responded with a status of 403 () @ https://cepformacion.akademate.com/api/course-runs?where[campus][equals]=2&depth=1&limit=50&sort=-start_date:0
[ 3295753ms] [ERROR] Failed to load resource: the server responded with a status of 500 () @ https://cepformacion.akademate.com/api/media/file/farmacia-hero.png:0
[ 3295753ms] [ERROR] Failed to load resource: the server responded with a status of 500 () @ https://cepformacion.akademate.com/api/media/file/higiene-hero.png:0
[ 3297817ms] [ERROR] Failed to load resource: the server responded with a status of 500 () @ https://cepformacion.akademate.com/api/media/file/farmacia-hero.png:0
[ 3379652ms] [ERROR] Failed to load resource: the server responded with a status of 403 () @ https://cepformacion.akademate.com/api/course-runs?where[campus][equals]=1&depth=1&limit=50&sort=-start_date:0
[ 3488631ms] [ERROR] Failed to load resource: the server responded with a status of 403 () @ https://cepformacion.akademate.com/api/course-runs?where[campus][equals]=1&depth=1&limit=50&sort=-start_date:0
[ 3501680ms] [ERROR] Failed to load resource: the server responded with a status of 403 () @ https://cepformacion.akademate.com/api/course-runs?where[status][equals]=enrollment_open&limit=0:0
[ 3501690ms] [ERROR] Failed to load resource: the server responded with a status of 403 () @ https://cepformacion.akademate.com/api/course-runs?where[status][equals]=published&limit=0:0
[ 3505300ms] [ERROR] Failed to load resource: the server responded with a status of 403 () @ https://cepformacion.akademate.com/api/campaigns?limit=50&sort=-createdAt:0
[ 3523073ms] [ERROR] Failed to load resource: the server responded with a status of 500 () @ https://cepformacion.akademate.com/api/media/file/higiene-hero.png:0
[ 3523073ms] [ERROR] Failed to load resource: the server responded with a status of 500 () @ https://cepformacion.akademate.com/api/media/file/farmacia-hero.png:0
[ 3538296ms] [ERROR] Failed to load resource: the server responded with a status of 500 () @ https://cepformacion.akademate.com/api/media/file/farmacia-hero.png:0
[ 3538296ms] [ERROR] Failed to load resource: the server responded with a status of 500 () @ https://cepformacion.akademate.com/api/media/file/higiene-hero.png:0
[ 3546242ms] [WARNING] The width(-1) and height(-1) of chart should be greater than 0,
       please check the style of container, or the props width(100%) and height(100%),
       or add a minWidth(0) or minHeight(undefined) or use aspect(undefined) to control the
       height and width. @ https://cepformacion.akademate.com/_next/static/chunks/2563-335ab545788dec61.js:0
[ 3555017ms] [ERROR] Failed to load resource: the server responded with a status of 400 () @ https://cepformacion.akademate.com/api/feature-flags?tenantId=1:0
[ 3555170ms] [ERROR] Failed to load resource: the server responded with a status of 500 () @ https://cepformacion.akademate.com/api/config?section=domains&tenantId=1:0
[ 3584710ms] [ERROR] Failed to load resource: the server responded with a status of 400 () @ https://cepformacion.akademate.com/api/feature-flags?tenantId=1:0
[ 3584711ms] [ERROR] Failed to load resource: the server responded with a status of 400 () @ https://cepformacion.akademate.com/api/feature-flags?tenantId=1:0
[ 3584852ms] [ERROR] Failed to load resource: the server responded with a status of 400 () @ https://cepformacion.akademate.com/api/feature-flags?tenantId=1:0
[ 3584951ms] [ERROR] Failed to load resource: the server responded with a status of 400 () @ https://cepformacion.akademate.com/api/feature-flags?tenantId=1:0
[ 3585100ms] [ERROR] Failed to load resource: the server responded with a status of 404 () @ https://cepformacion.akademate.com/socket.io?EIO=4&transport=polling&t=1773998279028:0
[ 3587539ms] [ERROR] Failed to load resource: the server responded with a status of 400 () @ https://cepformacion.akademate.com/api/feature-flags?tenantId=1:0
[ 3587665ms] [ERROR] Failed to load resource: the server responded with a status of 400 () @ https://cepformacion.akademate.com/api/feature-flags?tenantId=1:0
[ 3589561ms] [ERROR] Failed to load resource: the server responded with a status of 403 () @ https://cepformacion.akademate.com/api/course-runs?where[status][equals]=published&limit=0:0
[ 3589586ms] [ERROR] Failed to load resource: the server responded with a status of 403 () @ https://cepformacion.akademate.com/api/course-runs?where[status][equals]=enrollment_open&limit=0:0
[ 3600751ms] [ERROR] Failed to load resource: the server responded with a status of 403 () @ https://cepformacion.akademate.com/api/course-runs?where[status][equals]=enrollment_open&limit=0:0
[ 3600798ms] [ERROR] Failed to load resource: the server responded with a status of 403 () @ https://cepformacion.akademate.com/api/course-runs?where[status][equals]=published&limit=0:0
[ 3606058ms] [ERROR] Failed to load resource: the server responded with a status of 403 () @ https://cepformacion.akademate.com/api/course-runs?where[status][equals]=enrollment_open&limit=0:0
[ 3606064ms] [ERROR] Failed to load resource: the server responded with a status of 403 () @ https://cepformacion.akademate.com/api/course-runs?where[status][equals]=published&limit=0:0
[ 3607468ms] [ERROR] Failed to load resource: the server responded with a status of 500 () @ https://cepformacion.akademate.com/api/media/file/higiene-hero.png:0
[ 3607468ms] [ERROR] Failed to load resource: the server responded with a status of 500 () @ https://cepformacion.akademate.com/api/media/file/farmacia-hero.png:0
[ 3608687ms] [ERROR] Failed to load resource: the server responded with a status of 403 () @ https://cepformacion.akademate.com/api/course-runs?where[status][equals]=enrollment_open&limit=0:0
[ 3608693ms] [ERROR] Failed to load resource: the server responded with a status of 403 () @ https://cepformacion.akademate.com/api/course-runs?where[status][equals]=published&limit=0:0
[ 4806625ms] [ERROR] Failed to load resource: the server responded with a status of 403 () @ https://cepformacion.akademate.com/api/course-runs?where[status][equals]=published&limit=0:0
[ 4806777ms] [ERROR] Failed to load resource: the server responded with a status of 403 () @ https://cepformacion.akademate.com/api/course-runs?where[status][equals]=enrollment_open&limit=0:0
[ 4807349ms] [ERROR] Failed to load resource: the server responded with a status of 403 () @ https://cepformacion.akademate.com/api/course-runs?where[status][equals]=enrollment_open&limit=0:0
[ 4807396ms] [ERROR] Failed to load resource: the server responded with a status of 403 () @ https://cepformacion.akademate.com/api/course-runs?where[status][equals]=published&limit=0:0
[ 4807506ms] [ERROR] Failed to load resource: the server responded with a status of 404 () @ https://cepformacion.akademate.com/socket.io?EIO=4&transport=polling&t=1773999500699:0
[ 4815827ms] [ERROR] Failed to load resource: the server responded with a status of 403 () @ https://cepformacion.akademate.com/api/course-runs?where[campus][equals]=1&depth=1&limit=50&sort=-start_date:0
[ 4827118ms] [ERROR] Failed to load resource: the server responded with a status of 500 () @ https://cepformacion.akademate.com/api/media/file/higiene-hero.png:0
[ 4827119ms] [ERROR] Failed to load resource: the server responded with a status of 500 () @ https://cepformacion.akademate.com/api/media/file/farmacia-hero.png:0
[ 4828650ms] [ERROR] Failed to load resource: the server responded with a status of 500 () @ https://cepformacion.akademate.com/api/media/file/farmacia-hero.png:0
[ 4830261ms] [ERROR] Failed to load resource: the server responded with a status of 500 () @ https://cepformacion.akademate.com/api/media/file/farmacia-hero.png:0
[ 4896092ms] [ERROR] Failed to load resource: the server responded with a status of 500 () @ https://cepformacion.akademate.com/api/media/file/farmacia-hero.png:0
[ 4976992ms] [ERROR] Failed to load resource: the server responded with a status of 403 () @ https://cepformacion.akademate.com/api/course-runs?where[status][equals]=enrollment_open&limit=0:0
[ 4977145ms] [ERROR] Failed to load resource: the server responded with a status of 403 () @ https://cepformacion.akademate.com/api/course-runs?where[status][equals]=published&limit=0:0
[ 4998132ms] [ERROR] Failed to load resource: the server responded with a status of 403 () @ https://cepformacion.akademate.com/api/course-runs?where[campus][equals]=2&depth=1&limit=50&sort=-start_date:0
[ 4999157ms] [ERROR] Failed to load resource: the server responded with a status of 403 () @ https://cepformacion.akademate.com/api/course-runs?where[campus][equals]=1&depth=1&limit=50&sort=-start_date:0
[ 5004121ms] [ERROR] Failed to load resource: the server responded with a status of 403 () @ https://cepformacion.akademate.com/api/course-runs?where[campus][equals]=1&depth=1&limit=50&sort=-start_date:0
[ 5004207ms] [ERROR] Failed to load resource: the server responded with a status of 403 () @ https://cepformacion.akademate.com/api/course-runs?where[campus][equals]=1&depth=1&limit=50&sort=-start_date:0
[ 5004305ms] [ERROR] Failed to load resource: the server responded with a status of 404 () @ https://cepformacion.akademate.com/socket.io?EIO=4&transport=polling&t=1773999698292:0
[ 5010820ms] [ERROR] Failed to load resource: the server responded with a status of 500 () @ https://cepformacion.akademate.com/api/media/file/higiene-hero.png:0
[ 5010820ms] [ERROR] Failed to load resource: the server responded with a status of 500 () @ https://cepformacion.akademate.com/api/media/file/farmacia-hero.png:0
[ 5013472ms] [ERROR] Failed to load resource: the server responded with a status of 500 () @ https://cepformacion.akademate.com/api/media/file/farmacia-hero.png:0
[ 5016337ms] [ERROR] Failed to load resource: the server responded with a status of 500 () @ https://cepformacion.akademate.com/api/media/file/farmacia-hero.png:0
[ 5016337ms] [ERROR] Failed to load resource: the server responded with a status of 500 () @ https://cepformacion.akademate.com/api/media/file/higiene-hero.png:0
[ 5021793ms] [ERROR] Failed to load resource: the server responded with a status of 500 () @ https://cepformacion.akademate.com/api/media/file/farmacia-hero.png:0
[ 5196281ms] [ERROR] Failed to load resource: the server responded with a status of 500 () @ https://cepformacion.akademate.com/api/media/file/farmacia-hero.png:0
[ 5196282ms] [ERROR] Failed to load resource: the server responded with a status of 500 () @ https://cepformacion.akademate.com/api/media/file/higiene-hero.png:0
[ 5197849ms] [ERROR] Failed to load resource: the server responded with a status of 500 () @ https://cepformacion.akademate.com/api/media/file/farmacia-hero.png:0
[ 5200347ms] [ERROR] Failed to load resource: the server responded with a status of 500 () @ https://cepformacion.akademate.com/api/media/file/farmacia-hero.png:0
[ 5210755ms] [ERROR] Failed to load resource: the server responded with a status of 500 () @ https://cepformacion.akademate.com/api/cycles/1:0
[ 5213636ms] [ERROR] Failed to load resource: the server responded with a status of 500 () @ https://cepformacion.akademate.com/api/media/file/farmacia-hero.png:0
