[    1043ms] [ERROR] Coolify could not connect to its real-time service. This will cause unusual problems on the UI if not fixed! Please check the related documentation (https://coolify.io/docs/knowledge-base/cloudflare/tunnels/overview) or get help on Discord (https://coollabs.io/discord).) @ :27
[    3043ms] [ERROR] Coolify could not connect to its real-time service. This will cause unusual problems on the UI if not fixed! Please check the related documentation (https://coolify.io/docs/knowledge-base/cloudflare/tunnels/overview) or get help on Discord (https://coollabs.io/discord).) @ :27
[    5042ms] [ERROR] Coolify could not connect to its real-time service. This will cause unusual problems on the UI if not fixed! Please check the related documentation (https://coolify.io/docs/knowledge-base/cloudflare/tunnels/overview) or get help on Discord (https://coollabs.io/discord).) @ :27
[    6506ms] [ERROR] WebSocket connection to 'ws://soketi:6001/app/0eb10a24c9fe3c3ccdcf073d0f826406?protocol=7&client=js&version=8.3.0&flash=false' failed: Error in connection establishment: net::ERR_NAME_NOT_RESOLVED @ http://100.99.60.106:8000/js/pusher.js:8
[    8504ms] [ERROR] WebSocket connection to 'wss://soketi:6001/app/0eb10a24c9fe3c3ccdcf073d0f826406?protocol=7&client=js&version=8.3.0&flash=false' failed: Error in connection establishment: net::ERR_NAME_NOT_RESOLVED @ http://100.99.60.106:8000/js/pusher.js:8
[   16630ms] [ERROR] Coolify could not connect to its real-time service. This will cause unusual problems on the UI if not fixed! Please check the related documentation (https://coolify.io/docs/knowledge-base/cloudflare/tunnels/overview) or get help on Discord (https://coollabs.io/discord).) @ :27
[   18630ms] [ERROR] Coolify could not connect to its real-time service. This will cause unusual problems on the UI if not fixed! Please check the related documentation (https://coolify.io/docs/knowledge-base/cloudflare/tunnels/overview) or get help on Discord (https://coollabs.io/discord).) @ :27
[   20629ms] [ERROR] Coolify could not connect to its real-time service. This will cause unusual problems on the UI if not fixed! Please check the related documentation (https://coolify.io/docs/knowledge-base/cloudflare/tunnels/overview) or get help on Discord (https://coollabs.io/discord).) @ :27
[   21548ms] [ERROR] WebSocket connection to 'ws://soketi:6001/app/0eb10a24c9fe3c3ccdcf073d0f826406?protocol=7&client=js&version=8.3.0&flash=false' failed: Error in connection establishment: net::ERR_NAME_NOT_RESOLVED @ http://100.99.60.106:8000/js/pusher.js:8
[   22630ms] [ERROR] Coolify could not connect to its real-time service. This will cause unusual problems on the UI if not fixed! Please check the related documentation (https://coolify.io/docs/knowledge-base/cloudflare/tunnels/overview) or get help on Discord (https://coollabs.io/discord).) @ :27
[   23573ms] [ERROR] WebSocket connection to 'wss://soketi:6001/app/0eb10a24c9fe3c3ccdcf073d0f826406?protocol=7&client=js&version=8.3.0&flash=false' failed: Error in connection establishment: net::ERR_NAME_NOT_RESOLVED @ http://100.99.60.106:8000/js/pusher.js:8
[   24629ms] [ERROR] Coolify could not connect to its real-time service. This will cause unusual problems on the UI if not fixed! Please check the related documentation (https://coolify.io/docs/knowledge-base/cloudflare/tunnels/overview) or get help on Discord (https://coollabs.io/discord).) @ :27
[   26630ms] [ERROR] Coolify could not connect to its real-time service. This will cause unusual problems on the UI if not fixed! Please check the related documentation (https://coolify.io/docs/knowledge-base/cloudflare/tunnels/overview) or get help on Discord (https://coollabs.io/discord).) @ :27
[   28630ms] [ERROR] Coolify could not connect to its real-time service. This will cause unusual problems on the UI if not fixed! Please check the related documentation (https://coolify.io/docs/knowledge-base/cloudflare/tunnels/overview) or get help on Discord (https://coollabs.io/discord).) @ :27
[   30630ms] [ERROR] Coolify could not connect to its real-time service. This will cause unusual problems on the UI if not fixed! Please check the related documentation (https://coolify.io/docs/knowledge-base/cloudflare/tunnels/overview) or get help on Discord (https://coollabs.io/discord).) @ :27
[   32630ms] [ERROR] Coolify could not connect to its real-time service. This will cause unusual problems on the UI if not fixed! Please check the related documentation (https://coolify.io/docs/knowledge-base/cloudflare/tunnels/overview) or get help on Discord (https://coollabs.io/discord).) @ :27
[   34630ms] [ERROR] Coolify could not connect to its real-time service. This will cause unusual problems on the UI if not fixed! Please check the related documentation (https://coolify.io/docs/knowledge-base/cloudflare/tunnels/overview) or get help on Discord (https://coollabs.io/discord).) @ :27
[   36629ms] [ERROR] Coolify could not connect to its real-time service. This will cause unusual problems on the UI if not fixed! Please check the related documentation (https://coolify.io/docs/knowledge-base/cloudflare/tunnels/overview) or get help on Discord (https://coollabs.io/discord).) @ :27
[   38629ms] [ERROR] Coolify could not connect to its real-time service. This will cause unusual problems on the UI if not fixed! Please check the related documentation (https://coolify.io/docs/knowledge-base/cloudflare/tunnels/overview) or get help on Discord (https://coollabs.io/discord).) @ :27
[   40629ms] [ERROR] Coolify could not connect to its real-time service. This will cause unusual problems on the UI if not fixed! Please check the related documentation (https://coolify.io/docs/knowledge-base/cloudflare/tunnels/overview) or get help on Discord (https://coollabs.io/discord).) @ :27
[   42629ms] [ERROR] Coolify could not connect to its real-time service. This will cause unusual problems on the UI if not fixed! Please check the related documentation (https://coolify.io/docs/knowledge-base/cloudflare/tunnels/overview) or get help on Discord (https://coollabs.io/discord).) @ :27
[   44630ms] [ERROR] Coolify could not connect to its real-time service. This will cause unusual problems on the UI if not fixed! Please check the related documentation (https://coolify.io/docs/knowledge-base/cloudflare/tunnels/overview) or get help on Discord (https://coollabs.io/discord).) @ :27
[   46630ms] [ERROR] Coolify could not connect to its real-time service. This will cause unusual problems on the UI if not fixed! Please check the related documentation (https://coolify.io/docs/knowledge-base/cloudflare/tunnels/overview) or get help on Discord (https://coollabs.io/discord).) @ :27
[   48630ms] [ERROR] Coolify could not connect to its real-time service. This will cause unusual problems on the UI if not fixed! Please check the related documentation (https://coolify.io/docs/knowledge-base/cloudflare/tunnels/overview) or get help on Discord (https://coollabs.io/discord).) @ :27
[   50630ms] [ERROR] Coolify could not connect to its real-time service. This will cause unusual problems on the UI if not fixed! Please check the related documentation (https://coolify.io/docs/knowledge-base/cloudflare/tunnels/overview) or get help on Discord (https://coollabs.io/discord).) @ :27
[   51643ms] [ERROR] WebSocket connection to 'ws://soketi:6001/app/0eb10a24c9fe3c3ccdcf073d0f826406?protocol=7&client=js&version=8.3.0&flash=false' failed: Error in connection establishment: net::ERR_NAME_NOT_RESOLVED @ http://100.99.60.106:8000/js/pusher.js:8
[   52630ms] [ERROR] Coolify could not connect to its real-time service. This will cause unusual problems on the UI if not fixed! Please check the related documentation (https://coolify.io/docs/knowledge-base/cloudflare/tunnels/overview) or get help on Discord (https://coollabs.io/discord).) @ :27
[   54046ms] [ERROR] WebSocket connection to 'wss://soketi:6001/app/0eb10a24c9fe3c3ccdcf073d0f826406?protocol=7&client=js&version=8.3.0&flash=false' failed: Error in connection establishment: net::ERR_NAME_NOT_RESOLVED @ http://100.99.60.106:8000/js/pusher.js:8
[   54629ms] [ERROR] Coolify could not connect to its real-time service. This will cause unusual problems on the UI if not fixed! Please check the related documentation (https://coolify.io/docs/knowledge-base/cloudflare/tunnels/overview) or get help on Discord (https://coollabs.io/discord).) @ :27
[   56630ms] [ERROR] Coolify could not connect to its real-time service. This will cause unusual problems on the UI if not fixed! Please check the related documentation (https://coolify.io/docs/knowledge-base/cloudflare/tunnels/overview) or get help on Discord (https://coollabs.io/discord).) @ :27
[   58630ms] [ERROR] Coolify could not connect to its real-time service. This will cause unusual problems on the UI if not fixed! Please check the related documentation (https://coolify.io/docs/knowledge-base/cloudflare/tunnels/overview) or get help on Discord (https://coollabs.io/discord).) @ :27
[   60630ms] [ERROR] Coolify could not connect to its real-time service. This will cause unusual problems on the UI if not fixed! Please check the related documentation (https://coolify.io/docs/knowledge-base/cloudflare/tunnels/overview) or get help on Discord (https://coollabs.io/discord).) @ :27
[   62630ms] [ERROR] Coolify could not connect to its real-time service. This will cause unusual problems on the UI if not fixed! Please check the related documentation (https://coolify.io/docs/knowledge-base/cloudflare/tunnels/overview) or get help on Discord (https://coollabs.io/discord).) @ :27
[   64629ms] [ERROR] Coolify could not connect to its real-time service. This will cause unusual problems on the UI if not fixed! Please check the related documentation (https://coolify.io/docs/knowledge-base/cloudflare/tunnels/overview) or get help on Discord (https://coollabs.io/discord).) @ :27
[   66630ms] [ERROR] Coolify could not connect to its real-time service. This will cause unusual problems on the UI if not fixed! Please check the related documentation (https://coolify.io/docs/knowledge-base/cloudflare/tunnels/overview) or get help on Discord (https://coollabs.io/discord).) @ :27
[   68629ms] [ERROR] Coolify could not connect to its real-time service. This will cause unusual problems on the UI if not fixed! Please check the related documentation (https://coolify.io/docs/knowledge-base/cloudflare/tunnels/overview) or get help on Discord (https://coollabs.io/discord).) @ :27
[   70630ms] [ERROR] Coolify could not connect to its real-time service. This will cause unusual problems on the UI if not fixed! Please check the related documentation (https://coolify.io/docs/knowledge-base/cloudflare/tunnels/overview) or get help on Discord (https://coollabs.io/discord).) @ :27
[   72629ms] [ERROR] Coolify could not connect to its real-time service. This will cause unusual problems on the UI if not fixed! Please check the related documentation (https://coolify.io/docs/knowledge-base/cloudflare/tunnels/overview) or get help on Discord (https://coollabs.io/discord).) @ :27
[   74630ms] [ERROR] Coolify could not connect to its real-time service. This will cause unusual problems on the UI if not fixed! Please check the related documentation (https://coolify.io/docs/knowledge-base/cloudflare/tunnels/overview) or get help on Discord (https://coollabs.io/discord).) @ :27
[   76629ms] [ERROR] Coolify could not connect to its real-time service. This will cause unusual problems on the UI if not fixed! Please check the related documentation (https://coolify.io/docs/knowledge-base/cloudflare/tunnels/overview) or get help on Discord (https://coollabs.io/discord).) @ :27
[   78630ms] [ERROR] Coolify could not connect to its real-time service. This will cause unusual problems on the UI if not fixed! Please check the related documentation (https://coolify.io/docs/knowledge-base/cloudflare/tunnels/overview) or get help on Discord (https://coollabs.io/discord).) @ :27
[   80630ms] [ERROR] Coolify could not connect to its real-time service. This will cause unusual problems on the UI if not fixed! Please check the related documentation (https://coolify.io/docs/knowledge-base/cloudflare/tunnels/overview) or get help on Discord (https://coollabs.io/discord).) @ :27
[   82629ms] [ERROR] Coolify could not connect to its real-time service. This will cause unusual problems on the UI if not fixed! Please check the related documentation (https://coolify.io/docs/knowledge-base/cloudflare/tunnels/overview) or get help on Discord (https://coollabs.io/discord).) @ :27
[   84630ms] [ERROR] Coolify could not connect to its real-time service. This will cause unusual problems on the UI if not fixed! Please check the related documentation (https://coolify.io/docs/knowledge-base/cloudflare/tunnels/overview) or get help on Discord (https://coollabs.io/discord).) @ :27
[   86630ms] [ERROR] Coolify could not connect to its real-time service. This will cause unusual problems on the UI if not fixed! Please check the related documentation (https://coolify.io/docs/knowledge-base/cloudflare/tunnels/overview) or get help on Discord (https://coollabs.io/discord).) @ :27
[   88630ms] [ERROR] Coolify could not connect to its real-time service. This will cause unusual problems on the UI if not fixed! Please check the related documentation (https://coolify.io/docs/knowledge-base/cloudflare/tunnels/overview) or get help on Discord (https://coollabs.io/discord).) @ :27
[   90630ms] [ERROR] Coolify could not connect to its real-time service. This will cause unusual problems on the UI if not fixed! Please check the related documentation (https://coolify.io/docs/knowledge-base/cloudflare/tunnels/overview) or get help on Discord (https://coollabs.io/discord).) @ :27
[   92629ms] [ERROR] Coolify could not connect to its real-time service. This will cause unusual problems on the UI if not fixed! Please check the related documentation (https://coolify.io/docs/knowledge-base/cloudflare/tunnels/overview) or get help on Discord (https://coollabs.io/discord).) @ :27
[   94629ms] [ERROR] Coolify could not connect to its real-time service. This will cause unusual problems on the UI if not fixed! Please check the related documentation (https://coolify.io/docs/knowledge-base/cloudflare/tunnels/overview) or get help on Discord (https://coollabs.io/discord).) @ :27
[   95321ms] TypeError: Cannot read properties of undefined (reading 'parentNode')
    at K (http://100.99.60.106:8000/js/monaco-editor-0.52.2/min/vs/editor/editor.main.js:122:86774)
    at Object.G [as isInShadowDOM] (http://100.99.60.106:8000/js/monaco-editor-0.52.2/min/vs/editor/editor.main.js:122:86745)
    at f.registerEditorContainer (http://100.99.60.106:8000/js/monaco-editor-0.52.2/min/vs/editor/editor.main.js:674:389)
    at new W (http://100.99.60.106:8000/js/monaco-editor-0.52.2/min/vs/editor/editor.main.js:738:9629)
    at o._createInstance (http://100.99.60.106:8000/js/monaco-editor-0.52.2/min/vs/editor/editor.main.js:627:2108)
    at o.createInstance (http://100.99.60.106:8000/js/monaco-editor-0.52.2/min/vs/editor/editor.main.js:627:1533)
    at Object.A [as create] (http://100.99.60.106:8000/js/monaco-editor-0.52.2/min/vs/editor/editor.main.js:739:13847)
    at eval (eval at <anonymous> (http://100.99.60.106:8000/livewire/livewire.min.js?id=0f6341c0:5:743), <anonymous>:13:50)
    at m._invokeFactory (http://100.99.60.106:8000/js/monaco-editor-0.52.2/min/vs/loader.js:8:1491)
    at m.complete (http://100.99.60.106:8000/js/monaco-editor-0.52.2/min/vs/loader.js:8:1706)
[   96630ms] [ERROR] Coolify could not connect to its real-time service. This will cause unusual problems on the UI if not fixed! Please check the related documentation (https://coolify.io/docs/knowledge-base/cloudflare/tunnels/overview) or get help on Discord (https://coollabs.io/discord).) @ :27
[   98630ms] [ERROR] Coolify could not connect to its real-time service. This will cause unusual problems on the UI if not fixed! Please check the related documentation (https://coolify.io/docs/knowledge-base/cloudflare/tunnels/overview) or get help on Discord (https://coollabs.io/discord).) @ :27
[  100630ms] [ERROR] Coolify could not connect to its real-time service. This will cause unusual problems on the UI if not fixed! Please check the related documentation (https://coolify.io/docs/knowledge-base/cloudflare/tunnels/overview) or get help on Discord (https://coollabs.io/discord).) @ :27
[  102630ms] [ERROR] Coolify could not connect to its real-time service. This will cause unusual problems on the UI if not fixed! Please check the related documentation (https://coolify.io/docs/knowledge-base/cloudflare/tunnels/overview) or get help on Discord (https://coollabs.io/discord).) @ :27
[  104629ms] [ERROR] Coolify could not connect to its real-time service. This will cause unusual problems on the UI if not fixed! Please check the related documentation (https://coolify.io/docs/knowledge-base/cloudflare/tunnels/overview) or get help on Discord (https://coollabs.io/discord).) @ :27
[  106630ms] [ERROR] Coolify could not connect to its real-time service. This will cause unusual problems on the UI if not fixed! Please check the related documentation (https://coolify.io/docs/knowledge-base/cloudflare/tunnels/overview) or get help on Discord (https://coollabs.io/discord).) @ :27
[  108629ms] [ERROR] Coolify could not connect to its real-time service. This will cause unusual problems on the UI if not fixed! Please check the related documentation (https://coolify.io/docs/knowledge-base/cloudflare/tunnels/overview) or get help on Discord (https://coollabs.io/discord).) @ :27
[  110630ms] [ERROR] Coolify could not connect to its real-time service. This will cause unusual problems on the UI if not fixed! Please check the related documentation (https://coolify.io/docs/knowledge-base/cloudflare/tunnels/overview) or get help on Discord (https://coollabs.io/discord).) @ :27
[  111491ms] [ERROR] WebSocket connection to 'ws://soketi:6001/app/0eb10a24c9fe3c3ccdcf073d0f826406?protocol=7&client=js&version=8.3.0&flash=false' failed: Error in connection establishment: net::ERR_NAME_NOT_RESOLVED @ http://100.99.60.106:8000/js/pusher.js:8
[  112630ms] [ERROR] Coolify could not connect to its real-time service. This will cause unusual problems on the UI if not fixed! Please check the related documentation (https://coolify.io/docs/knowledge-base/cloudflare/tunnels/overview) or get help on Discord (https://coollabs.io/discord).) @ :27
[  113491ms] [ERROR] WebSocket connection to 'wss://soketi:6001/app/0eb10a24c9fe3c3ccdcf073d0f826406?protocol=7&client=js&version=8.3.0&flash=false' failed: Error in connection establishment: net::ERR_NAME_NOT_RESOLVED @ http://100.99.60.106:8000/js/pusher.js:8
[  114630ms] [ERROR] Coolify could not connect to its real-time service. This will cause unusual problems on the UI if not fixed! Please check the related documentation (https://coolify.io/docs/knowledge-base/cloudflare/tunnels/overview) or get help on Discord (https://coollabs.io/discord).) @ :27
[  116630ms] [ERROR] Coolify could not connect to its real-time service. This will cause unusual problems on the UI if not fixed! Please check the related documentation (https://coolify.io/docs/knowledge-base/cloudflare/tunnels/overview) or get help on Discord (https://coollabs.io/discord).) @ :27
[  118630ms] [ERROR] Coolify could not connect to its real-time service. This will cause unusual problems on the UI if not fixed! Please check the related documentation (https://coolify.io/docs/knowledge-base/cloudflare/tunnels/overview) or get help on Discord (https://coollabs.io/discord).) @ :27
[  120630ms] [ERROR] Coolify could not connect to its real-time service. This will cause unusual problems on the UI if not fixed! Please check the related documentation (https://coolify.io/docs/knowledge-base/cloudflare/tunnels/overview) or get help on Discord (https://coollabs.io/discord).) @ :27
[  122043ms] Could not find Livewire component in DOM tree
[  122630ms] [ERROR] Coolify could not connect to its real-time service. This will cause unusual problems on the UI if not fixed! Please check the related documentation (https://coolify.io/docs/knowledge-base/cloudflare/tunnels/overview) or get help on Discord (https://coollabs.io/discord).) @ :27
[  124630ms] [ERROR] Coolify could not connect to its real-time service. This will cause unusual problems on the UI if not fixed! Please check the related documentation (https://coolify.io/docs/knowledge-base/cloudflare/tunnels/overview) or get help on Discord (https://coollabs.io/discord).) @ :27
[  126630ms] [ERROR] Coolify could not connect to its real-time service. This will cause unusual problems on the UI if not fixed! Please check the related documentation (https://coolify.io/docs/knowledge-base/cloudflare/tunnels/overview) or get help on Discord (https://coollabs.io/discord).) @ :27
[  128629ms] [ERROR] Coolify could not connect to its real-time service. This will cause unusual problems on the UI if not fixed! Please check the related documentation (https://coolify.io/docs/knowledge-base/cloudflare/tunnels/overview) or get help on Discord (https://coollabs.io/discord).) @ :27
[  130630ms] [ERROR] Coolify could not connect to its real-time service. This will cause unusual problems on the UI if not fixed! Please check the related documentation (https://coolify.io/docs/knowledge-base/cloudflare/tunnels/overview) or get help on Discord (https://coollabs.io/discord).) @ :27
[  132630ms] [ERROR] Coolify could not connect to its real-time service. This will cause unusual problems on the UI if not fixed! Please check the related documentation (https://coolify.io/docs/knowledge-base/cloudflare/tunnels/overview) or get help on Discord (https://coollabs.io/discord).) @ :27
[  134630ms] [ERROR] Coolify could not connect to its real-time service. This will cause unusual problems on the UI if not fixed! Please check the related documentation (https://coolify.io/docs/knowledge-base/cloudflare/tunnels/overview) or get help on Discord (https://coollabs.io/discord).) @ :27
[  136629ms] [ERROR] Coolify could not connect to its real-time service. This will cause unusual problems on the UI if not fixed! Please check the related documentation (https://coolify.io/docs/knowledge-base/cloudflare/tunnels/overview) or get help on Discord (https://coollabs.io/discord).) @ :27
[  138630ms] [ERROR] Coolify could not connect to its real-time service. This will cause unusual problems on the UI if not fixed! Please check the related documentation (https://coolify.io/docs/knowledge-base/cloudflare/tunnels/overview) or get help on Discord (https://coollabs.io/discord).) @ :27
[  140629ms] [ERROR] Coolify could not connect to its real-time service. This will cause unusual problems on the UI if not fixed! Please check the related documentation (https://coolify.io/docs/knowledge-base/cloudflare/tunnels/overview) or get help on Discord (https://coollabs.io/discord).) @ :27
[  142630ms] [ERROR] Coolify could not connect to its real-time service. This will cause unusual problems on the UI if not fixed! Please check the related documentation (https://coolify.io/docs/knowledge-base/cloudflare/tunnels/overview) or get help on Discord (https://coollabs.io/discord).) @ :27
[  144630ms] [ERROR] Coolify could not connect to its real-time service. This will cause unusual problems on the UI if not fixed! Please check the related documentation (https://coolify.io/docs/knowledge-base/cloudflare/tunnels/overview) or get help on Discord (https://coollabs.io/discord).) @ :27
[  146630ms] [ERROR] Coolify could not connect to its real-time service. This will cause unusual problems on the UI if not fixed! Please check the related documentation (https://coolify.io/docs/knowledge-base/cloudflare/tunnels/overview) or get help on Discord (https://coollabs.io/discord).) @ :27
[  148630ms] [ERROR] Coolify could not connect to its real-time service. This will cause unusual problems on the UI if not fixed! Please check the related documentation (https://coolify.io/docs/knowledge-base/cloudflare/tunnels/overview) or get help on Discord (https://coollabs.io/discord).) @ :27
[  150630ms] [ERROR] Coolify could not connect to its real-time service. This will cause unusual problems on the UI if not fixed! Please check the related documentation (https://coolify.io/docs/knowledge-base/cloudflare/tunnels/overview) or get help on Discord (https://coollabs.io/discord).) @ :27
[  152630ms] [ERROR] Coolify could not connect to its real-time service. This will cause unusual problems on the UI if not fixed! Please check the related documentation (https://coolify.io/docs/knowledge-base/cloudflare/tunnels/overview) or get help on Discord (https://coollabs.io/discord).) @ :27
[  154630ms] [ERROR] Coolify could not connect to its real-time service. This will cause unusual problems on the UI if not fixed! Please check the related documentation (https://coolify.io/docs/knowledge-base/cloudflare/tunnels/overview) or get help on Discord (https://coollabs.io/discord).) @ :27
[  156630ms] [ERROR] Coolify could not connect to its real-time service. This will cause unusual problems on the UI if not fixed! Please check the related documentation (https://coolify.io/docs/knowledge-base/cloudflare/tunnels/overview) or get help on Discord (https://coollabs.io/discord).) @ :27
[  158630ms] [ERROR] Coolify could not connect to its real-time service. This will cause unusual problems on the UI if not fixed! Please check the related documentation (https://coolify.io/docs/knowledge-base/cloudflare/tunnels/overview) or get help on Discord (https://coollabs.io/discord).) @ :27
[  160630ms] [ERROR] Coolify could not connect to its real-time service. This will cause unusual problems on the UI if not fixed! Please check the related documentation (https://coolify.io/docs/knowledge-base/cloudflare/tunnels/overview) or get help on Discord (https://coollabs.io/discord).) @ :27
[  162630ms] [ERROR] Coolify could not connect to its real-time service. This will cause unusual problems on the UI if not fixed! Please check the related documentation (https://coolify.io/docs/knowledge-base/cloudflare/tunnels/overview) or get help on Discord (https://coollabs.io/discord).) @ :27
[  164630ms] [ERROR] Coolify could not connect to its real-time service. This will cause unusual problems on the UI if not fixed! Please check the related documentation (https://coolify.io/docs/knowledge-base/cloudflare/tunnels/overview) or get help on Discord (https://coollabs.io/discord).) @ :27
[  166630ms] [ERROR] Coolify could not connect to its real-time service. This will cause unusual problems on the UI if not fixed! Please check the related documentation (https://coolify.io/docs/knowledge-base/cloudflare/tunnels/overview) or get help on Discord (https://coollabs.io/discord).) @ :27
[  168630ms] [ERROR] Coolify could not connect to its real-time service. This will cause unusual problems on the UI if not fixed! Please check the related documentation (https://coolify.io/docs/knowledge-base/cloudflare/tunnels/overview) or get help on Discord (https://coollabs.io/discord).) @ :27
[  170630ms] [ERROR] Coolify could not connect to its real-time service. This will cause unusual problems on the UI if not fixed! Please check the related documentation (https://coolify.io/docs/knowledge-base/cloudflare/tunnels/overview) or get help on Discord (https://coollabs.io/discord).) @ :27
[  171493ms] [ERROR] WebSocket connection to 'ws://soketi:6001/app/0eb10a24c9fe3c3ccdcf073d0f826406?protocol=7&client=js&version=8.3.0&flash=false' failed: Error in connection establishment: net::ERR_NAME_NOT_RESOLVED @ http://100.99.60.106:8000/js/pusher.js:8
[  172630ms] [ERROR] Coolify could not connect to its real-time service. This will cause unusual problems on the UI if not fixed! Please check the related documentation (https://coolify.io/docs/knowledge-base/cloudflare/tunnels/overview) or get help on Discord (https://coollabs.io/discord).) @ :27
[  173492ms] [ERROR] WebSocket connection to 'wss://soketi:6001/app/0eb10a24c9fe3c3ccdcf073d0f826406?protocol=7&client=js&version=8.3.0&flash=false' failed: Error in connection establishment: net::ERR_NAME_NOT_RESOLVED @ http://100.99.60.106:8000/js/pusher.js:8
[  174630ms] [ERROR] Coolify could not connect to its real-time service. This will cause unusual problems on the UI if not fixed! Please check the related documentation (https://coolify.io/docs/knowledge-base/cloudflare/tunnels/overview) or get help on Discord (https://coollabs.io/discord).) @ :27
[  176630ms] [ERROR] Coolify could not connect to its real-time service. This will cause unusual problems on the UI if not fixed! Please check the related documentation (https://coolify.io/docs/knowledge-base/cloudflare/tunnels/overview) or get help on Discord (https://coollabs.io/discord).) @ :27
[  178630ms] [ERROR] Coolify could not connect to its real-time service. This will cause unusual problems on the UI if not fixed! Please check the related documentation (https://coolify.io/docs/knowledge-base/cloudflare/tunnels/overview) or get help on Discord (https://coollabs.io/discord).) @ :27
[  180630ms] [ERROR] Coolify could not connect to its real-time service. This will cause unusual problems on the UI if not fixed! Please check the related documentation (https://coolify.io/docs/knowledge-base/cloudflare/tunnels/overview) or get help on Discord (https://coollabs.io/discord).) @ :27
[  182630ms] [ERROR] Coolify could not connect to its real-time service. This will cause unusual problems on the UI if not fixed! Please check the related documentation (https://coolify.io/docs/knowledge-base/cloudflare/tunnels/overview) or get help on Discord (https://coollabs.io/discord).) @ :27
[  184629ms] [ERROR] Coolify could not connect to its real-time service. This will cause unusual problems on the UI if not fixed! Please check the related documentation (https://coolify.io/docs/knowledge-base/cloudflare/tunnels/overview) or get help on Discord (https://coollabs.io/discord).) @ :27
[  186631ms] [ERROR] Coolify could not connect to its real-time service. This will cause unusual problems on the UI if not fixed! Please check the related documentation (https://coolify.io/docs/knowledge-base/cloudflare/tunnels/overview) or get help on Discord (https://coollabs.io/discord).) @ :27
[  188630ms] [ERROR] Coolify could not connect to its real-time service. This will cause unusual problems on the UI if not fixed! Please check the related documentation (https://coolify.io/docs/knowledge-base/cloudflare/tunnels/overview) or get help on Discord (https://coollabs.io/discord).) @ :27
[  190630ms] [ERROR] Coolify could not connect to its real-time service. This will cause unusual problems on the UI if not fixed! Please check the related documentation (https://coolify.io/docs/knowledge-base/cloudflare/tunnels/overview) or get help on Discord (https://coollabs.io/discord).) @ :27
[  192630ms] [ERROR] Coolify could not connect to its real-time service. This will cause unusual problems on the UI if not fixed! Please check the related documentation (https://coolify.io/docs/knowledge-base/cloudflare/tunnels/overview) or get help on Discord (https://coollabs.io/discord).) @ :27
[  194631ms] [ERROR] Coolify could not connect to its real-time service. This will cause unusual problems on the UI if not fixed! Please check the related documentation (https://coolify.io/docs/knowledge-base/cloudflare/tunnels/overview) or get help on Discord (https://coollabs.io/discord).) @ :27
[  196630ms] [ERROR] Coolify could not connect to its real-time service. This will cause unusual problems on the UI if not fixed! Please check the related documentation (https://coolify.io/docs/knowledge-base/cloudflare/tunnels/overview) or get help on Discord (https://coollabs.io/discord).) @ :27
[  198630ms] [ERROR] Coolify could not connect to its real-time service. This will cause unusual problems on the UI if not fixed! Please check the related documentation (https://coolify.io/docs/knowledge-base/cloudflare/tunnels/overview) or get help on Discord (https://coollabs.io/discord).) @ :27
[  200630ms] [ERROR] Coolify could not connect to its real-time service. This will cause unusual problems on the UI if not fixed! Please check the related documentation (https://coolify.io/docs/knowledge-base/cloudflare/tunnels/overview) or get help on Discord (https://coollabs.io/discord).) @ :27
[  202631ms] [ERROR] Coolify could not connect to its real-time service. This will cause unusual problems on the UI if not fixed! Please check the related documentation (https://coolify.io/docs/knowledge-base/cloudflare/tunnels/overview) or get help on Discord (https://coollabs.io/discord).) @ :27
