[   10964ms] [ERROR] Access to XMLHttpRequest at 'https://cloudflareinsights.com/cdn-cgi/rum' from origin 'https://www.adepaccanarias.com' has been blocked by CORS policy: No 'Access-Control-Allow-Origin' header is present on the requested resource. @ https://www.adepaccanarias.com/:0
[   10964ms] [ERROR] Failed to load resource: net::ERR_FAILED @ https://cloudflareinsights.com/cdn-cgi/rum:0
[   17404ms] [WARNING] The resource https://www.adepaccanarias.com/happy-rescued-dogs-at-animal-shelter-tenerife-warm.jpg was preloaded using link preload but not used within a few seconds from the window's load event. Please make sure it has an appropriate `as` value and it is preloaded intentionally. @ https://www.adepaccanarias.com/:0
[   26783ms] [WARNING] The resource https://www.adepaccanarias.com/happy-rescued-dogs-at-animal-shelter-tenerife-warm.jpg was preloaded using link preload but not used within a few seconds from the window's load event. Please make sure it has an appropriate `as` value and it is preloaded intentionally. @ https://www.adepaccanarias.com/como-ayudar/:0
[   34720ms] [WARNING] The resource https://www.adepaccanarias.com/happy-rescued-dogs-at-animal-shelter-tenerife-warm.jpg was preloaded using link preload but not used within a few seconds from the window's load event. Please make sure it has an appropriate `as` value and it is preloaded intentionally. @ https://www.adepaccanarias.com/como-ayudar/:0
[   49027ms] [WARNING] The resource https://www.adepaccanarias.com/happy-rescued-dogs-at-animal-shelter-tenerife-warm.jpg was preloaded using link preload but not used within a few seconds from the window's load event. Please make sure it has an appropriate `as` value and it is preloaded intentionally. @ https://www.adepaccanarias.com/como-ayudar/:0
[  340742ms] [ERROR] Access to XMLHttpRequest at 'https://cloudflareinsights.com/cdn-cgi/rum' from origin 'https://www.adepaccanarias.com' has been blocked by CORS policy: No 'Access-Control-Allow-Origin' header is present on the requested resource. @ https://www.adepaccanarias.com/como-ayudar/:0
[  340742ms] [ERROR] Failed to load resource: net::ERR_FAILED @ https://cloudflareinsights.com/cdn-cgi/rum:0
[  343765ms] [WARNING] The resource https://www.adepaccanarias.com/happy-rescued-dogs-at-animal-shelter-tenerife-warm.jpg was preloaded using link preload but not used within a few seconds from the window's load event. Please make sure it has an appropriate `as` value and it is preloaded intentionally. @ https://www.adepaccanarias.com/:0
[  352476ms] [WARNING] The resource https://www.adepaccanarias.com/happy-rescued-dogs-at-animal-shelter-tenerife-warm.jpg was preloaded using link preload but not used within a few seconds from the window's load event. Please make sure it has an appropriate `as` value and it is preloaded intentionally. @ https://www.adepaccanarias.com/:0
[  356384ms] [WARNING] The resource https://www.adepaccanarias.com/happy-rescued-dogs-at-animal-shelter-tenerife-warm.jpg was preloaded using link preload but not used within a few seconds from the window's load event. Please make sure it has an appropriate `as` value and it is preloaded intentionally. @ https://www.adepaccanarias.com/:0
[  364564ms] [WARNING] The resource https://www.adepaccanarias.com/happy-rescued-dogs-at-animal-shelter-tenerife-warm.jpg was preloaded using link preload but not used within a few seconds from the window's load event. Please make sure it has an appropriate `as` value and it is preloaded intentionally. @ https://www.adepaccanarias.com/:0
[  729585ms] [ERROR] Access to XMLHttpRequest at 'https://cloudflareinsights.com/cdn-cgi/rum' from origin 'https://www.adepaccanarias.com' has been blocked by CORS policy: No 'Access-Control-Allow-Origin' header is present on the requested resource. @ https://www.adepaccanarias.com/:0
[  729585ms] [ERROR] Failed to load resource: net::ERR_FAILED @ https://cloudflareinsights.com/cdn-cgi/rum:0
[  732896ms] [WARNING] The resource https://www.adepaccanarias.com/happy-rescued-dogs-at-animal-shelter-tenerife-warm.jpg was preloaded using link preload but not used within a few seconds from the window's load event. Please make sure it has an appropriate `as` value and it is preloaded intentionally. @ https://www.adepaccanarias.com/:0
[  747553ms] [WARNING] The resource https://www.adepaccanarias.com/happy-rescued-dogs-at-animal-shelter-tenerife-warm.jpg was preloaded using link preload but not used within a few seconds from the window's load event. Please make sure it has an appropriate `as` value and it is preloaded intentionally. @ https://www.adepaccanarias.com/:0
[  803204ms] [ERROR] Access to XMLHttpRequest at 'https://cloudflareinsights.com/cdn-cgi/rum' from origin 'https://www.adepaccanarias.com' has been blocked by CORS policy: No 'Access-Control-Allow-Origin' header is present on the requested resource. @ https://www.adepaccanarias.com/:0
[  803204ms] [ERROR] Failed to load resource: net::ERR_FAILED @ https://cloudflareinsights.com/cdn-cgi/rum:0
[  806227ms] [WARNING] The resource https://www.adepaccanarias.com/happy-rescued-dogs-at-animal-shelter-tenerife-warm.jpg was preloaded using link preload but not used within a few seconds from the window's load event. Please make sure it has an appropriate `as` value and it is preloaded intentionally. @ https://www.adepaccanarias.com/:0
[  806227ms] [WARNING] The resource https://www.adepaccanarias.com/images/logos/change-org.png was preloaded using link preload in Early Hints but not used within a few seconds from the window's load event. @ https://www.adepaccanarias.com/:0
[  820045ms] [WARNING] The resource https://www.adepaccanarias.com/happy-rescued-dogs-at-animal-shelter-tenerife-warm.jpg was preloaded using link preload but not used within a few seconds from the window's load event. Please make sure it has an appropriate `as` value and it is preloaded intentionally. @ https://www.adepaccanarias.com/:0
[  827222ms] [WARNING] The resource https://www.adepaccanarias.com/happy-rescued-dogs-at-animal-shelter-tenerife-warm.jpg was preloaded using link preload but not used within a few seconds from the window's load event. Please make sure it has an appropriate `as` value and it is preloaded intentionally. @ https://www.adepaccanarias.com/:0
[  830823ms] [WARNING] The resource https://www.adepaccanarias.com/happy-rescued-dogs-at-animal-shelter-tenerife-warm.jpg was preloaded using link preload but not used within a few seconds from the window's load event. Please make sure it has an appropriate `as` value and it is preloaded intentionally. @ https://www.adepaccanarias.com/:0
[  926421ms] [WARNING] The resource https://www.adepaccanarias.com/happy-rescued-dogs-at-animal-shelter-tenerife-warm.jpg was preloaded using link preload but not used within a few seconds from the window's load event. Please make sure it has an appropriate `as` value and it is preloaded intentionally. @ https://www.adepaccanarias.com/:0
[  930069ms] [WARNING] The resource https://www.adepaccanarias.com/happy-rescued-dogs-at-animal-shelter-tenerife-warm.jpg was preloaded using link preload but not used within a few seconds from the window's load event. Please make sure it has an appropriate `as` value and it is preloaded intentionally. @ https://www.adepaccanarias.com/como-ayudar/:0
[  936095ms] [WARNING] The resource https://www.adepaccanarias.com/happy-rescued-dogs-at-animal-shelter-tenerife-warm.jpg was preloaded using link preload but not used within a few seconds from the window's load event. Please make sure it has an appropriate `as` value and it is preloaded intentionally. @ https://www.adepaccanarias.com/como-ayudar/:0
[ 1015904ms] [ERROR] Access to XMLHttpRequest at 'https://cloudflareinsights.com/cdn-cgi/rum' from origin 'https://www.adepaccanarias.com' has been blocked by CORS policy: No 'Access-Control-Allow-Origin' header is present on the requested resource. @ https://www.adepaccanarias.com/:0
[ 1015904ms] [ERROR] Failed to load resource: net::ERR_FAILED @ https://cloudflareinsights.com/cdn-cgi/rum:0
[ 1019016ms] [WARNING] The resource https://www.adepaccanarias.com/happy-rescued-dogs-at-animal-shelter-tenerife-warm.jpg was preloaded using link preload but not used within a few seconds from the window's load event. Please make sure it has an appropriate `as` value and it is preloaded intentionally. @ https://www.adepaccanarias.com/:0
[ 1028605ms] [WARNING] The resource https://www.adepaccanarias.com/happy-rescued-dogs-at-animal-shelter-tenerife-warm.jpg was preloaded using link preload but not used within a few seconds from the window's load event. Please make sure it has an appropriate `as` value and it is preloaded intentionally. @ https://www.adepaccanarias.com/:0
[ 1040539ms] [WARNING] The resource https://www.adepaccanarias.com/happy-rescued-dogs-at-animal-shelter-tenerife-warm.jpg was preloaded using link preload but not used within a few seconds from the window's load event. Please make sure it has an appropriate `as` value and it is preloaded intentionally. @ https://www.adepaccanarias.com/voluntariado/:0
[ 1048406ms] [WARNING] The resource https://www.adepaccanarias.com/happy-rescued-dogs-at-animal-shelter-tenerife-warm.jpg was preloaded using link preload but not used within a few seconds from the window's load event. Please make sure it has an appropriate `as` value and it is preloaded intentionally. @ https://www.adepaccanarias.com/voluntariado/:0
[ 1049847ms] [ERROR] Access to XMLHttpRequest at 'https://cloudflareinsights.com/cdn-cgi/rum' from origin 'https://www.adepaccanarias.com' has been blocked by CORS policy: No 'Access-Control-Allow-Origin' header is present on the requested resource. @ https://www.adepaccanarias.com/contacto/:0
[ 1049847ms] [ERROR] Failed to load resource: net::ERR_FAILED @ https://cloudflareinsights.com/cdn-cgi/rum:0
[ 1054083ms] [WARNING] The resource https://www.adepaccanarias.com/happy-rescued-dogs-at-animal-shelter-tenerife-warm.jpg was preloaded using link preload but not used within a few seconds from the window's load event. Please make sure it has an appropriate `as` value and it is preloaded intentionally. @ https://www.adepaccanarias.com/contacto/:0
[ 1107481ms] [ERROR] Access to XMLHttpRequest at 'https://cloudflareinsights.com/cdn-cgi/rum' from origin 'https://www.adepaccanarias.com' has been blocked by CORS policy: No 'Access-Control-Allow-Origin' header is present on the requested resource. @ https://www.adepaccanarias.com/como-ayudar/:0
[ 1107482ms] [ERROR] Failed to load resource: net::ERR_FAILED @ https://cloudflareinsights.com/cdn-cgi/rum:0
[ 1110788ms] [ERROR] Access to XMLHttpRequest at 'https://cloudflareinsights.com/cdn-cgi/rum' from origin 'https://www.adepaccanarias.com' has been blocked by CORS policy: No 'Access-Control-Allow-Origin' header is present on the requested resource. @ https://www.adepaccanarias.com/:0
[ 1110789ms] [ERROR] Failed to load resource: net::ERR_FAILED @ https://cloudflareinsights.com/cdn-cgi/rum:0
[ 1113917ms] [WARNING] The resource https://www.adepaccanarias.com/happy-rescued-dogs-at-animal-shelter-tenerife-warm.jpg was preloaded using link preload but not used within a few seconds from the window's load event. Please make sure it has an appropriate `as` value and it is preloaded intentionally. @ https://www.adepaccanarias.com/:0
[ 1119815ms] [WARNING] The resource https://www.adepaccanarias.com/happy-rescued-dogs-at-animal-shelter-tenerife-warm.jpg was preloaded using link preload but not used within a few seconds from the window's load event. Please make sure it has an appropriate `as` value and it is preloaded intentionally. @ https://www.adepaccanarias.com/:0
[ 1181705ms] [ERROR] Access to XMLHttpRequest at 'https://cloudflareinsights.com/cdn-cgi/rum' from origin 'https://www.adepaccanarias.com' has been blocked by CORS policy: No 'Access-Control-Allow-Origin' header is present on the requested resource. @ https://www.adepaccanarias.com/:0
[ 1181705ms] [ERROR] Failed to load resource: net::ERR_FAILED @ https://cloudflareinsights.com/cdn-cgi/rum:0
[ 1189571ms] [WARNING] The resource https://www.adepaccanarias.com/happy-rescued-dogs-at-animal-shelter-tenerife-warm.jpg was preloaded using link preload but not used within a few seconds from the window's load event. Please make sure it has an appropriate `as` value and it is preloaded intentionally. @ https://www.adepaccanarias.com/como-ayudar/:0
[ 1190756ms] [ERROR] Access to XMLHttpRequest at 'https://cloudflareinsights.com/cdn-cgi/rum' from origin 'https://www.adepaccanarias.com' has been blocked by CORS policy: No 'Access-Control-Allow-Origin' header is present on the requested resource. @ https://www.adepaccanarias.com/:0
[ 1190756ms] [ERROR] Failed to load resource: net::ERR_FAILED @ https://cloudflareinsights.com/cdn-cgi/rum:0
[ 1195466ms] [WARNING] The resource https://www.adepaccanarias.com/happy-rescued-dogs-at-animal-shelter-tenerife-warm.jpg was preloaded using link preload but not used within a few seconds from the window's load event. Please make sure it has an appropriate `as` value and it is preloaded intentionally. @ https://www.adepaccanarias.com/:0
[ 1254507ms] [WARNING] The resource https://www.adepaccanarias.com/happy-rescued-dogs-at-animal-shelter-tenerife-warm.jpg was preloaded using link preload but not used within a few seconds from the window's load event. Please make sure it has an appropriate `as` value and it is preloaded intentionally. @ https://www.adepaccanarias.com/:0
[ 1268939ms] [WARNING] The resource https://www.adepaccanarias.com/happy-rescued-dogs-at-animal-shelter-tenerife-warm.jpg was preloaded using link preload but not used within a few seconds from the window's load event. Please make sure it has an appropriate `as` value and it is preloaded intentionally. @ https://www.adepaccanarias.com/:0
[ 1273925ms] [WARNING] The resource https://www.adepaccanarias.com/happy-rescued-dogs-at-animal-shelter-tenerife-warm.jpg was preloaded using link preload but not used within a few seconds from the window's load event. Please make sure it has an appropriate `as` value and it is preloaded intentionally. @ https://www.adepaccanarias.com/:0
[ 1279839ms] [WARNING] The resource https://www.adepaccanarias.com/happy-rescued-dogs-at-animal-shelter-tenerife-warm.jpg was preloaded using link preload but not used within a few seconds from the window's load event. Please make sure it has an appropriate `as` value and it is preloaded intentionally. @ https://www.adepaccanarias.com/como-ayudar/:0
[ 1285820ms] [WARNING] The resource https://www.adepaccanarias.com/happy-rescued-dogs-at-animal-shelter-tenerife-warm.jpg was preloaded using link preload but not used within a few seconds from the window's load event. Please make sure it has an appropriate `as` value and it is preloaded intentionally. @ https://www.adepaccanarias.com/como-ayudar/:0
[ 1315954ms] [WARNING] The resource https://www.adepaccanarias.com/happy-rescued-dogs-at-animal-shelter-tenerife-warm.jpg was preloaded using link preload but not used within a few seconds from the window's load event. Please make sure it has an appropriate `as` value and it is preloaded intentionally. @ https://www.adepaccanarias.com/como-ayudar/:0
[ 1436745ms] [ERROR] Access to XMLHttpRequest at 'https://cloudflareinsights.com/cdn-cgi/rum' from origin 'https://www.adepaccanarias.com' has been blocked by CORS policy: No 'Access-Control-Allow-Origin' header is present on the requested resource. @ https://www.adepaccanarias.com/empresas/:0
[ 1436746ms] [ERROR] Failed to load resource: net::ERR_FAILED @ https://cloudflareinsights.com/cdn-cgi/rum:0
[ 1440122ms] [WARNING] The resource https://www.adepaccanarias.com/happy-rescued-dogs-at-animal-shelter-tenerife-warm.jpg was preloaded using link preload but not used within a few seconds from the window's load event. Please make sure it has an appropriate `as` value and it is preloaded intentionally. @ https://www.adepaccanarias.com/empresas/:0
[ 1445879ms] [WARNING] The resource https://www.adepaccanarias.com/happy-rescued-dogs-at-animal-shelter-tenerife-warm.jpg was preloaded using link preload but not used within a few seconds from the window's load event. Please make sure it has an appropriate `as` value and it is preloaded intentionally. @ https://www.adepaccanarias.com/empresas/:0
[ 1453359ms] [ERROR] Access to XMLHttpRequest at 'https://cloudflareinsights.com/cdn-cgi/rum' from origin 'https://www.adepaccanarias.com' has been blocked by CORS policy: No 'Access-Control-Allow-Origin' header is present on the requested resource. @ https://www.adepaccanarias.com/contacto/:0
[ 1453359ms] [ERROR] Failed to load resource: net::ERR_FAILED @ https://cloudflareinsights.com/cdn-cgi/rum:0
[ 1458444ms] [WARNING] The resource https://www.adepaccanarias.com/happy-rescued-dogs-at-animal-shelter-tenerife-warm.jpg was preloaded using link preload but not used within a few seconds from the window's load event. Please make sure it has an appropriate `as` value and it is preloaded intentionally. @ https://www.adepaccanarias.com/contacto/:0
[ 1462370ms] [WARNING] The resource https://www.adepaccanarias.com/happy-rescued-dogs-at-animal-shelter-tenerife-warm.jpg was preloaded using link preload but not used within a few seconds from the window's load event. Please make sure it has an appropriate `as` value and it is preloaded intentionally. @ https://www.adepaccanarias.com/contacto/:0
[ 1470050ms] [ERROR] Access to XMLHttpRequest at 'https://cloudflareinsights.com/cdn-cgi/rum' from origin 'https://www.adepaccanarias.com' has been blocked by CORS policy: No 'Access-Control-Allow-Origin' header is present on the requested resource. @ https://www.adepaccanarias.com/contacto/:0
[ 1470050ms] [ERROR] Failed to load resource: net::ERR_FAILED @ https://cloudflareinsights.com/cdn-cgi/rum:0
[ 1474890ms] [WARNING] The resource https://www.adepaccanarias.com/happy-rescued-dogs-at-animal-shelter-tenerife-warm.jpg was preloaded using link preload but not used within a few seconds from the window's load event. Please make sure it has an appropriate `as` value and it is preloaded intentionally. @ https://www.adepaccanarias.com/como-ayudar/:0
[ 1477906ms] [WARNING] The resource https://www.adepaccanarias.com/happy-rescued-dogs-at-animal-shelter-tenerife-warm.jpg was preloaded using link preload but not used within a few seconds from the window's load event. Please make sure it has an appropriate `as` value and it is preloaded intentionally. @ https://www.adepaccanarias.com/como-ayudar/:0
[ 1490957ms] [WARNING] The resource https://www.adepaccanarias.com/happy-rescued-dogs-at-animal-shelter-tenerife-warm.jpg was preloaded using link preload but not used within a few seconds from the window's load event. Please make sure it has an appropriate `as` value and it is preloaded intentionally. @ https://www.adepaccanarias.com/como-ayudar/:0
[ 1515425ms] [ERROR] Access to XMLHttpRequest at 'https://cloudflareinsights.com/cdn-cgi/rum' from origin 'https://www.adepaccanarias.com' has been blocked by CORS policy: No 'Access-Control-Allow-Origin' header is present on the requested resource. @ https://www.adepaccanarias.com/como-ayudar/:0
[ 1515425ms] [ERROR] Failed to load resource: net::ERR_FAILED @ https://cloudflareinsights.com/cdn-cgi/rum:0
[ 1518550ms] [WARNING] The resource https://www.adepaccanarias.com/happy-rescued-dogs-at-animal-shelter-tenerife-warm.jpg was preloaded using link preload but not used within a few seconds from the window's load event. Please make sure it has an appropriate `as` value and it is preloaded intentionally. @ https://www.adepaccanarias.com/como-ayudar/:0
[ 1524612ms] [WARNING] The resource https://www.adepaccanarias.com/happy-rescued-dogs-at-animal-shelter-tenerife-warm.jpg was preloaded using link preload but not used within a few seconds from the window's load event. Please make sure it has an appropriate `as` value and it is preloaded intentionally. @ https://www.adepaccanarias.com/como-ayudar/:0
[ 1673824ms] [ERROR] Access to XMLHttpRequest at 'https://cloudflareinsights.com/cdn-cgi/rum' from origin 'https://www.adepaccanarias.com' has been blocked by CORS policy: No 'Access-Control-Allow-Origin' header is present on the requested resource. @ https://www.adepaccanarias.com/como-ayudar/:0
[ 1673824ms] [ERROR] Failed to load resource: net::ERR_FAILED @ https://cloudflareinsights.com/cdn-cgi/rum:0
[ 1676955ms] [WARNING] The resource https://www.adepaccanarias.com/happy-rescued-dogs-at-animal-shelter-tenerife-warm.jpg was preloaded using link preload but not used within a few seconds from the window's load event. Please make sure it has an appropriate `as` value and it is preloaded intentionally. @ https://www.adepaccanarias.com/como-ayudar/:0
[ 1677498ms] [ERROR] Access to XMLHttpRequest at 'https://cloudflareinsights.com/cdn-cgi/rum' from origin 'https://www.adepaccanarias.com' has been blocked by CORS policy: No 'Access-Control-Allow-Origin' header is present on the requested resource. @ https://www.adepaccanarias.com/como-ayudar/:0
[ 1677498ms] [ERROR] Failed to load resource: net::ERR_FAILED @ https://cloudflareinsights.com/cdn-cgi/rum:0
[ 1680533ms] [WARNING] The resource https://www.adepaccanarias.com/happy-rescued-dogs-at-animal-shelter-tenerife-warm.jpg was preloaded using link preload but not used within a few seconds from the window's load event. Please make sure it has an appropriate `as` value and it is preloaded intentionally. @ https://www.adepaccanarias.com/como-ayudar/:0
[ 2059645ms] [ERROR] Access to XMLHttpRequest at 'https://cloudflareinsights.com/cdn-cgi/rum' from origin 'https://www.adepaccanarias.com' has been blocked by CORS policy: No 'Access-Control-Allow-Origin' header is present on the requested resource. @ https://www.adepaccanarias.com/:0
[ 2059645ms] [ERROR] Failed to load resource: net::ERR_FAILED @ https://cloudflareinsights.com/cdn-cgi/rum:0
[ 2062646ms] [WARNING] The resource https://www.adepaccanarias.com/happy-rescued-dogs-at-animal-shelter-tenerife-warm.jpg was preloaded using link preload but not used within a few seconds from the window's load event. Please make sure it has an appropriate `as` value and it is preloaded intentionally. @ https://www.adepaccanarias.com/:0
[ 2072182ms] [WARNING] The resource https://www.adepaccanarias.com/happy-rescued-dogs-at-animal-shelter-tenerife-warm.jpg was preloaded using link preload but not used within a few seconds from the window's load event. Please make sure it has an appropriate `as` value and it is preloaded intentionally. @ https://www.adepaccanarias.com/como-ayudar/:0
[ 2074876ms] [ERROR] Access to XMLHttpRequest at 'https://cloudflareinsights.com/cdn-cgi/rum' from origin 'https://www.adepaccanarias.com' has been blocked by CORS policy: No 'Access-Control-Allow-Origin' header is present on the requested resource. @ https://www.adepaccanarias.com/como-ayudar/:0
[ 2074877ms] [ERROR] Failed to load resource: net::ERR_FAILED @ https://cloudflareinsights.com/cdn-cgi/rum:0
[ 2077922ms] [WARNING] The resource https://www.adepaccanarias.com/happy-rescued-dogs-at-animal-shelter-tenerife-warm.jpg was preloaded using link preload but not used within a few seconds from the window's load event. Please make sure it has an appropriate `as` value and it is preloaded intentionally. @ https://www.adepaccanarias.com/como-ayudar/:0
[ 2082155ms] [WARNING] The resource https://www.adepaccanarias.com/happy-rescued-dogs-at-animal-shelter-tenerife-warm.jpg was preloaded using link preload but not used within a few seconds from the window's load event. Please make sure it has an appropriate `as` value and it is preloaded intentionally. @ https://www.adepaccanarias.com/como-ayudar/:0
