[     571ms] [ERROR] Failed to load resource: the server responded with a status of 404 () @ https://cepformacion.akademate.com/favicon.ico:0
[   10049ms] [ERROR] Failed to load resource: the server responded with a status of 500 () @ https://cepformacion.akademate.com/api/cycles/cfgm-farmacia-parafarmacia?depth=1:0
[   10233ms] [ERROR] Failed to load resource: the server responded with a status of 500 () @ https://cepformacion.akademate.com/api/cycles/cfgm-farmacia-parafarmacia?depth=1:0
[   10251ms] [ERROR] Failed to load resource: the server responded with a status of 404 () @ https://cepformacion.akademate.com/socket.io?EIO=4&transport=polling&t=1774015408802:0
[237123451ms] [ERROR] Failed to load resource: the server responded with a status of 500 () @ https://cepformacion.akademate.com/api/cycles/cfgm-farmacia-parafarmacia?depth=1:0
[237123641ms] [ERROR] Failed to load resource: the server responded with a status of 500 () @ https://cepformacion.akademate.com/api/cycles/cfgm-farmacia-parafarmacia?depth=1:0
[237129374ms] [ERROR] Failed to load resource: the server responded with a status of 500 () @ https://cepformacion.akademate.com/api/media/file/CGS%20HIGIENE%20BUCODENTAL%202026%20HERO-2.png:0
[237129380ms] [ERROR] Failed to load resource: the server responded with a status of 500 () @ https://cepformacion.akademate.com/api/media/file/CFGM%20FARMACIA%202026%20-%20HERO%202.png:0
[237586616ms] [ERROR] Failed to load resource: the server responded with a status of 500 () @ https://cepformacion.akademate.com/api/media/file/CFGM%20FARMACIA%202026%20-%20HERO%202.png:0
[237586616ms] [ERROR] Failed to load resource: the server responded with a status of 500 () @ https://cepformacion.akademate.com/api/media/file/CGS%20HIGIENE%20BUCODENTAL%202026%20HERO-2.png:0
[237778018ms] [ERROR] Failed to load resource: the server responded with a status of 403 () @ https://cepformacion.akademate.com/api/cycles/1:0
[237778877ms] [ERROR] Failed to load resource: the server responded with a status of 403 () @ https://cepformacion.akademate.com/api/cycles/1:0
[237779941ms] [ERROR] Failed to load resource: the server responded with a status of 403 () @ https://cepformacion.akademate.com/api/cycles/2:0
[237781545ms] [ERROR] Failed to load resource: the server responded with a status of 500 () @ https://cepformacion.akademate.com/api/media/file/CFGM%20FARMACIA%202026%20-%20HERO%202.png:0
[237796217ms] [ERROR] Failed to load resource: the server responded with a status of 500 () @ https://cepformacion.akademate.com/api/media/file/CFGM%20FARMACIA%202026%20-%20HERO%202.png:0
[237796217ms] [ERROR] Failed to load resource: the server responded with a status of 500 () @ https://cepformacion.akademate.com/api/media/file/CGS%20HIGIENE%20BUCODENTAL%202026%20HERO-2.png:0
[237799555ms] [ERROR] Failed to load resource: the server responded with a status of 500 () @ https://cepformacion.akademate.com/api/media/file/CFGM%20FARMACIA%202026%20-%20HERO%202.png:0
[237799555ms] [ERROR] Failed to load resource: the server responded with a status of 500 () @ https://cepformacion.akademate.com/api/media/file/CGS%20HIGIENE%20BUCODENTAL%202026%20HERO-2.png:0
[237802542ms] [ERROR] Failed to load resource: the server responded with a status of 500 () @ https://cepformacion.akademate.com/api/media/file/CFGM%20FARMACIA%202026%20-%20HERO%202.png:0
[237804548ms] [ERROR] Failed to load resource: the server responded with a status of 500 () @ https://cepformacion.akademate.com/api/media/file/CFGM%20FARMACIA%202026%20-%20HERO%202.png:0
[237804548ms] [ERROR] Failed to load resource: the server responded with a status of 500 () @ https://cepformacion.akademate.com/api/media/file/CGS%20HIGIENE%20BUCODENTAL%202026%20HERO-2.png:0
[237807353ms] [ERROR] Failed to load resource: the server responded with a status of 500 () @ https://cepformacion.akademate.com/api/media/file/CFGM%20FARMACIA%202026%20-%20HERO%202.png:0
[237821349ms] [ERROR] Failed to load resource: the server responded with a status of 500 () @ https://cepformacion.akademate.com/api/media/file/CGS%20HIGIENE%20BUCODENTAL%202026%20HERO-2.png:0
[237821350ms] [ERROR] Failed to load resource: the server responded with a status of 500 () @ https://cepformacion.akademate.com/api/media/file/CFGM%20FARMACIA%202026%20-%20HERO%202.png:0
[237821747ms] [ERROR] Failed to load resource: the server responded with a status of 500 () @ https://cepformacion.akademate.com/api/media/file/HBb0QAGakAA0W-0.jpg:0
[237821802ms] [ERROR] Failed to load resource: the server responded with a status of 500 () @ https://cepformacion.akademate.com/api/media/file/CGS%20HIGIENE%20BUCODENTAL%202026%20HERO-1.png:0
[237821836ms] [ERROR] Failed to load resource: the server responded with a status of 500 () @ https://cepformacion.akademate.com/api/media/file/ciclo-test.png:0
[237821850ms] [ERROR] Failed to load resource: the server responded with a status of 500 () @ https://cepformacion.akademate.com/api/media/file/farmacia-hero.png:0
[237821857ms] [ERROR] Failed to load resource: the server responded with a status of 500 () @ https://cepformacion.akademate.com/api/media/file/test2.png:0
[237821881ms] [ERROR] Failed to load resource: the server responded with a status of 500 () @ https://cepformacion.akademate.com/api/media/file/higiene-hero.png:0
[237821882ms] [ERROR] Failed to load resource: the server responded with a status of 500 () @ https://cepformacion.akademate.com/api/media/file/CGS%20HIGIENE%20BUCODENTAL%202026%20HERO.png:0
[237821896ms] [ERROR] Failed to load resource: the server responded with a status of 500 () @ https://cepformacion.akademate.com/api/media/file/test-ciclo-image.png:0
[237821909ms] [ERROR] Failed to load resource: the server responded with a status of 500 () @ https://cepformacion.akademate.com/api/media/file/test-1.png:0
[237825511ms] [ERROR] Failed to load resource: the server responded with a status of 500 () @ https://cepformacion.akademate.com/api/media/file/HBb0QAGakAA0W-0.jpg:0
[238229406ms] [ERROR] Failed to load resource: the server responded with a status of 500 () @ https://cepformacion.akademate.com/api/media/file/CFGM%20FARMACIA%202026%20-%20HERO%202.png:0
[238238735ms] [ERROR] Failed to load resource: the server responded with a status of 500 () @ https://cepformacion.akademate.com/api/media/file/CFGM%20FARMACIA%202026%20-%20HERO%202.png:0
[238238736ms] [ERROR] Failed to load resource: the server responded with a status of 500 () @ https://cepformacion.akademate.com/api/media/file/CGS%20HIGIENE%20BUCODENTAL%202026%20HERO-2.png:0
[238238736ms] [ERROR] Failed to load resource: the server responded with a status of 500 () @ https://cepformacion.akademate.com/api/media/file/CGS%20HIGIENE%20BUCODENTAL%202026%20HERO-1.png:0
[238238736ms] [ERROR] Failed to load resource: the server responded with a status of 500 () @ https://cepformacion.akademate.com/api/media/file/CGS%20HIGIENE%20BUCODENTAL%202026%20HERO.png:0
[238238739ms] [ERROR] Failed to load resource: the server responded with a status of 500 () @ https://cepformacion.akademate.com/api/media/file/HBb0QAGakAA0W-0.jpg:0
[238238739ms] [ERROR] Failed to load resource: the server responded with a status of 500 () @ https://cepformacion.akademate.com/api/media/file/test2.png:0
[238238739ms] [ERROR] Failed to load resource: the server responded with a status of 500 () @ https://cepformacion.akademate.com/api/media/file/test-1.png:0
[238238739ms] [ERROR] Failed to load resource: the server responded with a status of 500 () @ https://cepformacion.akademate.com/api/media/file/ciclo-test.png:0
[238238739ms] [ERROR] Failed to load resource: the server responded with a status of 500 () @ https://cepformacion.akademate.com/api/media/file/test-ciclo-image.png:0
[238238739ms] [ERROR] Failed to load resource: the server responded with a status of 500 () @ https://cepformacion.akademate.com/api/media/file/farmacia-hero.png:0
[238238739ms] [ERROR] Failed to load resource: the server responded with a status of 500 () @ https://cepformacion.akademate.com/api/media/file/higiene-hero.png:0
[238242363ms] [ERROR] Failed to load resource: the server responded with a status of 500 () @ https://cepformacion.akademate.com/api/media/file/CGS%20HIGIENE%20BUCODENTAL%202026%20HERO-2.png:0
[238242363ms] [ERROR] Failed to load resource: the server responded with a status of 500 () @ https://cepformacion.akademate.com/api/media/file/CGS%20HIGIENE%20BUCODENTAL%202026%20HERO-1.png:0
[238242364ms] [ERROR] Failed to load resource: the server responded with a status of 500 () @ https://cepformacion.akademate.com/api/media/file/CFGM%20FARMACIA%202026%20-%20HERO%202.png:0
[238242364ms] [ERROR] Failed to load resource: the server responded with a status of 500 () @ https://cepformacion.akademate.com/api/media/file/HBb0QAGakAA0W-0.jpg:0
[238242364ms] [ERROR] Failed to load resource: the server responded with a status of 500 () @ https://cepformacion.akademate.com/api/media/file/CGS%20HIGIENE%20BUCODENTAL%202026%20HERO.png:0
[238242365ms] [ERROR] Failed to load resource: the server responded with a status of 500 () @ https://cepformacion.akademate.com/api/media/file/test2.png:0
[238242365ms] [ERROR] Failed to load resource: the server responded with a status of 500 () @ https://cepformacion.akademate.com/api/media/file/ciclo-test.png:0
[238242365ms] [ERROR] Failed to load resource: the server responded with a status of 500 () @ https://cepformacion.akademate.com/api/media/file/test-ciclo-image.png:0
[238242366ms] [ERROR] Failed to load resource: the server responded with a status of 500 () @ https://cepformacion.akademate.com/api/media/file/test-1.png:0
[238242366ms] [ERROR] Failed to load resource: the server responded with a status of 500 () @ https://cepformacion.akademate.com/api/media/file/farmacia-hero.png:0
[238242366ms] [ERROR] Failed to load resource: the server responded with a status of 500 () @ https://cepformacion.akademate.com/api/media/file/higiene-hero.png:0
[238322345ms] [ERROR] Failed to load resource: the server responded with a status of 500 () @ https://cepformacion.akademate.com/api/media/file/CGS%20HIGIENE%20BUCODENTAL%202026%20HERO-2.png:0
[238322346ms] [ERROR] Failed to load resource: the server responded with a status of 500 () @ https://cepformacion.akademate.com/api/media/file/CGS%20HIGIENE%20BUCODENTAL%202026%20HERO-1.png:0
[238322346ms] [ERROR] Failed to load resource: the server responded with a status of 500 () @ https://cepformacion.akademate.com/api/media/file/CGS%20HIGIENE%20BUCODENTAL%202026%20HERO.png:0
[238322346ms] [ERROR] Failed to load resource: the server responded with a status of 500 () @ https://cepformacion.akademate.com/api/media/file/CFGM%20FARMACIA%202026%20-%20HERO%202.png:0
[238322346ms] [ERROR] Failed to load resource: the server responded with a status of 500 () @ https://cepformacion.akademate.com/api/media/file/HBb0QAGakAA0W-0.jpg:0
[238322347ms] [ERROR] Failed to load resource: the server responded with a status of 500 () @ https://cepformacion.akademate.com/api/media/file/farmacia-hero.png:0
[238322347ms] [ERROR] Failed to load resource: the server responded with a status of 500 () @ https://cepformacion.akademate.com/api/media/file/higiene-hero.png:0
[238710662ms] [ERROR] Failed to load resource: the server responded with a status of 500 () @ https://cepformacion.akademate.com/api/media/file/CGS%20HIGIENE%20BUCODENTAL%202026%20HERO-1.png:0
[238710662ms] [ERROR] Failed to load resource: the server responded with a status of 500 () @ https://cepformacion.akademate.com/api/media/file/CGS%20HIGIENE%20BUCODENTAL%202026%20HERO-2.png:0
[238710662ms] [ERROR] Failed to load resource: the server responded with a status of 500 () @ https://cepformacion.akademate.com/api/media/file/CFGM%20FARMACIA%202026%20-%20HERO%202.png:0
[238710662ms] [ERROR] Failed to load resource: the server responded with a status of 500 () @ https://cepformacion.akademate.com/api/media/file/CGS%20HIGIENE%20BUCODENTAL%202026%20HERO.png:0
[238710662ms] [ERROR] Failed to load resource: the server responded with a status of 500 () @ https://cepformacion.akademate.com/api/media/file/HBb0QAGakAA0W-0.jpg:0
[238710664ms] [ERROR] Failed to load resource: the server responded with a status of 500 () @ https://cepformacion.akademate.com/api/media/file/higiene-hero.png:0
[238710664ms] [ERROR] Failed to load resource: the server responded with a status of 500 () @ https://cepformacion.akademate.com/api/media/file/farmacia-hero.png:0
[238753264ms] [ERROR] Failed to load resource: the server responded with a status of 500 () @ https://cepformacion.akademate.com/api/media/file/CGS%20HIGIENE%20BUCODENTAL%202026%20HERO-2.png:0
[238753264ms] [ERROR] Failed to load resource: the server responded with a status of 500 () @ https://cepformacion.akademate.com/api/media/file/CGS%20HIGIENE%20BUCODENTAL%202026%20HERO.png:0
[238753264ms] [ERROR] Failed to load resource: the server responded with a status of 500 () @ https://cepformacion.akademate.com/api/media/file/CGS%20HIGIENE%20BUCODENTAL%202026%20HERO-1.png:0
[238753264ms] [ERROR] Failed to load resource: the server responded with a status of 500 () @ https://cepformacion.akademate.com/api/media/file/CFGM%20FARMACIA%202026%20-%20HERO%202.png:0
[238753265ms] [ERROR] Failed to load resource: the server responded with a status of 500 () @ https://cepformacion.akademate.com/api/media/file/HBb0QAGakAA0W-0.jpg:0
[238753266ms] [ERROR] Failed to load resource: the server responded with a status of 500 () @ https://cepformacion.akademate.com/api/media/file/farmacia-hero.png:0
[238753266ms] [ERROR] Failed to load resource: the server responded with a status of 500 () @ https://cepformacion.akademate.com/api/media/file/higiene-hero.png:0
