[   39272ms] [ERROR] ErrorUtils caught an error:

Converting to a string will drop content data. Hash="undefined" Translation="Registrar compras en aplicación automáticamente (recomendado) {log-in-tooltip}" Content="Context not logged." (type=object,Object)

Subsequent non-fatal errors won't be logged; see https://fburl.com/debugjs. {column: 17870, clientTime: 1774438840, extra: Object, guardList: Array(4), hash: qlkc2j} @ https://static.xx.fbcdn.net/rsrc.php/v4/yO/r/Zrhn78WmgiK.js:77
[  130623ms] [ERROR] ErrorUtils caught an error:

Tried to get element with id of "devappSaveBanner" but it is not present on the page

Subsequent non-fatal errors won't be logged; see https://fburl.com/debugjs. {column: 149, clientTime: 1774438932, extra: Object, guardList: Array(4), hash: qav3wf} @ https://static.xx.fbcdn.net/rsrc.php/v4/yO/r/Zrhn78WmgiK.js:77
[  130953ms] [ERROR] Broken trigger flowlet chain! @ https://static.xx.fbcdn.net/rsrc.php/v4/yO/r/Zrhn78WmgiK.js:271
[  132272ms] [ERROR] ErrorUtils caught an error:

Could not find element "u_z4jswk_1i_1S" [Caught in: Module "__elem_45d73b5d_z4jswk_0_zS"]

Subsequent non-fatal errors won't be logged; see https://fburl.com/debugjs. {column: 180, clientTime: 1774438933, extra: Object, guardList: Array(8), hash: a0dtt0} @ https://static.xx.fbcdn.net/rsrc.php/v4/yO/r/Zrhn78WmgiK.js:77
[  132273ms] [ERROR] ErrorUtils caught an error:

Could not find element "u_z4jswk_m_v1" [Caught in: Module "__elem_835c633a_z4jswk_0_/V"]

Subsequent non-fatal errors won't be logged; see https://fburl.com/debugjs. {column: 180, clientTime: 1774438933, extra: Object, guardList: Array(8), hash: a0dtt0} @ https://static.xx.fbcdn.net/rsrc.php/v4/yO/r/Zrhn78WmgiK.js:77
[  132274ms] [ERROR] ErrorUtils caught an error:

Could not find element "u_z4jswk_n_H6" [Caught in: Module "__elem_fc9f538f_z4jswk_0_Cc"]

Subsequent non-fatal errors won't be logged; see https://fburl.com/debugjs. {column: 180, clientTime: 1774438933, extra: Object, guardList: Array(8), hash: u3sbzv} @ https://static.xx.fbcdn.net/rsrc.php/v4/yO/r/Zrhn78WmgiK.js:77
[  132275ms] [ERROR] ErrorUtils caught an error:

Could not find element "u_z4jswk_o_gi" [Caught in: Module "__elem_fc9f538f_z4jswk_1_Xn"]

Subsequent non-fatal errors won't be logged; see https://fburl.com/debugjs. {column: 180, clientTime: 1774438933, extra: Object, guardList: Array(8), hash: u3sbzv} @ https://static.xx.fbcdn.net/rsrc.php/v4/yO/r/Zrhn78WmgiK.js:77
[  132275ms] [ERROR] ErrorUtils caught an error:

Could not find element "u_z4jswk_p_bf" [Caught in: Module "__elem_fc9f538f_z4jswk_2_K2"]

Subsequent non-fatal errors won't be logged; see https://fburl.com/debugjs. {column: 180, clientTime: 1774438933, extra: Object, guardList: Array(8), hash: u3sbzv} @ https://static.xx.fbcdn.net/rsrc.php/v4/yO/r/Zrhn78WmgiK.js:77
[  132277ms] [ERROR] ErrorUtils caught an error:

Could not find element "u_z4jswk_q_j2" [Caught in: Module "__elem_fc9f538f_z4jswk_3_sM"]

Subsequent non-fatal errors won't be logged; see https://fburl.com/debugjs. {column: 180, clientTime: 1774438933, extra: Object, guardList: Array(8), hash: u3sbzv} @ https://static.xx.fbcdn.net/rsrc.php/v4/yO/r/Zrhn78WmgiK.js:77
[  132278ms] [ERROR] ErrorUtils caught an error:

Could not find element "u_z4jswk_r_Wu" [Caught in: Module "__elem_fc9f538f_z4jswk_4_5y"]

Subsequent non-fatal errors won't be logged; see https://fburl.com/debugjs. {column: 180, clientTime: 1774438933, extra: Object, guardList: Array(8), hash: u3sbzv} @ https://static.xx.fbcdn.net/rsrc.php/v4/yO/r/Zrhn78WmgiK.js:77
[  132278ms] [ERROR] ErrorUtils caught an error:

Could not find element "u_z4jswk_s_RL" [Caught in: Module "__elem_fc9f538f_z4jswk_5_Pb"]

Subsequent non-fatal errors won't be logged; see https://fburl.com/debugjs. {column: 180, clientTime: 1774438933, extra: Object, guardList: Array(8), hash: u3sbzv} @ https://static.xx.fbcdn.net/rsrc.php/v4/yO/r/Zrhn78WmgiK.js:77
[  132279ms] [ERROR] ErrorUtils caught an error:

Could not find element "u_z4jswk_t_YO" [Caught in: Module "__elem_fc9f538f_z4jswk_6_h5"]

Subsequent non-fatal errors won't be logged; see https://fburl.com/debugjs. {column: 180, clientTime: 1774438933, extra: Object, guardList: Array(8), hash: u3sbzv} @ https://static.xx.fbcdn.net/rsrc.php/v4/yO/r/Zrhn78WmgiK.js:77
[  132279ms] [ERROR] ErrorUtils caught an error:

Could not find element "u_z4jswk_u_MO" [Caught in: Module "__elem_fc9f538f_z4jswk_7_Ig"]

Subsequent non-fatal errors won't be logged; see https://fburl.com/debugjs. {column: 180, clientTime: 1774438933, extra: Object, guardList: Array(8), hash: u3sbzv} @ https://static.xx.fbcdn.net/rsrc.php/v4/yO/r/Zrhn78WmgiK.js:77
[  132280ms] [ERROR] ErrorUtils caught an error:

Could not find element "u_z4jswk_v_gg" [Caught in: Module "__elem_9f5fac15_z4jswk_0_Ke"] [Caught in: Module "__inst_41781d56_z4jswk_0_E9"]

Subsequent non-fatal errors won't be logged; see https://fburl.com/debugjs. {column: 180, clientTime: 1774438933, extra: Object, guardList: Array(8), hash: hdrp04} @ https://static.xx.fbcdn.net/rsrc.php/v4/yO/r/Zrhn78WmgiK.js:77
[  132281ms] [ERROR] ErrorUtils caught an error:

Could not find element "u_z4jswk_v_gg" [Caught in: Module "__elem_9f5fac15_z4jswk_0_Ke"] [Caught in: Module "__inst_41781d56_z4jswk_0_E9"] [Caught in: Requiring module "__elem_9f5fac15_z4jswk_0_Ke" which threw an exception]

Subsequent non-fatal errors won't be logged; see https://fburl.com/debugjs. {column: 180, clientTime: 1774438933, extra: Object, guardList: Array(8), hash: hdrp04} @ https://static.xx.fbcdn.net/rsrc.php/v4/yO/r/Zrhn78WmgiK.js:77
[  132281ms] [ERROR] ErrorUtils caught an error:

Could not find element "u_z4jswk_w_xd" [Caught in: Module "__elem_fc9f538f_z4jswk_8_ob"]

Subsequent non-fatal errors won't be logged; see https://fburl.com/debugjs. {column: 180, clientTime: 1774438933, extra: Object, guardList: Array(8), hash: u3sbzv} @ https://static.xx.fbcdn.net/rsrc.php/v4/yO/r/Zrhn78WmgiK.js:77
[  132282ms] [ERROR] ErrorUtils caught an error:

Could not find element "u_z4jswk_x_U3" [Caught in: Module "__elem_fc9f538f_z4jswk_9_lE"]

Subsequent non-fatal errors won't be logged; see https://fburl.com/debugjs. {column: 180, clientTime: 1774438933, extra: Object, guardList: Array(8), hash: u3sbzv} @ https://static.xx.fbcdn.net/rsrc.php/v4/yO/r/Zrhn78WmgiK.js:77
[  132282ms] [ERROR] ErrorUtils caught an error:

Could not find element "u_z4jswk_y_w+" [Caught in: Module "__elem_fc9f538f_z4jswk_a_ga"]

Subsequent non-fatal errors won't be logged; see https://fburl.com/debugjs. {column: 180, clientTime: 1774438933, extra: Object, guardList: Array(8), hash: u3sbzv} @ https://static.xx.fbcdn.net/rsrc.php/v4/yO/r/Zrhn78WmgiK.js:77
[  132282ms] [ERROR] ErrorUtils caught an error:

Could not find element "u_z4jswk_z_6X" [Caught in: Module "__elem_fc9f538f_z4jswk_b_tF"]

Subsequent non-fatal errors won't be logged; see https://fburl.com/debugjs. {column: 180, clientTime: 1774438933, extra: Object, guardList: Array(8), hash: u3sbzv} @ https://static.xx.fbcdn.net/rsrc.php/v4/yO/r/Zrhn78WmgiK.js:77
[  132283ms] [ERROR] ErrorUtils caught an error:

Could not find element "u_z4jswk_10_+V" [Caught in: Module "__elem_fc9f538f_z4jswk_c_Nt"]

Subsequent non-fatal errors won't be logged; see https://fburl.com/debugjs. {column: 180, clientTime: 1774438933, extra: Object, guardList: Array(8), hash: u3sbzv} @ https://static.xx.fbcdn.net/rsrc.php/v4/yO/r/Zrhn78WmgiK.js:77
[  132283ms] [ERROR] ErrorUtils caught an error:

Could not find element "u_z4jswk_11_uS" [Caught in: Module "__elem_fc9f538f_z4jswk_d_/0"]

Subsequent non-fatal errors won't be logged; see https://fburl.com/debugjs. {column: 180, clientTime: 1774438933, extra: Object, guardList: Array(8), hash: u3sbzv} @ https://static.xx.fbcdn.net/rsrc.php/v4/yO/r/Zrhn78WmgiK.js:77
[  132284ms] [ERROR] ErrorUtils caught an error:

Could not find element "u_z4jswk_14_t1" [Caught in: Module "__elem_b8bc2371_z4jswk_0_0U"] [Caught in: Module "__inst_e1b01e78_z4jswk_0_CK"]

Subsequent non-fatal errors won't be logged; see https://fburl.com/debugjs. {column: 180, clientTime: 1774438933, extra: Object, guardList: Array(8), hash: 3pqdrz} @ https://static.xx.fbcdn.net/rsrc.php/v4/yO/r/Zrhn78WmgiK.js:77
[  132284ms] [ERROR] ErrorUtils caught an error:

Could not find element "u_z4jswk_16_2n" [Caught in: Module "__elem_9f5fac15_z4jswk_1_qo"] [Caught in: Module "__inst_41781d56_z4jswk_1_8j"]

Subsequent non-fatal errors won't be logged; see https://fburl.com/debugjs. {column: 180, clientTime: 1774438933, extra: Object, guardList: Array(8), hash: hdrp04} @ https://static.xx.fbcdn.net/rsrc.php/v4/yO/r/Zrhn78WmgiK.js:77
[  132285ms] [ERROR] ErrorUtils caught an error:

Could not find element "u_z4jswk_16_2n" [Caught in: Module "__elem_9f5fac15_z4jswk_1_qo"] [Caught in: Module "__inst_41781d56_z4jswk_1_8j"] [Caught in: Requiring module "__elem_9f5fac15_z4jswk_1_qo" which threw an exception]

Subsequent non-fatal errors won't be logged; see https://fburl.com/debugjs. {column: 180, clientTime: 1774438933, extra: Object, guardList: Array(8), hash: hdrp04} @ https://static.xx.fbcdn.net/rsrc.php/v4/yO/r/Zrhn78WmgiK.js:77
[  132285ms] [ERROR] ErrorUtils caught an error:

Could not find element "u_z4jswk_17_AV" [Caught in: Module "__elem_9f5fac15_z4jswk_2_p2"] [Caught in: Module "__inst_41781d56_z4jswk_2_sR"]

Subsequent non-fatal errors won't be logged; see https://fburl.com/debugjs. {column: 180, clientTime: 1774438933, extra: Object, guardList: Array(8), hash: hdrp04} @ https://static.xx.fbcdn.net/rsrc.php/v4/yO/r/Zrhn78WmgiK.js:77
[  132286ms] [ERROR] ErrorUtils caught an error:

Could not find element "u_z4jswk_17_AV" [Caught in: Module "__elem_9f5fac15_z4jswk_2_p2"] [Caught in: Module "__inst_41781d56_z4jswk_2_sR"] [Caught in: Requiring module "__elem_9f5fac15_z4jswk_2_p2" which threw an exception]

Subsequent non-fatal errors won't be logged; see https://fburl.com/debugjs. {column: 180, clientTime: 1774438933, extra: Object, guardList: Array(8), hash: hdrp04} @ https://static.xx.fbcdn.net/rsrc.php/v4/yO/r/Zrhn78WmgiK.js:77
[  132286ms] [ERROR] ErrorUtils caught an error:

Could not find element "u_z4jswk_18_rp" [Caught in: Module "__elem_9f5fac15_z4jswk_3_7h"] [Caught in: Module "__inst_41781d56_z4jswk_3_lS"]

Subsequent non-fatal errors won't be logged; see https://fburl.com/debugjs. {column: 180, clientTime: 1774438933, extra: Object, guardList: Array(8), hash: hdrp04} @ https://static.xx.fbcdn.net/rsrc.php/v4/yO/r/Zrhn78WmgiK.js:77
[  132287ms] [ERROR] ErrorUtils caught an error:

Could not find element "u_z4jswk_18_rp" [Caught in: Module "__elem_9f5fac15_z4jswk_3_7h"] [Caught in: Module "__inst_41781d56_z4jswk_3_lS"] [Caught in: Requiring module "__elem_9f5fac15_z4jswk_3_7h" which threw an exception]

Subsequent non-fatal errors won't be logged; see https://fburl.com/debugjs. {column: 180, clientTime: 1774438933, extra: Object, guardList: Array(8), hash: hdrp04} @ https://static.xx.fbcdn.net/rsrc.php/v4/yO/r/Zrhn78WmgiK.js:77
[  132287ms] [ERROR] ErrorUtils caught an error:

Could not find element "u_z4jswk_19_Ep" [Caught in: Module "__elem_9f5fac15_z4jswk_4_K2"] [Caught in: Module "__inst_41781d56_z4jswk_4_B8"]

Subsequent non-fatal errors won't be logged; see https://fburl.com/debugjs. {column: 180, clientTime: 1774438933, extra: Object, guardList: Array(8), hash: hdrp04} @ https://static.xx.fbcdn.net/rsrc.php/v4/yO/r/Zrhn78WmgiK.js:77
[  132288ms] [ERROR] ErrorUtils caught an error:

Could not find element "u_z4jswk_19_Ep" [Caught in: Module "__elem_9f5fac15_z4jswk_4_K2"] [Caught in: Module "__inst_41781d56_z4jswk_4_B8"] [Caught in: Requiring module "__elem_9f5fac15_z4jswk_4_K2" which threw an exception]

Subsequent non-fatal errors won't be logged; see https://fburl.com/debugjs. {column: 180, clientTime: 1774438933, extra: Object, guardList: Array(8), hash: hdrp04} @ https://static.xx.fbcdn.net/rsrc.php/v4/yO/r/Zrhn78WmgiK.js:77
[  132288ms] [ERROR] ErrorUtils caught an error:

Could not find element "u_z4jswk_g_ZL" [Caught in: Module "__elem_8937e029_z4jswk_0_sy"] [Caught in: Module "__inst_ba8a864d_z4jswk_0_+e"]

Subsequent non-fatal errors won't be logged; see https://fburl.com/debugjs. {column: 180, clientTime: 1774438933, extra: Object, guardList: Array(8), hash: 3pqdrz} @ https://static.xx.fbcdn.net/rsrc.php/v4/yO/r/Zrhn78WmgiK.js:77
[  132289ms] [ERROR] ErrorUtils caught an error:

Could not find element "u_z4jswk_1a_PR" [Caught in: Module "__elem_9f5fac15_z4jswk_5_d1"] [Caught in: Module "__inst_41781d56_z4jswk_5_n/"]

Subsequent non-fatal errors won't be logged; see https://fburl.com/debugjs. {column: 180, clientTime: 1774438933, extra: Object, guardList: Array(8), hash: hdrp04} @ https://static.xx.fbcdn.net/rsrc.php/v4/yO/r/Zrhn78WmgiK.js:77
[  132289ms] [ERROR] ErrorUtils caught an error:

Could not find element "u_z4jswk_1a_PR" [Caught in: Module "__elem_9f5fac15_z4jswk_5_d1"] [Caught in: Module "__inst_41781d56_z4jswk_5_n/"] [Caught in: Requiring module "__elem_9f5fac15_z4jswk_5_d1" which threw an exception]

Subsequent non-fatal errors won't be logged; see https://fburl.com/debugjs. {column: 180, clientTime: 1774438933, extra: Object, guardList: Array(8), hash: hdrp04} @ https://static.xx.fbcdn.net/rsrc.php/v4/yO/r/Zrhn78WmgiK.js:77
[  132290ms] [ERROR] ErrorUtils caught an error:

Could not find element "u_z4jswk_k_IG" [Caught in: Module "__elem_8937e029_z4jswk_1_ec"] [Caught in: Module "__inst_ba8a864d_z4jswk_1_o4"]

Subsequent non-fatal errors won't be logged; see https://fburl.com/debugjs. {column: 180, clientTime: 1774438933, extra: Object, guardList: Array(8), hash: 3pqdrz} @ https://static.xx.fbcdn.net/rsrc.php/v4/yO/r/Zrhn78WmgiK.js:77
[  132290ms] [ERROR] ErrorUtils caught an error:

Could not find element "u_z4jswk_1b_/7" [Caught in: Module "__elem_fc9f538f_z4jswk_e_G9"]

Subsequent non-fatal errors won't be logged; see https://fburl.com/debugjs. {column: 180, clientTime: 1774438933, extra: Object, guardList: Array(8), hash: u3sbzv} @ https://static.xx.fbcdn.net/rsrc.php/v4/yO/r/Zrhn78WmgiK.js:77
[  132291ms] [ERROR] ErrorUtils caught an error:

Could not find element "u_z4jswk_1c_ze" [Caught in: Module "__elem_fc9f538f_z4jswk_f_0c"]

Subsequent non-fatal errors won't be logged; see https://fburl.com/debugjs. {column: 180, clientTime: 1774438933, extra: Object, guardList: Array(8), hash: u3sbzv} @ https://static.xx.fbcdn.net/rsrc.php/v4/yO/r/Zrhn78WmgiK.js:77
[  132291ms] [ERROR] ErrorUtils caught an error:

Could not find element "u_z4jswk_1d_kS" [Caught in: Module "__elem_fc9f538f_z4jswk_g_M4"]

Subsequent non-fatal errors won't be logged; see https://fburl.com/debugjs. {column: 180, clientTime: 1774438933, extra: Object, guardList: Array(8), hash: u3sbzv} @ https://static.xx.fbcdn.net/rsrc.php/v4/yO/r/Zrhn78WmgiK.js:77
[  132292ms] [ERROR] ErrorUtils caught an error:

Could not find element "u_z4jswk_1e_b5" [Caught in: Module "__elem_b8bc2371_z4jswk_1_xV"] [Caught in: Module "__inst_e4bcf98c_z4jswk_0_Qm"]

Subsequent non-fatal errors won't be logged; see https://fburl.com/debugjs. {column: 180, clientTime: 1774438933, extra: Object, guardList: Array(8), hash: 3pqdrz} @ https://static.xx.fbcdn.net/rsrc.php/v4/yO/r/Zrhn78WmgiK.js:77
[  132292ms] [ERROR] ErrorUtils caught an error:

Could not find element "u_z4jswk_1g_gW" [Caught in: Module "__elem_fc9f538f_z4jswk_h_Tj"]

Subsequent non-fatal errors won't be logged; see https://fburl.com/debugjs. {column: 180, clientTime: 1774438933, extra: Object, guardList: Array(8), hash: u3sbzv} @ https://static.xx.fbcdn.net/rsrc.php/v4/yO/r/Zrhn78WmgiK.js:77
[  132293ms] [ERROR] ErrorUtils caught an error:

Could not find element "u_z4jswk_1h_c5" [Caught in: Module "__elem_fc9f538f_z4jswk_i_4K"]

Subsequent non-fatal errors won't be logged; see https://fburl.com/debugjs. {column: 180, clientTime: 1774438933, extra: Object, guardList: Array(8), hash: u3sbzv} @ https://static.xx.fbcdn.net/rsrc.php/v4/yO/r/Zrhn78WmgiK.js:77
[  132294ms] [ERROR] ErrorUtils caught an error:

Could not find element "u_z4jswk_12_rr" [Caught in: Module "__elem_fc9f538f_z4jswk_j_Q/"]

Subsequent non-fatal errors won't be logged; see https://fburl.com/debugjs. {column: 180, clientTime: 1774438933, extra: Object, guardList: Array(8), hash: u3sbzv} @ https://static.xx.fbcdn.net/rsrc.php/v4/yO/r/Zrhn78WmgiK.js:77
[  132295ms] [ERROR] ErrorUtils caught an error:

Could not find element "u_z4jswk_13_4E" [Caught in: Module "__elem_fc9f538f_z4jswk_k_Hn"]

Subsequent non-fatal errors won't be logged; see https://fburl.com/debugjs. {column: 180, clientTime: 1774438933, extra: Object, guardList: Array(8), hash: u3sbzv} @ https://static.xx.fbcdn.net/rsrc.php/v4/yO/r/Zrhn78WmgiK.js:77
[  132298ms] [ERROR] ErrorUtils caught an error:

Could not find element "u_z4jswk_v_gg" [Caught in: Module "__elem_9f5fac15_z4jswk_0_Ke"] [Caught in: Module "__inst_41781d56_z4jswk_0_E9"] [Caught in: Requiring module "__elem_9f5fac15_z4jswk_0_Ke" which threw an exception] [Caught in: Requiring module "__inst_41781d56_z4jswk_0_E9" which threw an exception]

Subsequent non-fatal errors won't be logged; see https://fburl.com/debugjs. {column: 180, clientTime: 1774438933, extra: Object, guardList: Array(8), hash: hdrp04} @ https://static.xx.fbcdn.net/rsrc.php/v4/yO/r/Zrhn78WmgiK.js:77
[  741311ms] [ERROR] ErrorUtils caught an error:

Converting to a string will drop content data. Hash="undefined" Translation="Registrar compras en aplicación automáticamente (recomendado) {log-in-tooltip}" Content="Context not logged." (type=object,Object)

Subsequent non-fatal errors won't be logged; see https://fburl.com/debugjs. {column: 17870, clientTime: 1774439542, extra: Object, guardList: Array(4), hash: qlkc2j} @ https://static.xx.fbcdn.net/rsrc.php/v4/yO/r/Zrhn78WmgiK.js:77
[  788300ms] [ERROR] ErrorUtils caught an error:

Tried to get element with id of "devappSaveBanner" but it is not present on the page

Subsequent non-fatal errors won't be logged; see https://fburl.com/debugjs. {column: 149, clientTime: 1774439589, extra: Object, guardList: Array(4), hash: qav3wf} @ https://static.xx.fbcdn.net/rsrc.php/v4/yO/r/Zrhn78WmgiK.js:77
[  788554ms] [ERROR] Broken trigger flowlet chain! @ https://static.xx.fbcdn.net/rsrc.php/v4/yO/r/Zrhn78WmgiK.js:271
[  790465ms] [ERROR] ErrorUtils caught an error:

Could not find element "u_zini7k_1i_6D" [Caught in: Module "__elem_45d73b5d_zini7k_0_jo"]

Subsequent non-fatal errors won't be logged; see https://fburl.com/debugjs. {column: 180, clientTime: 1774439592, extra: Object, guardList: Array(8), hash: a0dtt0} @ https://static.xx.fbcdn.net/rsrc.php/v4/yO/r/Zrhn78WmgiK.js:77
[  790465ms] [ERROR] ErrorUtils caught an error:

Could not find element "u_zini7k_m_3G" [Caught in: Module "__elem_835c633a_zini7k_0_df"]

Subsequent non-fatal errors won't be logged; see https://fburl.com/debugjs. {column: 180, clientTime: 1774439592, extra: Object, guardList: Array(8), hash: a0dtt0} @ https://static.xx.fbcdn.net/rsrc.php/v4/yO/r/Zrhn78WmgiK.js:77
[  790466ms] [ERROR] ErrorUtils caught an error:

Could not find element "u_zini7k_n_VN" [Caught in: Module "__elem_fc9f538f_zini7k_0_JJ"]

Subsequent non-fatal errors won't be logged; see https://fburl.com/debugjs. {column: 180, clientTime: 1774439592, extra: Object, guardList: Array(8), hash: u3sbzv} @ https://static.xx.fbcdn.net/rsrc.php/v4/yO/r/Zrhn78WmgiK.js:77
[  790467ms] [ERROR] ErrorUtils caught an error:

Could not find element "u_zini7k_o_iA" [Caught in: Module "__elem_fc9f538f_zini7k_1_x6"]

Subsequent non-fatal errors won't be logged; see https://fburl.com/debugjs. {column: 180, clientTime: 1774439592, extra: Object, guardList: Array(8), hash: u3sbzv} @ https://static.xx.fbcdn.net/rsrc.php/v4/yO/r/Zrhn78WmgiK.js:77
[  790467ms] [ERROR] ErrorUtils caught an error:

Could not find element "u_zini7k_p_NY" [Caught in: Module "__elem_fc9f538f_zini7k_2_WE"]

Subsequent non-fatal errors won't be logged; see https://fburl.com/debugjs. {column: 180, clientTime: 1774439592, extra: Object, guardList: Array(8), hash: u3sbzv} @ https://static.xx.fbcdn.net/rsrc.php/v4/yO/r/Zrhn78WmgiK.js:77
[  790468ms] [ERROR] ErrorUtils caught an error:

Could not find element "u_zini7k_q_uB" [Caught in: Module "__elem_fc9f538f_zini7k_3_82"]

Subsequent non-fatal errors won't be logged; see https://fburl.com/debugjs. {column: 180, clientTime: 1774439592, extra: Object, guardList: Array(8), hash: u3sbzv} @ https://static.xx.fbcdn.net/rsrc.php/v4/yO/r/Zrhn78WmgiK.js:77
[  790468ms] [ERROR] ErrorUtils caught an error:

Could not find element "u_zini7k_r_RD" [Caught in: Module "__elem_fc9f538f_zini7k_4_jc"]

Subsequent non-fatal errors won't be logged; see https://fburl.com/debugjs. {column: 180, clientTime: 1774439592, extra: Object, guardList: Array(8), hash: u3sbzv} @ https://static.xx.fbcdn.net/rsrc.php/v4/yO/r/Zrhn78WmgiK.js:77
[  790470ms] [ERROR] ErrorUtils caught an error:

Could not find element "u_zini7k_s_I3" [Caught in: Module "__elem_fc9f538f_zini7k_5_rd"]

Subsequent non-fatal errors won't be logged; see https://fburl.com/debugjs. {column: 180, clientTime: 1774439592, extra: Object, guardList: Array(8), hash: u3sbzv} @ https://static.xx.fbcdn.net/rsrc.php/v4/yO/r/Zrhn78WmgiK.js:77
[  790470ms] [ERROR] ErrorUtils caught an error:

Could not find element "u_zini7k_t_bP" [Caught in: Module "__elem_fc9f538f_zini7k_6_dW"]

Subsequent non-fatal errors won't be logged; see https://fburl.com/debugjs. {column: 180, clientTime: 1774439592, extra: Object, guardList: Array(8), hash: u3sbzv} @ https://static.xx.fbcdn.net/rsrc.php/v4/yO/r/Zrhn78WmgiK.js:77
[  790471ms] [ERROR] ErrorUtils caught an error:

Could not find element "u_zini7k_u_Qo" [Caught in: Module "__elem_fc9f538f_zini7k_7_4g"]

Subsequent non-fatal errors won't be logged; see https://fburl.com/debugjs. {column: 180, clientTime: 1774439592, extra: Object, guardList: Array(8), hash: u3sbzv} @ https://static.xx.fbcdn.net/rsrc.php/v4/yO/r/Zrhn78WmgiK.js:77
[  790471ms] [ERROR] ErrorUtils caught an error:

Could not find element "u_zini7k_v_9V" [Caught in: Module "__elem_9f5fac15_zini7k_0_oa"] [Caught in: Module "__inst_41781d56_zini7k_0_lw"]

Subsequent non-fatal errors won't be logged; see https://fburl.com/debugjs. {column: 180, clientTime: 1774439592, extra: Object, guardList: Array(8), hash: hdrp04} @ https://static.xx.fbcdn.net/rsrc.php/v4/yO/r/Zrhn78WmgiK.js:77
[  790472ms] [ERROR] ErrorUtils caught an error:

Could not find element "u_zini7k_v_9V" [Caught in: Module "__elem_9f5fac15_zini7k_0_oa"] [Caught in: Module "__inst_41781d56_zini7k_0_lw"] [Caught in: Requiring module "__elem_9f5fac15_zini7k_0_oa" which threw an exception]

Subsequent non-fatal errors won't be logged; see https://fburl.com/debugjs. {column: 180, clientTime: 1774439592, extra: Object, guardList: Array(8), hash: hdrp04} @ https://static.xx.fbcdn.net/rsrc.php/v4/yO/r/Zrhn78WmgiK.js:77
[  790472ms] [ERROR] ErrorUtils caught an error:

Could not find element "u_zini7k_w_+g" [Caught in: Module "__elem_fc9f538f_zini7k_8_Yz"]

Subsequent non-fatal errors won't be logged; see https://fburl.com/debugjs. {column: 180, clientTime: 1774439592, extra: Object, guardList: Array(8), hash: u3sbzv} @ https://static.xx.fbcdn.net/rsrc.php/v4/yO/r/Zrhn78WmgiK.js:77
[  790473ms] [ERROR] ErrorUtils caught an error:

Could not find element "u_zini7k_x_zr" [Caught in: Module "__elem_fc9f538f_zini7k_9_jh"]

Subsequent non-fatal errors won't be logged; see https://fburl.com/debugjs. {column: 180, clientTime: 1774439592, extra: Object, guardList: Array(8), hash: u3sbzv} @ https://static.xx.fbcdn.net/rsrc.php/v4/yO/r/Zrhn78WmgiK.js:77
[  790473ms] [ERROR] ErrorUtils caught an error:

Could not find element "u_zini7k_y_9Z" [Caught in: Module "__elem_fc9f538f_zini7k_a_6z"]

Subsequent non-fatal errors won't be logged; see https://fburl.com/debugjs. {column: 180, clientTime: 1774439592, extra: Object, guardList: Array(8), hash: u3sbzv} @ https://static.xx.fbcdn.net/rsrc.php/v4/yO/r/Zrhn78WmgiK.js:77
[  790474ms] [ERROR] ErrorUtils caught an error:

Could not find element "u_zini7k_z_IK" [Caught in: Module "__elem_fc9f538f_zini7k_b_TY"]

Subsequent non-fatal errors won't be logged; see https://fburl.com/debugjs. {column: 180, clientTime: 1774439592, extra: Object, guardList: Array(8), hash: u3sbzv} @ https://static.xx.fbcdn.net/rsrc.php/v4/yO/r/Zrhn78WmgiK.js:77
[  790474ms] [ERROR] ErrorUtils caught an error:

Could not find element "u_zini7k_10_f+" [Caught in: Module "__elem_fc9f538f_zini7k_c_3f"]

Subsequent non-fatal errors won't be logged; see https://fburl.com/debugjs. {column: 180, clientTime: 1774439592, extra: Object, guardList: Array(8), hash: u3sbzv} @ https://static.xx.fbcdn.net/rsrc.php/v4/yO/r/Zrhn78WmgiK.js:77
[  790475ms] [ERROR] ErrorUtils caught an error:

Could not find element "u_zini7k_11_o1" [Caught in: Module "__elem_fc9f538f_zini7k_d_zA"]

Subsequent non-fatal errors won't be logged; see https://fburl.com/debugjs. {column: 180, clientTime: 1774439592, extra: Object, guardList: Array(8), hash: u3sbzv} @ https://static.xx.fbcdn.net/rsrc.php/v4/yO/r/Zrhn78WmgiK.js:77
[  790475ms] [ERROR] ErrorUtils caught an error:

Could not find element "u_zini7k_14_1R" [Caught in: Module "__elem_b8bc2371_zini7k_0_/6"] [Caught in: Module "__inst_e1b01e78_zini7k_0_3C"]

Subsequent non-fatal errors won't be logged; see https://fburl.com/debugjs. {column: 180, clientTime: 1774439592, extra: Object, guardList: Array(8), hash: 3pqdrz} @ https://static.xx.fbcdn.net/rsrc.php/v4/yO/r/Zrhn78WmgiK.js:77
[  790476ms] [ERROR] ErrorUtils caught an error:

Could not find element "u_zini7k_16_zu" [Caught in: Module "__elem_9f5fac15_zini7k_1_WP"] [Caught in: Module "__inst_41781d56_zini7k_1_yV"]

Subsequent non-fatal errors won't be logged; see https://fburl.com/debugjs. {column: 180, clientTime: 1774439592, extra: Object, guardList: Array(8), hash: hdrp04} @ https://static.xx.fbcdn.net/rsrc.php/v4/yO/r/Zrhn78WmgiK.js:77
[  790476ms] [ERROR] ErrorUtils caught an error:

Could not find element "u_zini7k_16_zu" [Caught in: Module "__elem_9f5fac15_zini7k_1_WP"] [Caught in: Module "__inst_41781d56_zini7k_1_yV"] [Caught in: Requiring module "__elem_9f5fac15_zini7k_1_WP" which threw an exception]

Subsequent non-fatal errors won't be logged; see https://fburl.com/debugjs. {column: 180, clientTime: 1774439592, extra: Object, guardList: Array(8), hash: hdrp04} @ https://static.xx.fbcdn.net/rsrc.php/v4/yO/r/Zrhn78WmgiK.js:77
[  790477ms] [ERROR] ErrorUtils caught an error:

Could not find element "u_zini7k_17_6o" [Caught in: Module "__elem_9f5fac15_zini7k_2_j5"] [Caught in: Module "__inst_41781d56_zini7k_2_8U"]

Subsequent non-fatal errors won't be logged; see https://fburl.com/debugjs. {column: 180, clientTime: 1774439592, extra: Object, guardList: Array(8), hash: hdrp04} @ https://static.xx.fbcdn.net/rsrc.php/v4/yO/r/Zrhn78WmgiK.js:77
[  790477ms] [ERROR] ErrorUtils caught an error:

Could not find element "u_zini7k_17_6o" [Caught in: Module "__elem_9f5fac15_zini7k_2_j5"] [Caught in: Module "__inst_41781d56_zini7k_2_8U"] [Caught in: Requiring module "__elem_9f5fac15_zini7k_2_j5" which threw an exception]

Subsequent non-fatal errors won't be logged; see https://fburl.com/debugjs. {column: 180, clientTime: 1774439592, extra: Object, guardList: Array(8), hash: hdrp04} @ https://static.xx.fbcdn.net/rsrc.php/v4/yO/r/Zrhn78WmgiK.js:77
[  790477ms] [ERROR] ErrorUtils caught an error:

Could not find element "u_zini7k_18_u8" [Caught in: Module "__elem_9f5fac15_zini7k_3_fd"] [Caught in: Module "__inst_41781d56_zini7k_3_6C"]

Subsequent non-fatal errors won't be logged; see https://fburl.com/debugjs. {column: 180, clientTime: 1774439592, extra: Object, guardList: Array(8), hash: hdrp04} @ https://static.xx.fbcdn.net/rsrc.php/v4/yO/r/Zrhn78WmgiK.js:77
[  790478ms] [ERROR] ErrorUtils caught an error:

Could not find element "u_zini7k_18_u8" [Caught in: Module "__elem_9f5fac15_zini7k_3_fd"] [Caught in: Module "__inst_41781d56_zini7k_3_6C"] [Caught in: Requiring module "__elem_9f5fac15_zini7k_3_fd" which threw an exception]

Subsequent non-fatal errors won't be logged; see https://fburl.com/debugjs. {column: 180, clientTime: 1774439592, extra: Object, guardList: Array(8), hash: hdrp04} @ https://static.xx.fbcdn.net/rsrc.php/v4/yO/r/Zrhn78WmgiK.js:77
[  790478ms] [ERROR] ErrorUtils caught an error:

Could not find element "u_zini7k_19_RL" [Caught in: Module "__elem_9f5fac15_zini7k_4_ep"] [Caught in: Module "__inst_41781d56_zini7k_4_Lh"]

Subsequent non-fatal errors won't be logged; see https://fburl.com/debugjs. {column: 180, clientTime: 1774439592, extra: Object, guardList: Array(8), hash: hdrp04} @ https://static.xx.fbcdn.net/rsrc.php/v4/yO/r/Zrhn78WmgiK.js:77
[  790479ms] [ERROR] ErrorUtils caught an error:

Could not find element "u_zini7k_19_RL" [Caught in: Module "__elem_9f5fac15_zini7k_4_ep"] [Caught in: Module "__inst_41781d56_zini7k_4_Lh"] [Caught in: Requiring module "__elem_9f5fac15_zini7k_4_ep" which threw an exception]

Subsequent non-fatal errors won't be logged; see https://fburl.com/debugjs. {column: 180, clientTime: 1774439592, extra: Object, guardList: Array(8), hash: hdrp04} @ https://static.xx.fbcdn.net/rsrc.php/v4/yO/r/Zrhn78WmgiK.js:77
[  790479ms] [ERROR] ErrorUtils caught an error:

Could not find element "u_zini7k_g_JA" [Caught in: Module "__elem_8937e029_zini7k_0_MS"] [Caught in: Module "__inst_ba8a864d_zini7k_0_Lr"]

Subsequent non-fatal errors won't be logged; see https://fburl.com/debugjs. {column: 180, clientTime: 1774439592, extra: Object, guardList: Array(8), hash: 3pqdrz} @ https://static.xx.fbcdn.net/rsrc.php/v4/yO/r/Zrhn78WmgiK.js:77
[  790480ms] [ERROR] ErrorUtils caught an error:

Could not find element "u_zini7k_1a_ZZ" [Caught in: Module "__elem_9f5fac15_zini7k_5_cK"] [Caught in: Module "__inst_41781d56_zini7k_5_l6"]

Subsequent non-fatal errors won't be logged; see https://fburl.com/debugjs. {column: 180, clientTime: 1774439592, extra: Object, guardList: Array(8), hash: hdrp04} @ https://static.xx.fbcdn.net/rsrc.php/v4/yO/r/Zrhn78WmgiK.js:77
[  790480ms] [ERROR] ErrorUtils caught an error:

Could not find element "u_zini7k_1a_ZZ" [Caught in: Module "__elem_9f5fac15_zini7k_5_cK"] [Caught in: Module "__inst_41781d56_zini7k_5_l6"] [Caught in: Requiring module "__elem_9f5fac15_zini7k_5_cK" which threw an exception]

Subsequent non-fatal errors won't be logged; see https://fburl.com/debugjs. {column: 180, clientTime: 1774439592, extra: Object, guardList: Array(8), hash: hdrp04} @ https://static.xx.fbcdn.net/rsrc.php/v4/yO/r/Zrhn78WmgiK.js:77
[  790481ms] [ERROR] ErrorUtils caught an error:

Could not find element "u_zini7k_k_yf" [Caught in: Module "__elem_8937e029_zini7k_1_5q"] [Caught in: Module "__inst_ba8a864d_zini7k_1_b9"]

Subsequent non-fatal errors won't be logged; see https://fburl.com/debugjs. {column: 180, clientTime: 1774439592, extra: Object, guardList: Array(8), hash: 3pqdrz} @ https://static.xx.fbcdn.net/rsrc.php/v4/yO/r/Zrhn78WmgiK.js:77
[  790481ms] [ERROR] ErrorUtils caught an error:

Could not find element "u_zini7k_1b_bZ" [Caught in: Module "__elem_fc9f538f_zini7k_e_YG"]

Subsequent non-fatal errors won't be logged; see https://fburl.com/debugjs. {column: 180, clientTime: 1774439592, extra: Object, guardList: Array(8), hash: u3sbzv} @ https://static.xx.fbcdn.net/rsrc.php/v4/yO/r/Zrhn78WmgiK.js:77
[  790482ms] [ERROR] ErrorUtils caught an error:

Could not find element "u_zini7k_1c_+z" [Caught in: Module "__elem_fc9f538f_zini7k_f_+H"]

Subsequent non-fatal errors won't be logged; see https://fburl.com/debugjs. {column: 180, clientTime: 1774439592, extra: Object, guardList: Array(8), hash: u3sbzv} @ https://static.xx.fbcdn.net/rsrc.php/v4/yO/r/Zrhn78WmgiK.js:77
[  790482ms] [ERROR] ErrorUtils caught an error:

Could not find element "u_zini7k_1d_Xt" [Caught in: Module "__elem_fc9f538f_zini7k_g_jG"]

Subsequent non-fatal errors won't be logged; see https://fburl.com/debugjs. {column: 180, clientTime: 1774439592, extra: Object, guardList: Array(8), hash: u3sbzv} @ https://static.xx.fbcdn.net/rsrc.php/v4/yO/r/Zrhn78WmgiK.js:77
[  790483ms] [ERROR] ErrorUtils caught an error:

Could not find element "u_zini7k_1e_6o" [Caught in: Module "__elem_b8bc2371_zini7k_1_aG"] [Caught in: Module "__inst_e4bcf98c_zini7k_0_Vp"]

Subsequent non-fatal errors won't be logged; see https://fburl.com/debugjs. {column: 180, clientTime: 1774439592, extra: Object, guardList: Array(8), hash: 3pqdrz} @ https://static.xx.fbcdn.net/rsrc.php/v4/yO/r/Zrhn78WmgiK.js:77
[  790483ms] [ERROR] ErrorUtils caught an error:

Could not find element "u_zini7k_1g_Yn" [Caught in: Module "__elem_fc9f538f_zini7k_h_bp"]

Subsequent non-fatal errors won't be logged; see https://fburl.com/debugjs. {column: 180, clientTime: 1774439592, extra: Object, guardList: Array(8), hash: u3sbzv} @ https://static.xx.fbcdn.net/rsrc.php/v4/yO/r/Zrhn78WmgiK.js:77
[  790484ms] [ERROR] ErrorUtils caught an error:

Could not find element "u_zini7k_1h_HF" [Caught in: Module "__elem_fc9f538f_zini7k_i_WN"]

Subsequent non-fatal errors won't be logged; see https://fburl.com/debugjs. {column: 180, clientTime: 1774439592, extra: Object, guardList: Array(8), hash: u3sbzv} @ https://static.xx.fbcdn.net/rsrc.php/v4/yO/r/Zrhn78WmgiK.js:77
[  790484ms] [ERROR] ErrorUtils caught an error:

Could not find element "u_zini7k_12_J5" [Caught in: Module "__elem_fc9f538f_zini7k_j_BI"]

Subsequent non-fatal errors won't be logged; see https://fburl.com/debugjs. {column: 180, clientTime: 1774439592, extra: Object, guardList: Array(8), hash: u3sbzv} @ https://static.xx.fbcdn.net/rsrc.php/v4/yO/r/Zrhn78WmgiK.js:77
[  790485ms] [ERROR] ErrorUtils caught an error:

Could not find element "u_zini7k_13_sA" [Caught in: Module "__elem_fc9f538f_zini7k_k_wW"]

Subsequent non-fatal errors won't be logged; see https://fburl.com/debugjs. {column: 180, clientTime: 1774439592, extra: Object, guardList: Array(8), hash: u3sbzv} @ https://static.xx.fbcdn.net/rsrc.php/v4/yO/r/Zrhn78WmgiK.js:77
[  790487ms] [ERROR] ErrorUtils caught an error:

Could not find element "u_zini7k_v_9V" [Caught in: Module "__elem_9f5fac15_zini7k_0_oa"] [Caught in: Module "__inst_41781d56_zini7k_0_lw"] [Caught in: Requiring module "__elem_9f5fac15_zini7k_0_oa" which threw an exception] [Caught in: Requiring module "__inst_41781d56_zini7k_0_lw" which threw an exception]

Subsequent non-fatal errors won't be logged; see https://fburl.com/debugjs. {column: 180, clientTime: 1774439592, extra: Object, guardList: Array(8), hash: hdrp04} @ https://static.xx.fbcdn.net/rsrc.php/v4/yO/r/Zrhn78WmgiK.js:77
[  798393ms] [ERROR] ErrorUtils caught an error:

Converting to a string will drop content data. Hash="undefined" Translation="Registrar compras en aplicación automáticamente (recomendado) {log-in-tooltip}" Content="Context not logged." (type=object,Object)

Subsequent non-fatal errors won't be logged; see https://fburl.com/debugjs. {column: 17870, clientTime: 1774439599, extra: Object, guardList: Array(4), hash: qlkc2j} @ https://static.xx.fbcdn.net/rsrc.php/v4/yO/r/Zrhn78WmgiK.js:77
