[     442ms] [ERROR] Failed to load resource: the server responded with a status of 500 () @ https://cepformacion.akademate.com/api/media/file/farmacia-hero.png:0
[ 1217881ms] [ERROR] Failed to load resource: the server responded with a status of 404 () @ https://cepformacion.akademate.com/socket.io?EIO=4&transport=polling&t=1774264334708:0
[ 1217992ms] [ERROR] Failed to load resource: the server responded with a status of 403 () @ https://cepformacion.akademate.com/api/course-runs?where[status][equals]=published&limit=0:0
[ 1218053ms] [ERROR] Failed to load resource: the server responded with a status of 403 () @ https://cepformacion.akademate.com/api/course-runs?where[status][equals]=enrollment_open&limit=0:0
[ 1235161ms] [ERROR] Failed to load resource: the server responded with a status of 500 () @ https://cepformacion.akademate.com/api/media/file/higiene-hero.png:0
[ 1235161ms] [ERROR] Failed to load resource: the server responded with a status of 500 () @ https://cepformacion.akademate.com/api/media/file/farmacia-hero.png:0
[ 1297005ms] [ERROR] Failed to load resource: the server responded with a status of 500 () @ https://cepformacion.akademate.com/api/media/file/farmacia-hero.png:0
[ 1297005ms] [ERROR] Failed to load resource: the server responded with a status of 500 () @ https://cepformacion.akademate.com/api/media/file/higiene-hero.png:0
[ 1298518ms] [ERROR] Failed to load resource: the server responded with a status of 500 () @ https://cepformacion.akademate.com/api/media/file/farmacia-hero.png:0
[ 1298518ms] [ERROR] Failed to load resource: the server responded with a status of 500 () @ https://cepformacion.akademate.com/api/media/file/higiene-hero.png:0
[ 3013704ms] [ERROR] Failed to load resource: the server responded with a status of 404 () @ https://cepformacion.akademate.com/socket.io?EIO=4&transport=polling&t=1774266130115:0
[ 3013883ms] [ERROR] Failed to load resource: the server responded with a status of 500 () @ https://cepformacion.akademate.com/api/media/file/higiene-hero.png:0
[ 3013884ms] [ERROR] Failed to load resource: the server responded with a status of 500 () @ https://cepformacion.akademate.com/api/media/file/farmacia-hero.png:0
[ 3016644ms] [ERROR] Failed to load resource: the server responded with a status of 500 () @ https://cepformacion.akademate.com/api/media/file/farmacia-hero.png:0
[ 3016645ms] [ERROR] Failed to load resource: the server responded with a status of 500 () @ https://cepformacion.akademate.com/api/media/file/higiene-hero.png:0
[ 3018435ms] [ERROR] Failed to load resource: the server responded with a status of 500 () @ https://cepformacion.akademate.com/api/media/file/farmacia-hero.png:0
[ 4327180ms] [ERROR] Failed to load resource: the server responded with a status of 500 () @ https://cepformacion.akademate.com/api/media/file/farmacia-hero.png:0
[ 4327189ms] [ERROR] Failed to load resource: the server responded with a status of 404 () @ https://cepformacion.akademate.com/socket.io?EIO=4&transport=polling&t=1774267443036:0
[ 4329214ms] [ERROR] Failed to load resource: the server responded with a status of 500 () @ https://cepformacion.akademate.com/api/media/file/farmacia-hero.png:0
[ 4329215ms] [ERROR] Failed to load resource: the server responded with a status of 500 () @ https://cepformacion.akademate.com/api/media/file/higiene-hero.png:0
[ 4330880ms] [ERROR] Failed to load resource: the server responded with a status of 500 () @ https://cepformacion.akademate.com/api/media/file/farmacia-hero.png:0
[ 4364871ms] [ERROR] Failed to load resource: the server responded with a status of 403 () @ https://cepformacion.akademate.com/api/course-runs?where[status][equals]=enrollment_open&limit=0:0
[ 4364913ms] [ERROR] Failed to load resource: the server responded with a status of 403 () @ https://cepformacion.akademate.com/api/course-runs?where[status][equals]=published&limit=0:0
[ 4376346ms] [ERROR] Failed to load resource: the server responded with a status of 500 () @ https://cepformacion.akademate.com/api/media/file/farmacia-hero.png:0
[ 4376346ms] [ERROR] Failed to load resource: the server responded with a status of 500 () @ https://cepformacion.akademate.com/api/media/file/higiene-hero.png:0
[ 4378334ms] [ERROR] Failed to load resource: the server responded with a status of 500 () @ https://cepformacion.akademate.com/api/media/file/farmacia-hero.png:0
[ 5428206ms] [ERROR] Failed to load resource: the server responded with a status of 404 () @ https://cepformacion.akademate.com/socket.io?EIO=4&transport=polling&t=1774268544399:0
[ 5428246ms] [ERROR] Failed to load resource: the server responded with a status of 400 () @ https://cepformacion.akademate.com/api/courses?where[cycle_id][equals]=1&depth=0&limit=50:0
[ 5428250ms] [ERROR] Failed to load resource: the server responded with a status of 400 () @ https://cepformacion.akademate.com/api/courses?where[cycle_id][equals]=1&depth=0&limit=50:0
[ 5428405ms] [ERROR] Failed to load resource: the server responded with a status of 400 () @ https://cepformacion.akademate.com/api/courses?where[cycle_id][equals]=1&depth=0&limit=50:0
[ 5445447ms] [ERROR] Failed to load resource: the server responded with a status of 400 () @ https://cepformacion.akademate.com/api/courses?where[cycle_id][equals]=1&depth=0&limit=50:0
[ 5445596ms] [ERROR] Failed to load resource: the server responded with a status of 400 () @ https://cepformacion.akademate.com/api/courses?where[cycle_id][equals]=1&depth=0&limit=50:0
[ 7299293ms] [ERROR] Failed to load resource: the server responded with a status of 404 () @ https://cepformacion.akademate.com/socket.io?EIO=4&transport=polling&t=1774270415736:0
[ 7445262ms] [ERROR] Failed to load resource: the server responded with a status of 404 () @ https://cepformacion.akademate.com/programacion/2?_rsc=1m38d:0
[ 7445264ms] [ERROR] Failed to load resource: the server responded with a status of 404 () @ https://cepformacion.akademate.com/programacion/1?_rsc=1m38d:0
