[   19579ms] [WARNING] The PerformanceObserver does not support buffered flag with the entryTypes argument. @ https://www.gstatic.com/_/pantheon/_/js/k=pantheon.pantheon_module_set.es_419.1JEt9WiVhtQ.es5.O/am=AAAAAAA4AAAAAAAALA/d=1/rs=ADqnUbNHkm_-VVhYEYCyVX15hN3HSgBI5w/m=core:1196
[   20285ms] [WARNING] No ID or name found in config. @ https://www.gstatic.com/_/pantheon/_/js/k=pantheon.pantheon_module_set.es_419.1JEt9WiVhtQ.es5.O/am=AAAAAAA4AAAAAAAALA/d=1/rs=ADqnUbNHkm_-VVhYEYCyVX15hN3HSgBI5w/m=core:4125
[   20636ms] [ERROR] Failed to load resource: the server responded with a status of 404 () @ https://cloudusersettings-pa.clients6.google.com/v1alpha1/settings/PAN_CORE_ACCESSIBILITY_KEYBOARD_SHORTCUTS?key=AIzaSyCI-zsRP85UVOi0DjtiCwWBwQ1djDy741g:0
[   20652ms] [WARNING] No ID or name found in config. @ https://www.gstatic.com/_/pantheon/_/js/k=pantheon.pantheon_module_set.es_419.1JEt9WiVhtQ.es5.O/am=AAAAAAA4AAAAAAAALA/d=1/rs=ADqnUbNHkm_-VVhYEYCyVX15hN3HSgBI5w/m=core:4125
[   20656ms] [WARNING] No ID or name found in config. @ https://www.gstatic.com/_/pantheon/_/js/k=pantheon.pantheon_module_set.es_419.1JEt9WiVhtQ.es5.O/am=AAAAAAA4AAAAAAAALA/d=1/rs=ADqnUbNHkm_-VVhYEYCyVX15hN3HSgBI5w/m=core:4125
[   20659ms] [WARNING] No ID or name found in config. @ https://www.gstatic.com/_/pantheon/_/js/k=pantheon.pantheon_module_set.es_419.1JEt9WiVhtQ.es5.O/am=AAAAAAA4AAAAAAAALA/d=1/rs=ADqnUbNHkm_-VVhYEYCyVX15hN3HSgBI5w/m=core:4125
[   20661ms] [WARNING] No ID or name found in config. @ https://www.gstatic.com/_/pantheon/_/js/k=pantheon.pantheon_module_set.es_419.1JEt9WiVhtQ.es5.O/am=AAAAAAA4AAAAAAAALA/d=1/rs=ADqnUbNHkm_-VVhYEYCyVX15hN3HSgBI5w/m=core:4125
[   20662ms] [WARNING] No ID or name found in config. @ https://www.gstatic.com/_/pantheon/_/js/k=pantheon.pantheon_module_set.es_419.1JEt9WiVhtQ.es5.O/am=AAAAAAA4AAAAAAAALA/d=1/rs=ADqnUbNHkm_-VVhYEYCyVX15hN3HSgBI5w/m=core:4125
[   20721ms] [ERROR] Failed to load resource: the server responded with a status of 404 () @ https://cloudusersettings-pa.clients6.google.com/v1alpha1/settings/PIPELINES_AND_CONNECTIONS_OPT_IN?key=AIzaSyCI-zsRP85UVOi0DjtiCwWBwQ1djDy741g:0
[   22100ms] [WARNING] No ID or name found in config. @ https://www.gstatic.com/_/pantheon/_/js/k=pantheon.pantheon_module_set.es_419.1JEt9WiVhtQ.es5.O/am=AAAAAAA4AAAAAAAALA/d=1/rs=ADqnUbNHkm_-VVhYEYCyVX15hN3HSgBI5w/m=core:4125
[   22102ms] [WARNING] No ID or name found in config. @ https://www.gstatic.com/_/pantheon/_/js/k=pantheon.pantheon_module_set.es_419.1JEt9WiVhtQ.es5.O/am=AAAAAAA4AAAAAAAALA/d=1/rs=ADqnUbNHkm_-VVhYEYCyVX15hN3HSgBI5w/m=core:4125
[   22103ms] [WARNING] No ID or name found in config. @ https://www.gstatic.com/_/pantheon/_/js/k=pantheon.pantheon_module_set.es_419.1JEt9WiVhtQ.es5.O/am=AAAAAAA4AAAAAAAALA/d=1/rs=ADqnUbNHkm_-VVhYEYCyVX15hN3HSgBI5w/m=core:4125
[   22104ms] [WARNING] No ID or name found in config. @ https://www.gstatic.com/_/pantheon/_/js/k=pantheon.pantheon_module_set.es_419.1JEt9WiVhtQ.es5.O/am=AAAAAAA4AAAAAAAALA/d=1/rs=ADqnUbNHkm_-VVhYEYCyVX15hN3HSgBI5w/m=core:4125
[   22105ms] [WARNING] No ID or name found in config. @ https://www.gstatic.com/_/pantheon/_/js/k=pantheon.pantheon_module_set.es_419.1JEt9WiVhtQ.es5.O/am=AAAAAAA4AAAAAAAALA/d=1/rs=ADqnUbNHkm_-VVhYEYCyVX15hN3HSgBI5w/m=core:4125
[   22106ms] [WARNING] No ID or name found in config. @ https://www.gstatic.com/_/pantheon/_/js/k=pantheon.pantheon_module_set.es_419.1JEt9WiVhtQ.es5.O/am=AAAAAAA4AAAAAAAALA/d=1/rs=ADqnUbNHkm_-VVhYEYCyVX15hN3HSgBI5w/m=core:4125
[   22107ms] [WARNING] No ID or name found in config. @ https://www.gstatic.com/_/pantheon/_/js/k=pantheon.pantheon_module_set.es_419.1JEt9WiVhtQ.es5.O/am=AAAAAAA4AAAAAAAALA/d=1/rs=ADqnUbNHkm_-VVhYEYCyVX15hN3HSgBI5w/m=core:4125
[   22306ms] [ERROR] ERROR _.aj @ https://www.gstatic.com/_/pantheon/_/js/k=pantheon.pantheon_module_set.es_419.1JEt9WiVhtQ.es5.O/am=AAAAAAA4AAAAAAAALA/d=1/rs=ADqnUbNHkm_-VVhYEYCyVX15hN3HSgBI5w/m=core:2004
[   22498ms] [ERROR] Failed to load resource: the server responded with a status of 400 () @ https://cloudusersettings-pa.clients6.google.com/v1alpha1/settings/GROWTH_TARGETED_FEATURE_HISTORY?key=AIzaSyCI-zsRP85UVOi0DjtiCwWBwQ1djDy741g:0
[   22530ms] [ERROR] Failed to load resource: the server responded with a status of 404 () @ https://cloudusersettings-pa.clients6.google.com/v1alpha1/settings/MFA_COHORT_DIALOG_SETTINGS?key=AIzaSyCI-zsRP85UVOi0DjtiCwWBwQ1djDy741g:0
[   22646ms] [ERROR] Failed to load resource: the server responded with a status of 400 () @ https://cloudusersettings-pa.clients6.google.com/v1alpha1/settings/GROWTH_TARGETED_FEATURE_HISTORY?key=AIzaSyCI-zsRP85UVOi0DjtiCwWBwQ1djDy741g:0
[   22667ms] [ERROR] Failed to load resource: the server responded with a status of 404 () @ https://cloudusersettings-pa.clients6.google.com/v1alpha1/settings/COE_NU_FIRST_CHARGE_BANNER_DISMISSALS?key=AIzaSyCI-zsRP85UVOi0DjtiCwWBwQ1djDy741g:0
[   22967ms] [ERROR] Failed to load resource: the server responded with a status of 404 () @ https://cloudusersettings-pa.clients6.google.com/v1alpha1/settings/GROWTH_TARGETED_FEATURE_HISTORY/keys/recently_visited_products_new_badge?key=AIzaSyCI-zsRP85UVOi0DjtiCwWBwQ1djDy741g:0
[   35441ms] [WARNING] The resource https://www.gstatic.com/pantheon/images/common/icons-medium_v163.svg was preloaded using link preload but not used within a few seconds from the window's load event. Please make sure it has an appropriate `as` value and it is preloaded intentionally. @ https://console.cloud.google.com/auth/overview?project=akademate-prod:0
[   35441ms] [WARNING] The resource https://www.gstatic.com/_/mss/boq-cloud-client/_/js/md=1/k=boq-cloud-client.OauthMicroUi.es_419.JvTa2niGwCU.es6.O/ck=boq-cloud-client.OauthMicroUi.9ce8MJtbAnQ.L.W.O/am=AAAAAACA/rs=AJ563L9Z7EBKL0jIHODSkIAGi_7ZD894aA was preloaded using link preload but not used within a few seconds from the window's load event. Please make sure it has an appropriate `as` value and it is preloaded intentionally. @ https://console.cloud.google.com/auth/overview?project=akademate-prod:0
[   35441ms] [WARNING] The resource https://www.gstatic.com/_/mss/boq-cloud-client/_/js/k=boq-cloud-client.OauthMicroUi.es_419.JvTa2niGwCU.es6.O/am=AAAAAACA/d=1/rs=AJ563L-kMQ52vy0bSWav-qvD9LHXG50aWw/m=b was preloaded using link preload but not used within a few seconds from the window's load event. Please make sure it has an appropriate `as` value and it is preloaded intentionally. @ https://console.cloud.google.com/auth/overview?project=akademate-prod:0
