[ 6141666ms] Error: Minified React error #418; visit https://reactjs.org/docs/error-decoder.html?invariant=418 for the full message or use the non-minified dev environment for full errors and additional helpful warnings.
    at sa (https://www.cloudflare.com/framework-957a522640f43541ca6a.js:2:49253)
    at Ei (https://www.cloudflare.com/framework-957a522640f43541ca6a.js:2:122299)
    at ks (https://www.cloudflare.com/framework-957a522640f43541ca6a.js:2:109773)
    at ys (https://www.cloudflare.com/framework-957a522640f43541ca6a.js:2:109701)
    at gs (https://www.cloudflare.com/framework-957a522640f43541ca6a.js:2:109564)
    at as (https://www.cloudflare.com/framework-957a522640f43541ca6a.js:2:104696)
    at S (https://www.cloudflare.com/framework-957a522640f43541ca6a.js:2:138831)
    at MessagePort.T (https://www.cloudflare.com/framework-957a522640f43541ca6a.js:2:139363)
[ 6141667ms] Error: Minified React error #418; visit https://reactjs.org/docs/error-decoder.html?invariant=418 for the full message or use the non-minified dev environment for full errors and additional helpful warnings.
    at sa (https://www.cloudflare.com/framework-957a522640f43541ca6a.js:2:49253)
    at Ei (https://www.cloudflare.com/framework-957a522640f43541ca6a.js:2:122299)
    at ks (https://www.cloudflare.com/framework-957a522640f43541ca6a.js:2:109773)
    at ys (https://www.cloudflare.com/framework-957a522640f43541ca6a.js:2:109701)
    at gs (https://www.cloudflare.com/framework-957a522640f43541ca6a.js:2:109564)
    at as (https://www.cloudflare.com/framework-957a522640f43541ca6a.js:2:104696)
    at S (https://www.cloudflare.com/framework-957a522640f43541ca6a.js:2:138831)
    at MessagePort.T (https://www.cloudflare.com/framework-957a522640f43541ca6a.js:2:139363)
[ 6141668ms] Error: Minified React error #418; visit https://reactjs.org/docs/error-decoder.html?invariant=418 for the full message or use the non-minified dev environment for full errors and additional helpful warnings.
    at sa (https://www.cloudflare.com/framework-957a522640f43541ca6a.js:2:49253)
    at Ei (https://www.cloudflare.com/framework-957a522640f43541ca6a.js:2:122299)
    at ks (https://www.cloudflare.com/framework-957a522640f43541ca6a.js:2:109773)
    at ys (https://www.cloudflare.com/framework-957a522640f43541ca6a.js:2:109701)
    at gs (https://www.cloudflare.com/framework-957a522640f43541ca6a.js:2:109564)
    at as (https://www.cloudflare.com/framework-957a522640f43541ca6a.js:2:104696)
    at S (https://www.cloudflare.com/framework-957a522640f43541ca6a.js:2:138831)
    at MessagePort.T (https://www.cloudflare.com/framework-957a522640f43541ca6a.js:2:139363)
[ 6141668ms] Error: Minified React error #418; visit https://reactjs.org/docs/error-decoder.html?invariant=418 for the full message or use the non-minified dev environment for full errors and additional helpful warnings.
    at sa (https://www.cloudflare.com/framework-957a522640f43541ca6a.js:2:49253)
    at Ei (https://www.cloudflare.com/framework-957a522640f43541ca6a.js:2:122299)
    at ks (https://www.cloudflare.com/framework-957a522640f43541ca6a.js:2:109773)
    at ys (https://www.cloudflare.com/framework-957a522640f43541ca6a.js:2:109701)
    at gs (https://www.cloudflare.com/framework-957a522640f43541ca6a.js:2:109564)
    at as (https://www.cloudflare.com/framework-957a522640f43541ca6a.js:2:104696)
    at S (https://www.cloudflare.com/framework-957a522640f43541ca6a.js:2:138831)
    at MessagePort.T (https://www.cloudflare.com/framework-957a522640f43541ca6a.js:2:139363)
[ 6141669ms] Error: Minified React error #418; visit https://reactjs.org/docs/error-decoder.html?invariant=418 for the full message or use the non-minified dev environment for full errors and additional helpful warnings.
    at sa (https://www.cloudflare.com/framework-957a522640f43541ca6a.js:2:49253)
    at Ei (https://www.cloudflare.com/framework-957a522640f43541ca6a.js:2:122299)
    at ks (https://www.cloudflare.com/framework-957a522640f43541ca6a.js:2:109773)
    at ys (https://www.cloudflare.com/framework-957a522640f43541ca6a.js:2:109701)
    at gs (https://www.cloudflare.com/framework-957a522640f43541ca6a.js:2:109564)
    at as (https://www.cloudflare.com/framework-957a522640f43541ca6a.js:2:104696)
    at S (https://www.cloudflare.com/framework-957a522640f43541ca6a.js:2:138831)
    at MessagePort.T (https://www.cloudflare.com/framework-957a522640f43541ca6a.js:2:139363)
[ 6141669ms] Error: Minified React error #418; visit https://reactjs.org/docs/error-decoder.html?invariant=418 for the full message or use the non-minified dev environment for full errors and additional helpful warnings.
    at sa (https://www.cloudflare.com/framework-957a522640f43541ca6a.js:2:49253)
    at Ei (https://www.cloudflare.com/framework-957a522640f43541ca6a.js:2:122299)
    at ks (https://www.cloudflare.com/framework-957a522640f43541ca6a.js:2:109773)
    at ys (https://www.cloudflare.com/framework-957a522640f43541ca6a.js:2:109701)
    at gs (https://www.cloudflare.com/framework-957a522640f43541ca6a.js:2:109564)
    at as (https://www.cloudflare.com/framework-957a522640f43541ca6a.js:2:104696)
    at S (https://www.cloudflare.com/framework-957a522640f43541ca6a.js:2:138831)
    at MessagePort.T (https://www.cloudflare.com/framework-957a522640f43541ca6a.js:2:139363)
[ 6141669ms] Error: Minified React error #418; visit https://reactjs.org/docs/error-decoder.html?invariant=418 for the full message or use the non-minified dev environment for full errors and additional helpful warnings.
    at sa (https://www.cloudflare.com/framework-957a522640f43541ca6a.js:2:49253)
    at Ei (https://www.cloudflare.com/framework-957a522640f43541ca6a.js:2:122299)
    at ks (https://www.cloudflare.com/framework-957a522640f43541ca6a.js:2:109773)
    at ys (https://www.cloudflare.com/framework-957a522640f43541ca6a.js:2:109701)
    at gs (https://www.cloudflare.com/framework-957a522640f43541ca6a.js:2:109564)
    at as (https://www.cloudflare.com/framework-957a522640f43541ca6a.js:2:104696)
    at S (https://www.cloudflare.com/framework-957a522640f43541ca6a.js:2:138831)
    at MessagePort.T (https://www.cloudflare.com/framework-957a522640f43541ca6a.js:2:139363)
[ 6141669ms] Error: Minified React error #423; visit https://reactjs.org/docs/error-decoder.html?invariant=423 for the full message or use the non-minified dev environment for full errors and additional helpful warnings.
    at Ei (https://www.cloudflare.com/framework-957a522640f43541ca6a.js:2:121985)
    at ks (https://www.cloudflare.com/framework-957a522640f43541ca6a.js:2:109773)
    at ys (https://www.cloudflare.com/framework-957a522640f43541ca6a.js:2:109701)
    at gs (https://www.cloudflare.com/framework-957a522640f43541ca6a.js:2:109564)
    at os (https://www.cloudflare.com/framework-957a522640f43541ca6a.js:2:106371)
    at as (https://www.cloudflare.com/framework-957a522640f43541ca6a.js:2:104923)
    at S (https://www.cloudflare.com/framework-957a522640f43541ca6a.js:2:138831)
    at MessagePort.T (https://www.cloudflare.com/framework-957a522640f43541ca6a.js:2:139363)
[ 6143885ms] [ERROR] Failed to load resource: the server responded with a status of 401 () @ https://challenges.cloudflare.com/cdn-cgi/challenge-platform/h/b/pat/9de3dd28beeeec9e/1773832992374/2ba3a48cb1fd106b06e183644d06219c173af532719c765856310c94544054a5/6xqLrBPFpHUFTgE:0
[ 6143932ms] [ERROR]  Note that 'script-src' was not explicitly set, so 'default-src' is used as a fallback. @ https://challenges.cloudflare.com/cdn-cgi/challenge-platform/h/b/turnstile/f/ov2/av0/rch/xno42/0x4AAAAAAAaFLwutFA_ZjmEX/light/fbE/new/normal?lang=auto:0
[ 6144180ms] [ERROR] Permissions policy violation: xr-spatial-tracking is not allowed in this document. @ https://challenges.cloudflare.com/cdn-cgi/challenge-platform/h/b/turnstile/f/ov2/av0/rch/xno42/0x4AAAAAAAaFLwutFA_ZjmEX/light/fbE/new/normal?lang=auto:0
[ 6144180ms] [ERROR] Permissions policy violation: xr-spatial-tracking is not allowed in this document. @ https://challenges.cloudflare.com/cdn-cgi/challenge-platform/h/b/turnstile/f/ov2/av0/rch/xno42/0x4AAAAAAAaFLwutFA_ZjmEX/light/fbE/new/normal?lang=auto:0
[ 6144869ms] [WARNING] Canvas2D: Multiple readback operations using getImageData are faster with the willReadFrequently attribute set to true. See: https://html.spec.whatwg.org/multipage/canvas.html#concept-canvas-will-read-frequently @ https://challenges.cloudflare.com/cdn-cgi/challenge-platform/h/b/turnstile/f/ov2/av0/rch/xno42/0x4AAAAAAAaFLwutFA_ZjmEX/light/fbE/new/normal?lang=auto:0
[ 6144950ms] [WARNING] WebGL: INVALID_ENUM: renderbufferStorage: EXT_color_buffer_float/EXT_color_buffer_half_float not enabled @ https://challenges.cloudflare.com/cdn-cgi/challenge-platform/h/b/turnstile/f/ov2/av0/rch/xno42/0x4AAAAAAAaFLwutFA_ZjmEX/light/fbE/new/normal?lang=auto:0
[ 6144950ms] [WARNING] WebGL: INVALID_ENUM: renderbufferStorage: EXT_color_buffer_float/EXT_color_buffer_half_float not enabled @ https://challenges.cloudflare.com/cdn-cgi/challenge-platform/h/b/turnstile/f/ov2/av0/rch/xno42/0x4AAAAAAAaFLwutFA_ZjmEX/light/fbE/new/normal?lang=auto:0
[ 6144951ms] [WARNING] WebGL: INVALID_ENUM: renderbufferStorage: EXT_color_buffer_float/EXT_color_buffer_half_float not enabled @ https://challenges.cloudflare.com/cdn-cgi/challenge-platform/h/b/turnstile/f/ov2/av0/rch/xno42/0x4AAAAAAAaFLwutFA_ZjmEX/light/fbE/new/normal?lang=auto:0
[ 6144951ms] [WARNING] WebGL: INVALID_ENUM: renderbufferStorage: EXT_color_buffer_float not enabled @ https://challenges.cloudflare.com/cdn-cgi/challenge-platform/h/b/turnstile/f/ov2/av0/rch/xno42/0x4AAAAAAAaFLwutFA_ZjmEX/light/fbE/new/normal?lang=auto:0
[ 6144951ms] [WARNING] WebGL: INVALID_ENUM: renderbufferStorage: EXT_color_buffer_float not enabled @ https://challenges.cloudflare.com/cdn-cgi/challenge-platform/h/b/turnstile/f/ov2/av0/rch/xno42/0x4AAAAAAAaFLwutFA_ZjmEX/light/fbE/new/normal?lang=auto:0
[ 6144951ms] [WARNING] WebGL: INVALID_ENUM: renderbufferStorage: EXT_color_buffer_float not enabled @ https://challenges.cloudflare.com/cdn-cgi/challenge-platform/h/b/turnstile/f/ov2/av0/rch/xno42/0x4AAAAAAAaFLwutFA_ZjmEX/light/fbE/new/normal?lang=auto:0
[ 6144951ms] [WARNING] WebGL: INVALID_ENUM: renderbufferStorage: EXT_color_buffer_float not enabled @ https://challenges.cloudflare.com/cdn-cgi/challenge-platform/h/b/turnstile/f/ov2/av0/rch/xno42/0x4AAAAAAAaFLwutFA_ZjmEX/light/fbE/new/normal?lang=auto:0
[ 6145494ms] [ERROR] %c%d font-size:0;color:transparent NaN @ https://challenges.cloudflare.com/cdn-cgi/challenge-platform/h/b/turnstile/f/ov2/av0/rch/xno42/0x4AAAAAAAaFLwutFA_ZjmEX/light/fbE/new/normal?lang=auto:0
[ 6145494ms] [ERROR] %c%d font-size:0;color:transparent NaN @ https://challenges.cloudflare.com/cdn-cgi/challenge-platform/h/b/turnstile/f/ov2/av0/rch/xno42/0x4AAAAAAAaFLwutFA_ZjmEX/light/fbE/new/normal?lang=auto:0
[ 6145495ms] [WARNING] %c%d font-size:0;color:transparent NaN @ https://challenges.cloudflare.com/cdn-cgi/challenge-platform/h/b/turnstile/f/ov2/av0/rch/xno42/0x4AAAAAAAaFLwutFA_ZjmEX/light/fbE/new/normal?lang=auto:0
[ 6145495ms] [WARNING] %c%d font-size:0;color:transparent NaN @ https://challenges.cloudflare.com/cdn-cgi/challenge-platform/h/b/turnstile/f/ov2/av0/rch/xno42/0x4AAAAAAAaFLwutFA_ZjmEX/light/fbE/new/normal?lang=auto:0
[ 6146861ms] [ERROR] Failed to load resource: the server responded with a status of 451 () @ https://id.rlcdn.com/464526.gif:0
[ 6147997ms] Uncaught (in promise) TypeError: [alloy] [ActivityCollector] [ActivityCollector] An error occurred while executing the onClick lifecycle hook.
Caused by: Cannot read properties of undefined (reading 'analytics')
    at onBeforeLinkClickSend (https://assets.adobedtm.com/f597f8065f97/065ba81630d7/launch-efab6d095ce0.min.js:2:18246)
    at <anonymous> (https://assets.adobedtm.com/f597f8065f97/065ba81630d7/launch-efab6d095ce0.min.js:3:30569)
    at <anonymous> (https://assets.adobedtm.com/f597f8065f97/065ba81630d7/launch-efab6d095ce0.min.js:3:29992)
    at onClick (https://assets.adobedtm.com/f597f8065f97/065ba81630d7/launch-efab6d095ce0.min.js:4:896)
    at <anonymous> (https://assets.adobedtm.com/f597f8065f97/065ba81630d7/launch-efab6d095ce0.min.js:3:18781)
    at <anonymous> (https://assets.adobedtm.com/f597f8065f97/065ba81630d7/launch-efab6d095ce0.min.js:3:18449)
    at <anonymous> (https://assets.adobedtm.com/f597f8065f97/065ba81630d7/launch-efab6d095ce0.min.js:3:18420)
    at <anonymous> (https://assets.adobedtm.com/f597f8065f97/065ba81630d7/launch-efab6d095ce0.min.js:3:18396)
    at <anonymous> (https://assets.adobedtm.com/f597f8065f97/065ba81630d7/launch-efab6d095ce0.min.js:3:18631)
[ 6155511ms] TypeError: n[t] is not a function
    at i (https://dash.cloudflare.com/cf-e01a18811e80bc9a.js:3:6047)
    at https://dash.cloudflare.com/cf-e01a18811e80bc9a.js:3:184072
    at O.loadLocale (https://dash.cloudflare.com/cf-2d18f7c6c3229d5c.js:3:3433)
    at O.componentDidMount (https://dash.cloudflare.com/cf-2d18f7c6c3229d5c.js:3:2984)
    at uX (https://dash.cloudflare.com/cf-7a558b35d4204b06.js:3:90763)
    at e (https://dash.cloudflare.com/cf-7a558b35d4204b06.js:3:111245)
    at e (https://dash.cloudflare.com/cf-7a558b35d4204b06.js:3:111141)
    at e (https://dash.cloudflare.com/cf-7a558b35d4204b06.js:3:111141)
    at https://dash.cloudflare.com/cf-7a558b35d4204b06.js:3:111256
    at oU (https://dash.cloudflare.com/cf-7a558b35d4204b06.js:3:111757)
    at ox (https://dash.cloudflare.com/cf-7a558b35d4204b06.js:3:95164)
    at x (https://dash.cloudflare.com/cf-7a558b35d4204b06.js:3:130665)
    at T (https://dash.cloudflare.com/cf-7a558b35d4204b06.js:3:131195)
    at e.exports (https://dash.cloudflare.com/cf-app.8912e442ab4e8c2b.js:3:26945)
    at p.<computed> (https://dash.cloudflare.com/cf-app.8912e442ab4e8c2b.js:3:59758)
    at Number.h (https://dash.cloudflare.com/cf-app.8912e442ab4e8c2b.js:3:59616)
    at MessagePort.v (https://dash.cloudflare.com/cf-app.8912e442ab4e8c2b.js:3:59638)
[ 6155899ms] [ERROR] Failed to load resource: the server responded with a status of 500 () @ https://platform.dash.cloudflare.com/sentry/envelope:0
