[   10196ms] Error: Minified React error #418; visit https://reactjs.org/docs/error-decoder.html?invariant=418 for the full message or use the non-minified dev environment for full errors and additional helpful warnings.
    at ku (https://www.cloudflare.com/_willow/client.DVocGn_n.js:22:4907)
    at fa (https://www.cloudflare.com/_willow/client.DVocGn_n.js:24:45647)
    at ia (https://www.cloudflare.com/_willow/client.DVocGn_n.js:24:39783)
    at dc (https://www.cloudflare.com/_willow/client.DVocGn_n.js:24:39756)
    at na (https://www.cloudflare.com/_willow/client.DVocGn_n.js:24:34775)
    at st (https://www.cloudflare.com/_willow/client.DVocGn_n.js:9:1644)
    at MessagePort.Mt (https://www.cloudflare.com/_willow/client.DVocGn_n.js:9:2031)
[   10197ms] Error: Minified React error #418; visit https://reactjs.org/docs/error-decoder.html?invariant=418 for the full message or use the non-minified dev environment for full errors and additional helpful warnings.
    at ku (https://www.cloudflare.com/_willow/client.DVocGn_n.js:22:4907)
    at fa (https://www.cloudflare.com/_willow/client.DVocGn_n.js:24:45647)
    at ia (https://www.cloudflare.com/_willow/client.DVocGn_n.js:24:39783)
    at dc (https://www.cloudflare.com/_willow/client.DVocGn_n.js:24:39756)
    at na (https://www.cloudflare.com/_willow/client.DVocGn_n.js:24:34775)
    at st (https://www.cloudflare.com/_willow/client.DVocGn_n.js:9:1644)
    at MessagePort.Mt (https://www.cloudflare.com/_willow/client.DVocGn_n.js:9:2031)
[   10197ms] Error: Minified React error #418; visit https://reactjs.org/docs/error-decoder.html?invariant=418 for the full message or use the non-minified dev environment for full errors and additional helpful warnings.
    at ku (https://www.cloudflare.com/_willow/client.DVocGn_n.js:22:4907)
    at fa (https://www.cloudflare.com/_willow/client.DVocGn_n.js:24:45647)
    at ia (https://www.cloudflare.com/_willow/client.DVocGn_n.js:24:39783)
    at dc (https://www.cloudflare.com/_willow/client.DVocGn_n.js:24:39756)
    at na (https://www.cloudflare.com/_willow/client.DVocGn_n.js:24:34775)
    at st (https://www.cloudflare.com/_willow/client.DVocGn_n.js:9:1644)
    at MessagePort.Mt (https://www.cloudflare.com/_willow/client.DVocGn_n.js:9:2031)
[   10197ms] Error: Minified React error #423; visit https://reactjs.org/docs/error-decoder.html?invariant=423 for the full message or use the non-minified dev environment for full errors and additional helpful warnings.
    at fa (https://www.cloudflare.com/_willow/client.DVocGn_n.js:24:45307)
    at ia (https://www.cloudflare.com/_willow/client.DVocGn_n.js:24:39783)
    at cc (https://www.cloudflare.com/_willow/client.DVocGn_n.js:24:39714)
    at vl (https://www.cloudflare.com/_willow/client.DVocGn_n.js:24:39572)
    at ii (https://www.cloudflare.com/_willow/client.DVocGn_n.js:24:35956)
    at na (https://www.cloudflare.com/_willow/client.DVocGn_n.js:24:34909)
    at st (https://www.cloudflare.com/_willow/client.DVocGn_n.js:9:1644)
    at MessagePort.Mt (https://www.cloudflare.com/_willow/client.DVocGn_n.js:9:2031)
[   10737ms] [ERROR] %c%d font-size:0;color:transparent NaN @ https://challenges.cloudflare.com/cdn-cgi/challenge-platform/h/g/turnstile/f/ov2/av0/rch/qu7v8/0x4AAAAAAAaFLwutFA_ZjmEX/auto/fbE/new/normal?lang=auto:0
[   10737ms] [ERROR] %c%d font-size:0;color:transparent NaN @ https://challenges.cloudflare.com/cdn-cgi/challenge-platform/h/g/turnstile/f/ov2/av0/rch/qu7v8/0x4AAAAAAAaFLwutFA_ZjmEX/auto/fbE/new/normal?lang=auto:0
[   10739ms] [WARNING] %c%d font-size:0;color:transparent NaN @ https://challenges.cloudflare.com/cdn-cgi/challenge-platform/h/g/turnstile/f/ov2/av0/rch/qu7v8/0x4AAAAAAAaFLwutFA_ZjmEX/auto/fbE/new/normal?lang=auto:0
[   10739ms] [WARNING] %c%d font-size:0;color:transparent NaN @ https://challenges.cloudflare.com/cdn-cgi/challenge-platform/h/g/turnstile/f/ov2/av0/rch/qu7v8/0x4AAAAAAAaFLwutFA_ZjmEX/auto/fbE/new/normal?lang=auto:0
[   10915ms] [ERROR]  Note that 'script-src' was not explicitly set, so 'default-src' is used as a fallback. @ https://challenges.cloudflare.com/cdn-cgi/challenge-platform/h/g/turnstile/f/ov2/av0/rch/qu7v8/0x4AAAAAAAaFLwutFA_ZjmEX/auto/fbE/new/normal?lang=auto:0
[   11114ms] [ERROR] Failed to load resource: the server responded with a status of 401 () @ https://challenges.cloudflare.com/cdn-cgi/challenge-platform/h/g/pat/9daa48344c2f34c7/1773229203083/3c548dc2dd10ace00c4058a6202c9ad7ace885b581f96905ab4cfcf49c08f088/fz1hLMUEblE_UYj:0
[   14237ms] [ERROR] Failed to load resource: the server responded with a status of 451 () @ https://id.rlcdn.com/464526.gif:0
[   14426ms] [WARNING] The resource https://challenges.cloudflare.com/cdn-cgi/challenge-platform/h/g/cmg/1 was preloaded using link preload but not used within a few seconds from the window's load event. Please make sure it has an appropriate `as` value and it is preloaded intentionally. @ https://challenges.cloudflare.com/cdn-cgi/challenge-platform/h/g/turnstile/f/ov2/av0/rch/qu7v8/0x4AAAAAAAaFLwutFA_ZjmEX/auto/fbE/new/normal?lang=auto:0
[   21298ms] TypeError: n[t] is not a function
    at i (https://dash.cloudflare.com/cf-e01a18811e80bc9a.js:3:6047)
    at https://dash.cloudflare.com/cf-e01a18811e80bc9a.js:3:184072
    at O.loadLocale (https://dash.cloudflare.com/cf-2d18f7c6c3229d5c.js:3:3433)
    at O.componentDidMount (https://dash.cloudflare.com/cf-2d18f7c6c3229d5c.js:3:2984)
    at uX (https://dash.cloudflare.com/cf-7a558b35d4204b06.js:3:90763)
    at e (https://dash.cloudflare.com/cf-7a558b35d4204b06.js:3:111245)
    at e (https://dash.cloudflare.com/cf-7a558b35d4204b06.js:3:111141)
    at e (https://dash.cloudflare.com/cf-7a558b35d4204b06.js:3:111141)
    at https://dash.cloudflare.com/cf-7a558b35d4204b06.js:3:111256
    at oU (https://dash.cloudflare.com/cf-7a558b35d4204b06.js:3:111757)
    at ox (https://dash.cloudflare.com/cf-7a558b35d4204b06.js:3:95164)
    at x (https://dash.cloudflare.com/cf-7a558b35d4204b06.js:3:130665)
    at T (https://dash.cloudflare.com/cf-7a558b35d4204b06.js:3:131195)
    at https://dash.cloudflare.com/cf-app.e7e0e63e5247d01c.js:3:26945
    at https://dash.cloudflare.com/cf-app.e7e0e63e5247d01c.js:3:59758
    at Number.h (https://dash.cloudflare.com/cf-app.e7e0e63e5247d01c.js:3:59616)
    at MessagePort.v (https://dash.cloudflare.com/cf-app.e7e0e63e5247d01c.js:3:59638)
[  512493ms] [WARNING] Deprecation warning: value provided is not in a recognized RFC2822 or ISO format. moment construction falls back to js Date(), which is not reliable across all browsers and versions. Non RFC2822/ISO date formats are discouraged. Please refer to http://momentjs.com/guides/#/warnings/js-date/ for more info.
Arguments: 
[0] _isAMomentObject: true, _isUTC: false, _useUTC: false, _l: undefined, _i: jun. 13, 2026, _f: undefined, _strict: undefined, _locale: [object Object]
Error
    at t.createFromInputFallback (https://dash.cloudflare.com/cf-9cc9ca7cc96ea723.js:3:42056)
    at https://dash.cloudflare.com/cf-9cc9ca7cc96ea723.js:3:63512
    at https://dash.cloudflare.com/cf-9cc9ca7cc96ea723.js:3:63541
    at tr (https://dash.cloudflare.com/cf-9cc9ca7cc96ea723.js:3:63853)
    at ta (https://dash.cloudflare.com/cf-9cc9ca7cc96ea723.js:3:64117)
    at ti (https://dash.cloudflare.com/cf-9cc9ca7cc96ea723.js:3:64199)
    at t (https://dash.cloudflare.com/cf-9cc9ca7cc96ea723.js:3:38977)
    at p (https://dash.cloudflare.com/cf-68f96530efc6b3be.js:3:44934)
    at ei (https://dash.cloudflare.com/cf-acb62c72900e9265.js:3:21915)
    at ak (https://dash.cloudflare.com/cf-7a558b35d4204b06.js:3:61153)
    at up (https://dash.cloudflare.com/cf-7a558b35d4204b06.js:3:73004)
    at i (https://dash.cloudflare.com/cf-7a558b35d4204b06.js:3:120464)
    at oO (https://dash.cloudflare.com/cf-7a558b35d4204b06.js:3:99246)
    at oR (https://dash.cloudflare.com/cf-7a558b35d4204b06.js:3:99116)
    at ox (https://dash.cloudflare.com/cf-7a558b35d4204b06.js:3:94189)
    at x (https://dash.cloudflare.com/cf-7a558b35d4204b06.js:3:130665)
    at T (https://dash.cloudflare.com/cf-7a558b35d4204b06.js:3:131195)
    at https://dash.cloudflare.com/cf-app.e7e0e63e5247d01c.js:3:26945
    at https://dash.cloudflare.com/cf-app.e7e0e63e5247d01c.js:3:59758
    at Number.h (https://dash.cloudflare.com/cf-app.e7e0e63e5247d01c.js:3:59616)
    at MessagePort.v (https://dash.cloudflare.com/cf-app.e7e0e63e5247d01c.js:3:59638) @ https://dash.cloudflare.com/cf-b9849d3b09d1015c.js:2
[35365238ms] [WARNING] WebSocket connection to 'wss://ws.support-chat.cloudflare.dev/agents/chat/default?_pk=8f6df0ff-9008-40ce-8e96-d911219ee16e&t=eyJhbGciOiJBMjU2R0NNS1ciLCJlbmMiOiJBMjU2R0NNIiwiaXYiOiJnWjZaTTY0UlpPRFZYMGV0IiwidGFnIjoiSWlnOGpXQ3J1VjRreEhFZEVTRFlsQSJ9.VSI6EvFWJ7IIJtmm3lfXIMZTzvmsLYi53qgxxX8_T2o.GFYfSnb8kHjt2-IO.JY4ucDua-UwXILS1UnQudeNoCO1L9Yqk0Sp4mnzGQVMNljQ_nmOiFK56oL-j2bml9wFsBh6B8FKhSklCAUX-NaBxf_hARFcRpNJDbmuyVs6Ky8KHtYgrlC-MWOFgOwVwPvUAgtExinJ3EgpjPF4V25udUHXlSL-ClL5f3KGHRduuuW-wPY-wX2CHJX2NXRCal16Zp_5wW_CpXSzgIKrybK57nzaJKSA7088tdB7as8XNDbkhDwIboZe1JSA4D2Sq8pavtdR_CqiAxjWMGL04bRrjEZ2O-zvYbyznN-DUurK4S4duXCkNSXYp9X-zKibd2YlHsLR9XPMfkAmJGt2MOZGfzTZYuzcuWnn5gVp-4AarnA.LrcFLBnagFKIaA9qENY6EQ' failed: WebSocket is closed before the connection is established. @ https://dash.cloudflare.com/cf-ac53584914b54ee8.js:2
[35365239ms] [ERROR] WebSocket error: i @ https://dash.cloudflare.com/cf-b9849d3b09d1015c.js:2
[35370838ms] [WARNING] WebSocket connection to 'wss://ws.support-chat.cloudflare.dev/agents/chat/default?_pk=8f6df0ff-9008-40ce-8e96-d911219ee16e&t=eyJhbGciOiJBMjU2R0NNS1ciLCJlbmMiOiJBMjU2R0NNIiwiaXYiOiJnWjZaTTY0UlpPRFZYMGV0IiwidGFnIjoiSWlnOGpXQ3J1VjRreEhFZEVTRFlsQSJ9.VSI6EvFWJ7IIJtmm3lfXIMZTzvmsLYi53qgxxX8_T2o.GFYfSnb8kHjt2-IO.JY4ucDua-UwXILS1UnQudeNoCO1L9Yqk0Sp4mnzGQVMNljQ_nmOiFK56oL-j2bml9wFsBh6B8FKhSklCAUX-NaBxf_hARFcRpNJDbmuyVs6Ky8KHtYgrlC-MWOFgOwVwPvUAgtExinJ3EgpjPF4V25udUHXlSL-ClL5f3KGHRduuuW-wPY-wX2CHJX2NXRCal16Zp_5wW_CpXSzgIKrybK57nzaJKSA7088tdB7as8XNDbkhDwIboZe1JSA4D2Sq8pavtdR_CqiAxjWMGL04bRrjEZ2O-zvYbyznN-DUurK4S4duXCkNSXYp9X-zKibd2YlHsLR9XPMfkAmJGt2MOZGfzTZYuzcuWnn5gVp-4AarnA.LrcFLBnagFKIaA9qENY6EQ' failed: WebSocket is closed before the connection is established. @ https://dash.cloudflare.com/cf-ac53584914b54ee8.js:2
[35370839ms] [ERROR] WebSocket error: i @ https://dash.cloudflare.com/cf-b9849d3b09d1015c.js:2
[93738183ms] [WARNING] WebSocket connection to 'wss://ws.support-chat.cloudflare.dev/agents/chat/default?_pk=8f6df0ff-9008-40ce-8e96-d911219ee16e&t=eyJhbGciOiJBMjU2R0NNS1ciLCJlbmMiOiJBMjU2R0NNIiwiaXYiOiJnWjZaTTY0UlpPRFZYMGV0IiwidGFnIjoiSWlnOGpXQ3J1VjRreEhFZEVTRFlsQSJ9.VSI6EvFWJ7IIJtmm3lfXIMZTzvmsLYi53qgxxX8_T2o.GFYfSnb8kHjt2-IO.JY4ucDua-UwXILS1UnQudeNoCO1L9Yqk0Sp4mnzGQVMNljQ_nmOiFK56oL-j2bml9wFsBh6B8FKhSklCAUX-NaBxf_hARFcRpNJDbmuyVs6Ky8KHtYgrlC-MWOFgOwVwPvUAgtExinJ3EgpjPF4V25udUHXlSL-ClL5f3KGHRduuuW-wPY-wX2CHJX2NXRCal16Zp_5wW_CpXSzgIKrybK57nzaJKSA7088tdB7as8XNDbkhDwIboZe1JSA4D2Sq8pavtdR_CqiAxjWMGL04bRrjEZ2O-zvYbyznN-DUurK4S4duXCkNSXYp9X-zKibd2YlHsLR9XPMfkAmJGt2MOZGfzTZYuzcuWnn5gVp-4AarnA.LrcFLBnagFKIaA9qENY6EQ' failed: WebSocket is closed before the connection is established. @ https://dash.cloudflare.com/cf-ac53584914b54ee8.js:2
[93738186ms] [ERROR] WebSocket error: i @ https://dash.cloudflare.com/cf-b9849d3b09d1015c.js:2
[129763522ms] [WARNING] WebSocket connection to 'wss://ws.support-chat.cloudflare.dev/agents/chat/default?_pk=8f6df0ff-9008-40ce-8e96-d911219ee16e&t=eyJhbGciOiJBMjU2R0NNS1ciLCJlbmMiOiJBMjU2R0NNIiwiaXYiOiJnWjZaTTY0UlpPRFZYMGV0IiwidGFnIjoiSWlnOGpXQ3J1VjRreEhFZEVTRFlsQSJ9.VSI6EvFWJ7IIJtmm3lfXIMZTzvmsLYi53qgxxX8_T2o.GFYfSnb8kHjt2-IO.JY4ucDua-UwXILS1UnQudeNoCO1L9Yqk0Sp4mnzGQVMNljQ_nmOiFK56oL-j2bml9wFsBh6B8FKhSklCAUX-NaBxf_hARFcRpNJDbmuyVs6Ky8KHtYgrlC-MWOFgOwVwPvUAgtExinJ3EgpjPF4V25udUHXlSL-ClL5f3KGHRduuuW-wPY-wX2CHJX2NXRCal16Zp_5wW_CpXSzgIKrybK57nzaJKSA7088tdB7as8XNDbkhDwIboZe1JSA4D2Sq8pavtdR_CqiAxjWMGL04bRrjEZ2O-zvYbyznN-DUurK4S4duXCkNSXYp9X-zKibd2YlHsLR9XPMfkAmJGt2MOZGfzTZYuzcuWnn5gVp-4AarnA.LrcFLBnagFKIaA9qENY6EQ' failed: WebSocket is closed before the connection is established. @ https://dash.cloudflare.com/cf-ac53584914b54ee8.js:2
[129763524ms] [ERROR] WebSocket error: i @ https://dash.cloudflare.com/cf-b9849d3b09d1015c.js:2
[129769135ms] [WARNING] WebSocket connection to 'wss://ws.support-chat.cloudflare.dev/agents/chat/default?_pk=8f6df0ff-9008-40ce-8e96-d911219ee16e&t=eyJhbGciOiJBMjU2R0NNS1ciLCJlbmMiOiJBMjU2R0NNIiwiaXYiOiJnWjZaTTY0UlpPRFZYMGV0IiwidGFnIjoiSWlnOGpXQ3J1VjRreEhFZEVTRFlsQSJ9.VSI6EvFWJ7IIJtmm3lfXIMZTzvmsLYi53qgxxX8_T2o.GFYfSnb8kHjt2-IO.JY4ucDua-UwXILS1UnQudeNoCO1L9Yqk0Sp4mnzGQVMNljQ_nmOiFK56oL-j2bml9wFsBh6B8FKhSklCAUX-NaBxf_hARFcRpNJDbmuyVs6Ky8KHtYgrlC-MWOFgOwVwPvUAgtExinJ3EgpjPF4V25udUHXlSL-ClL5f3KGHRduuuW-wPY-wX2CHJX2NXRCal16Zp_5wW_CpXSzgIKrybK57nzaJKSA7088tdB7as8XNDbkhDwIboZe1JSA4D2Sq8pavtdR_CqiAxjWMGL04bRrjEZ2O-zvYbyznN-DUurK4S4duXCkNSXYp9X-zKibd2YlHsLR9XPMfkAmJGt2MOZGfzTZYuzcuWnn5gVp-4AarnA.LrcFLBnagFKIaA9qENY6EQ' failed: WebSocket is closed before the connection is established. @ https://dash.cloudflare.com/cf-ac53584914b54ee8.js:2
[129769136ms] [ERROR] WebSocket error: i @ https://dash.cloudflare.com/cf-b9849d3b09d1015c.js:2
[148141855ms] [WARNING] WebSocket connection to 'wss://ws.support-chat.cloudflare.dev/agents/chat/default?_pk=8f6df0ff-9008-40ce-8e96-d911219ee16e&t=eyJhbGciOiJBMjU2R0NNS1ciLCJlbmMiOiJBMjU2R0NNIiwiaXYiOiJnWjZaTTY0UlpPRFZYMGV0IiwidGFnIjoiSWlnOGpXQ3J1VjRreEhFZEVTRFlsQSJ9.VSI6EvFWJ7IIJtmm3lfXIMZTzvmsLYi53qgxxX8_T2o.GFYfSnb8kHjt2-IO.JY4ucDua-UwXILS1UnQudeNoCO1L9Yqk0Sp4mnzGQVMNljQ_nmOiFK56oL-j2bml9wFsBh6B8FKhSklCAUX-NaBxf_hARFcRpNJDbmuyVs6Ky8KHtYgrlC-MWOFgOwVwPvUAgtExinJ3EgpjPF4V25udUHXlSL-ClL5f3KGHRduuuW-wPY-wX2CHJX2NXRCal16Zp_5wW_CpXSzgIKrybK57nzaJKSA7088tdB7as8XNDbkhDwIboZe1JSA4D2Sq8pavtdR_CqiAxjWMGL04bRrjEZ2O-zvYbyznN-DUurK4S4duXCkNSXYp9X-zKibd2YlHsLR9XPMfkAmJGt2MOZGfzTZYuzcuWnn5gVp-4AarnA.LrcFLBnagFKIaA9qENY6EQ' failed: WebSocket is closed before the connection is established. @ https://dash.cloudflare.com/cf-ac53584914b54ee8.js:2
[148141857ms] [ERROR] WebSocket error: i @ https://dash.cloudflare.com/cf-b9849d3b09d1015c.js:2
[148147460ms] [WARNING] WebSocket connection to 'wss://ws.support-chat.cloudflare.dev/agents/chat/default?_pk=8f6df0ff-9008-40ce-8e96-d911219ee16e&t=eyJhbGciOiJBMjU2R0NNS1ciLCJlbmMiOiJBMjU2R0NNIiwiaXYiOiJnWjZaTTY0UlpPRFZYMGV0IiwidGFnIjoiSWlnOGpXQ3J1VjRreEhFZEVTRFlsQSJ9.VSI6EvFWJ7IIJtmm3lfXIMZTzvmsLYi53qgxxX8_T2o.GFYfSnb8kHjt2-IO.JY4ucDua-UwXILS1UnQudeNoCO1L9Yqk0Sp4mnzGQVMNljQ_nmOiFK56oL-j2bml9wFsBh6B8FKhSklCAUX-NaBxf_hARFcRpNJDbmuyVs6Ky8KHtYgrlC-MWOFgOwVwPvUAgtExinJ3EgpjPF4V25udUHXlSL-ClL5f3KGHRduuuW-wPY-wX2CHJX2NXRCal16Zp_5wW_CpXSzgIKrybK57nzaJKSA7088tdB7as8XNDbkhDwIboZe1JSA4D2Sq8pavtdR_CqiAxjWMGL04bRrjEZ2O-zvYbyznN-DUurK4S4duXCkNSXYp9X-zKibd2YlHsLR9XPMfkAmJGt2MOZGfzTZYuzcuWnn5gVp-4AarnA.LrcFLBnagFKIaA9qENY6EQ' failed: WebSocket is closed before the connection is established. @ https://dash.cloudflare.com/cf-ac53584914b54ee8.js:2
[148147461ms] [ERROR] WebSocket error: i @ https://dash.cloudflare.com/cf-b9849d3b09d1015c.js:2
[154164820ms] [WARNING] WebSocket connection to 'wss://ws.support-chat.cloudflare.dev/agents/chat/default?_pk=8f6df0ff-9008-40ce-8e96-d911219ee16e&t=eyJhbGciOiJBMjU2R0NNS1ciLCJlbmMiOiJBMjU2R0NNIiwiaXYiOiJnWjZaTTY0UlpPRFZYMGV0IiwidGFnIjoiSWlnOGpXQ3J1VjRreEhFZEVTRFlsQSJ9.VSI6EvFWJ7IIJtmm3lfXIMZTzvmsLYi53qgxxX8_T2o.GFYfSnb8kHjt2-IO.JY4ucDua-UwXILS1UnQudeNoCO1L9Yqk0Sp4mnzGQVMNljQ_nmOiFK56oL-j2bml9wFsBh6B8FKhSklCAUX-NaBxf_hARFcRpNJDbmuyVs6Ky8KHtYgrlC-MWOFgOwVwPvUAgtExinJ3EgpjPF4V25udUHXlSL-ClL5f3KGHRduuuW-wPY-wX2CHJX2NXRCal16Zp_5wW_CpXSzgIKrybK57nzaJKSA7088tdB7as8XNDbkhDwIboZe1JSA4D2Sq8pavtdR_CqiAxjWMGL04bRrjEZ2O-zvYbyznN-DUurK4S4duXCkNSXYp9X-zKibd2YlHsLR9XPMfkAmJGt2MOZGfzTZYuzcuWnn5gVp-4AarnA.LrcFLBnagFKIaA9qENY6EQ' failed: WebSocket is closed before the connection is established. @ https://dash.cloudflare.com/cf-ac53584914b54ee8.js:2
[154164825ms] [ERROR] WebSocket error: i @ https://dash.cloudflare.com/cf-b9849d3b09d1015c.js:2
[160182970ms] [WARNING] WebSocket connection to 'wss://ws.support-chat.cloudflare.dev/agents/chat/default?_pk=8f6df0ff-9008-40ce-8e96-d911219ee16e&t=eyJhbGciOiJBMjU2R0NNS1ciLCJlbmMiOiJBMjU2R0NNIiwiaXYiOiJnWjZaTTY0UlpPRFZYMGV0IiwidGFnIjoiSWlnOGpXQ3J1VjRreEhFZEVTRFlsQSJ9.VSI6EvFWJ7IIJtmm3lfXIMZTzvmsLYi53qgxxX8_T2o.GFYfSnb8kHjt2-IO.JY4ucDua-UwXILS1UnQudeNoCO1L9Yqk0Sp4mnzGQVMNljQ_nmOiFK56oL-j2bml9wFsBh6B8FKhSklCAUX-NaBxf_hARFcRpNJDbmuyVs6Ky8KHtYgrlC-MWOFgOwVwPvUAgtExinJ3EgpjPF4V25udUHXlSL-ClL5f3KGHRduuuW-wPY-wX2CHJX2NXRCal16Zp_5wW_CpXSzgIKrybK57nzaJKSA7088tdB7as8XNDbkhDwIboZe1JSA4D2Sq8pavtdR_CqiAxjWMGL04bRrjEZ2O-zvYbyznN-DUurK4S4duXCkNSXYp9X-zKibd2YlHsLR9XPMfkAmJGt2MOZGfzTZYuzcuWnn5gVp-4AarnA.LrcFLBnagFKIaA9qENY6EQ' failed: WebSocket is closed before the connection is established. @ https://dash.cloudflare.com/cf-ac53584914b54ee8.js:2
[160182971ms] [ERROR] WebSocket error: i @ https://dash.cloudflare.com/cf-b9849d3b09d1015c.js:2
