[    5438ms] [WARNING] Deprecation warning: value provided is not in a recognized RFC2822 or ISO format. moment construction falls back to js Date(), which is not reliable across all browsers and versions. Non RFC2822/ISO date formats are discouraged. Please refer to http://momentjs.com/guides/#/warnings/js-date/ for more info.
Arguments: 
[0] _isAMomentObject: true, _isUTC: false, _useUTC: false, _l: undefined, _i: jun. 13, 2026, _f: undefined, _strict: undefined, _locale: [object Object]
Error
    at t.createFromInputFallback (https://dash.cloudflare.com/cf-9cc9ca7cc96ea723.js:3:42056)
    at https://dash.cloudflare.com/cf-9cc9ca7cc96ea723.js:3:63512
    at https://dash.cloudflare.com/cf-9cc9ca7cc96ea723.js:3:63541
    at tr (https://dash.cloudflare.com/cf-9cc9ca7cc96ea723.js:3:63853)
    at ta (https://dash.cloudflare.com/cf-9cc9ca7cc96ea723.js:3:64117)
    at ti (https://dash.cloudflare.com/cf-9cc9ca7cc96ea723.js:3:64199)
    at t (https://dash.cloudflare.com/cf-9cc9ca7cc96ea723.js:3:38977)
    at y (https://dash.cloudflare.com/cf-282b0a06c7f3c556.js:3:44392)
    at ei (https://dash.cloudflare.com/cf-aba1b564fb66be80.js:3:21220)
    at ak (https://dash.cloudflare.com/cf-7a558b35d4204b06.js:3:61153)
    at up (https://dash.cloudflare.com/cf-7a558b35d4204b06.js:3:73004)
    at i (https://dash.cloudflare.com/cf-7a558b35d4204b06.js:3:120464)
    at oO (https://dash.cloudflare.com/cf-7a558b35d4204b06.js:3:99246)
    at oR (https://dash.cloudflare.com/cf-7a558b35d4204b06.js:3:99116)
    at ox (https://dash.cloudflare.com/cf-7a558b35d4204b06.js:3:94189)
    at x (https://dash.cloudflare.com/cf-7a558b35d4204b06.js:3:130665)
    at T (https://dash.cloudflare.com/cf-7a558b35d4204b06.js:3:131195)
    at push.../../../node_modules/babel-polyfill/node_modules/core-js/modules/_invoke.js.e.exports (https://dash.cloudflare.com/cf-app.1b37c017a0c2cdde.js:3:26945)
    at p.<computed> (https://dash.cloudflare.com/cf-app.1b37c017a0c2cdde.js:3:59758)
    at Number.h (https://dash.cloudflare.com/cf-app.1b37c017a0c2cdde.js:3:59616)
    at MessagePort.v (https://dash.cloudflare.com/cf-app.1b37c017a0c2cdde.js:3:59638) @ https://dash.cloudflare.com/cf-aa1d84072ca070dd.js:2
