[   16011ms] [ERROR] Failed to load resource: the server responded with a status of 500 () @ https://cepcomunicacion.akademate.com/api/dashboard/metrics?tenantId=1:0
[   16061ms] [ERROR] Failed to load resource: the server responded with a status of 404 () @ https://cepcomunicacion.akademate.com/socket.io?EIO=4&transport=polling&t=1773746076414:0
[  219868ms] [ERROR] Failed to load resource: the server responded with a status of 404 () @ https://cepcomunicacion.akademate.com/socket.io?EIO=4&transport=polling&t=1773746280058:0
[  220063ms] [ERROR] Failed to load resource: the server responded with a status of 500 () @ https://cepcomunicacion.akademate.com/api/dashboard/metrics?tenantId=1:0
[  220063ms] [ERROR] Failed to load resource: the server responded with a status of 500 () @ https://cepcomunicacion.akademate.com/api/dashboard/metrics?tenantId=1:0
[  220199ms] [ERROR] Failed to load resource: the server responded with a status of 500 () @ https://cepcomunicacion.akademate.com/api/dashboard/metrics?tenantId=1:0
[  230134ms] [ERROR] Failed to load resource: the server responded with a status of 500 () @ https://cepcomunicacion.akademate.com/api/dashboard/metrics?tenantId=1:0
[  230143ms] [ERROR] Failed to load resource: the server responded with a status of 500 () @ https://cepcomunicacion.akademate.com/api/dashboard/metrics?tenantId=1:0
[  230445ms] [ERROR] Failed to load resource: the server responded with a status of 500 () @ https://cepcomunicacion.akademate.com/api/dashboard/metrics?tenantId=1:0
[  230552ms] [ERROR] Failed to load resource: the server responded with a status of 404 () @ https://cepcomunicacion.akademate.com/socket.io?EIO=4&transport=polling&t=1773746290675:0
[  230560ms] [ERROR] Failed to load resource: the server responded with a status of 500 () @ https://cepcomunicacion.akademate.com/api/dashboard/metrics?tenantId=1:0
[  231332ms] [ERROR] Failed to load resource: the server responded with a status of 500 () @ https://cepcomunicacion.akademate.com/api/dashboard/metrics?tenantId=1:0
[  231332ms] [ERROR] Failed to load resource: the server responded with a status of 500 () @ https://cepcomunicacion.akademate.com/api/dashboard/metrics?tenantId=1:0
[  231663ms] [ERROR] Failed to load resource: the server responded with a status of 500 () @ https://cepcomunicacion.akademate.com/api/dashboard/metrics?tenantId=1:0
[  231683ms] [ERROR] Failed to load resource: the server responded with a status of 404 () @ https://cepcomunicacion.akademate.com/socket.io?EIO=4&transport=polling&t=1773746291865:0
[  231743ms] [ERROR] Failed to load resource: the server responded with a status of 500 () @ https://cepcomunicacion.akademate.com/api/dashboard/metrics?tenantId=1:0
[  247410ms] [ERROR] Failed to load resource: the server responded with a status of 403 () @ https://cepcomunicacion.akademate.com/api/campaigns?limit=50&sort=-createdAt:0
[  255527ms] [ERROR] Failed to load resource: the server responded with a status of 500 () @ https://cepcomunicacion.akademate.com/api/dashboard/metrics?tenantId=1:0
[  918729ms] [ERROR] Failed to load resource: the server responded with a status of 404 () @ https://cepcomunicacion.akademate.com/socket.io?EIO=4&transport=polling&t=1773746979033:0
[  918748ms] [ERROR] Failed to load resource: the server responded with a status of 500 () @ https://cepcomunicacion.akademate.com/api/dashboard/metrics?tenantId=1:0
[  918749ms] [ERROR] Failed to load resource: the server responded with a status of 500 () @ https://cepcomunicacion.akademate.com/api/dashboard/metrics?tenantId=1:0
[  918892ms] [ERROR] Failed to load resource: the server responded with a status of 500 () @ https://cepcomunicacion.akademate.com/api/dashboard/metrics?tenantId=1:0
