[   35887ms] [ERROR] Failed to load resource: net::ERR_CONNECTION_RESET @ https://account-app.brevo.com/account/api/authorised_ips:0
[   48072ms] [ERROR] Failed to load resource: net::ERR_CONNECTION_RESET @ https://account-app.brevo.com/account/api/authorised_ips:0
[  552723ms] [WARNING] The resource https://product-homepage.brevo.com/remoteEntryContainer.js was preloaded using link preload but not used within a few seconds from the window's load event. Please make sure it has an appropriate `as` value and it is preloaded intentionally. @ https://app.brevo.com/templates/listing:0
[  557753ms] [WARNING] The resource https://product-homepage.brevo.com/remoteEntryContainer.js was preloaded using link preload but not used within a few seconds from the window's load event. Please make sure it has an appropriate `as` value and it is preloaded intentionally. @ https://app.brevo.com/templates/listing:0
[  562693ms] [WARNING] The resource https://product-homepage.brevo.com/remoteEntryContainer.js was preloaded using link preload but not used within a few seconds from the window's load event. Please make sure it has an appropriate `as` value and it is preloaded intentionally. @ https://app.brevo.com/templates/listing:0
[  563639ms] [WARNING] An iframe which has both allow-scripts and allow-same-origin for its sandbox attribute can escape its sandboxing. @ about:srcdoc:0
[  571349ms] [WARNING] The resource https://product-homepage.brevo.com/remoteEntryContainer.js was preloaded using link preload but not used within a few seconds from the window's load event. Please make sure it has an appropriate `as` value and it is preloaded intentionally. @ https://app.brevo.com/editor/classic/html/9:0
[  639480ms] [ERROR] Failed to load resource: net::ERR_CONNECTION_RESET @ https://editor-api.brevo.com/editor/api/campaign/9/store:0
[  643033ms] [WARNING] The resource https://product-homepage.brevo.com/remoteEntryContainer.js was preloaded using link preload but not used within a few seconds from the window's load event. Please make sure it has an appropriate `as` value and it is preloaded intentionally. @ https://app.brevo.com/editor/classic/html/9:0
[  670422ms] [WARNING] An iframe which has both allow-scripts and allow-same-origin for its sandbox attribute can escape its sandboxing. @ about:srcdoc:0
[  674334ms] [WARNING] The resource https://product-homepage.brevo.com/remoteEntryContainer.js was preloaded using link preload but not used within a few seconds from the window's load event. Please make sure it has an appropriate `as` value and it is preloaded intentionally. @ about:srcdoc:0
[  680113ms] [WARNING] The resource https://product-homepage.brevo.com/remoteEntryContainer.js was preloaded using link preload but not used within a few seconds from the window's load event. Please make sure it has an appropriate `as` value and it is preloaded intentionally. @ https://app.brevo.com/templates/email/edit/9:0
[  685063ms] [WARNING] The resource https://product-homepage.brevo.com/remoteEntryContainer.js was preloaded using link preload but not used within a few seconds from the window's load event. Please make sure it has an appropriate `as` value and it is preloaded intentionally. @ https://app.brevo.com/templates/email/edit/9:0
[  695055ms] [WARNING] The resource https://product-homepage.brevo.com/remoteEntryContainer.js was preloaded using link preload but not used within a few seconds from the window's load event. Please make sure it has an appropriate `as` value and it is preloaded intentionally. @ https://app.brevo.com/templates/email/edit/9:0
[  700024ms] [WARNING] The resource https://product-homepage.brevo.com/remoteEntryContainer.js was preloaded using link preload but not used within a few seconds from the window's load event. Please make sure it has an appropriate `as` value and it is preloaded intentionally. @ https://app.brevo.com/templates/email/edit/9:0
[  705034ms] [WARNING] The resource https://product-homepage.brevo.com/remoteEntryContainer.js was preloaded using link preload but not used within a few seconds from the window's load event. Please make sure it has an appropriate `as` value and it is preloaded intentionally. @ https://app.brevo.com/templates/email/edit/9:0
[  731608ms] [WARNING] WARNING: An object ref will not guarantee the observer is cleaned up when the observed element unmounts @ https://unified-marketing.brevo.com/6618.bbce207472f0299a3338.js:1
[  731608ms] [WARNING] WARNING: An object ref will not guarantee the observer is cleaned up when the observed element unmounts @ https://unified-marketing.brevo.com/6618.bbce207472f0299a3338.js:1
[  731909ms] [WARNING] WARNING: An object ref will not guarantee the observer is cleaned up when the observed element unmounts @ https://unified-marketing.brevo.com/6618.bbce207472f0299a3338.js:1
[  731913ms] [WARNING] WARNING: An object ref will not guarantee the observer is cleaned up when the observed element unmounts @ https://unified-marketing.brevo.com/6618.bbce207472f0299a3338.js:1
[  735382ms] [WARNING] WARNING: An object ref will not guarantee the observer is cleaned up when the observed element unmounts @ https://unified-marketing.brevo.com/6618.bbce207472f0299a3338.js:1
[  735382ms] [WARNING] WARNING: An object ref will not guarantee the observer is cleaned up when the observed element unmounts @ https://unified-marketing.brevo.com/6618.bbce207472f0299a3338.js:1
[  739595ms] Identifier '_0x1109a9' has already been declared
[  744471ms] [ERROR] Failed to load resource: the server responded with a status of 400 () @ https://pricing-backend.brevo.com/public/pricing/api/get-deliverability-data:0
[  744474ms] [ERROR] AxiosError: Request failed with status code 400
    at we (https://product-homepage.brevo.com/8624.60b3f43d709ae0075bd5.js:2:769815)
    at XMLHttpRequest.f (https://product-homepage.brevo.com/8624.60b3f43d709ae0075bd5.js:2:774338)
    at ht.request (https://product-homepage.brevo.com/8624.60b3f43d709ae0075bd5.js:2:783032)
    at async https://product-homepage.brevo.com/5904.7b4fe677f306a02c2b87.js:1:18112
    at async https://product-homepage.brevo.com/5904.7b4fe677f306a02c2b87.js:1:18078
    at async https://product-homepage.brevo.com/8624.60b3f43d709ae0075bd5.js:2:747175 @ https://unified-marketing.brevo.com/6618.bbce207472f0299a3338.js:1
[  749243ms] [WARNING] WARNING: An object ref will not guarantee the observer is cleaned up when the observed element unmounts @ https://unified-marketing.brevo.com/6618.bbce207472f0299a3338.js:1
[  749243ms] [WARNING] WARNING: An object ref will not guarantee the observer is cleaned up when the observed element unmounts @ https://unified-marketing.brevo.com/6618.bbce207472f0299a3338.js:1
[  749480ms] [WARNING] WARNING: An object ref will not guarantee the observer is cleaned up when the observed element unmounts @ https://unified-marketing.brevo.com/6618.bbce207472f0299a3338.js:1
[  749480ms] [WARNING] WARNING: An object ref will not guarantee the observer is cleaned up when the observed element unmounts @ https://unified-marketing.brevo.com/6618.bbce207472f0299a3338.js:1
[  753692ms] Identifier '_0x1109a9' has already been declared
[  784535ms] [ERROR] Failed to load resource: net::ERR_CONNECTION_RESET @ https://ip-management-api.brevo.com/api/dc/cloudflare/domain/69c6549b653d149ced0a0a0f:0
[  841553ms] [ERROR] Failed to load resource: net::ERR_CONNECTION_RESET @ https://ip-management-api.brevo.com/api/domain/config/cepformacion.akademate.com:0
[  923926ms] [ERROR] Failed to load resource: net::ERR_CONNECTION_RESET @ https://ip-management-api.brevo.com/api/domain/69c6549bdc3c090049081e52/authenticate?source=manual&provider=Cloudflare&entri_screen=true:0
[  941306ms] [ERROR] Failed to load resource: net::ERR_CONNECTION_RESET @ https://ip-management-api.brevo.com/api/sender/list?limit=20&page=1:0
[  941360ms] [ERROR] Failed to load resource: net::ERR_CONNECTION_RESET @ https://notifications-banner-api.brevo.com/banner-info?app=brevo_senders:0
[  949395ms] [ERROR] Failed to load resource: net::ERR_CONNECTION_RESET @ https://ip-management-api.brevo.com/api/domain/list?limit=20&page=1:0
[  963535ms] [ERROR] Failed to load resource: net::ERR_CONNECTION_RESET @ https://ip-management-api.brevo.com/api/sender/list?limit=20&page=1:0
[  968577ms] [WARNING] WARNING: An object ref will not guarantee the observer is cleaned up when the observed element unmounts @ https://fsrelay.brevo.com/s/fs.js:3
[  968578ms] [WARNING] WARNING: An object ref will not guarantee the observer is cleaned up when the observed element unmounts @ https://fsrelay.brevo.com/s/fs.js:3
[  970813ms] [WARNING] WARNING: An object ref will not guarantee the observer is cleaned up when the observed element unmounts @ https://fsrelay.brevo.com/s/fs.js:3
[  970813ms] [WARNING] WARNING: An object ref will not guarantee the observer is cleaned up when the observed element unmounts @ https://fsrelay.brevo.com/s/fs.js:3
[  971026ms] [WARNING] WARNING: An object ref will not guarantee the observer is cleaned up when the observed element unmounts @ https://fsrelay.brevo.com/s/fs.js:3
[  971026ms] [WARNING] WARNING: An object ref will not guarantee the observer is cleaned up when the observed element unmounts @ https://fsrelay.brevo.com/s/fs.js:3
[ 1015424ms] [ERROR] Failed to load resource: net::ERR_CONNECTION_RESET @ https://account-app.brevo.com/account/api/authorised_ips:0
[ 1027538ms] [ERROR] Failed to load resource: net::ERR_CONNECTION_RESET @ https://account-app.brevo.com/account/api/authorised_ips:0
[ 1042698ms] [WARNING] Unsatisfied version 18.3.1 from micro-frontend-container of shared singleton module react (required =18.2.0) @ https://fsrelay.brevo.com/s/fs.js:3
[ 1042698ms] [WARNING] Unsatisfied version 18.3.1 from micro-frontend-container of shared singleton module react-dom (required =18.2.0) @ https://fsrelay.brevo.com/s/fs.js:3
[ 1042737ms] [WARNING] Unsatisfied version 18.3.1 from micro-frontend-container of shared singleton module react (required =18.2.0) @ https://fsrelay.brevo.com/s/fs.js:3
[ 1043062ms] [WARNING] Unsatisfied version 18.3.1 from micro-frontend-container of shared singleton module react (required =18.2.0) @ https://fsrelay.brevo.com/s/fs.js:3
[ 1043062ms] [WARNING] Unsatisfied version 18.3.1 from micro-frontend-container of shared singleton module react-dom (required =18.2.0) @ https://fsrelay.brevo.com/s/fs.js:3
[ 1045311ms] [ERROR] Failed to load resource: net::ERR_CONNECTION_RESET @ https://marketing-campaign-api.brevo.com/marketing-campaign/api/campaign/10:0
[ 1045314ms] [ERROR] Failed to load resource: net::ERR_CONNECTION_RESET @ https://editor-api.brevo.com/editor-api/localization/languages:0
[ 1045357ms] [ERROR] Failed to load resource: net::ERR_CONNECTION_RESET @ https://marketing-campaign-api.brevo.com/marketing-campaign/api/client/info:0
[ 1045357ms] [ERROR] Failed to load resource: net::ERR_CONNECTION_RESET @ https://marketing-campaign-api.brevo.com/marketing-campaign/api/client/config:0
[ 1045359ms] [ERROR] Failed to load resource: net::ERR_CONNECTION_RESET @ https://marketing-campaign-api.brevo.com/marketing-campaign/api/client/toggle-features:0
[ 1045362ms] [ERROR] Failed to load resource: net::ERR_CONNECTION_RESET @ https://marketing-campaign-api.brevo.com/marketing-campaign/api/campaign/10:0
[ 1047768ms] [WARNING] Unsatisfied version 18.3.1 from micro-frontend-container of shared singleton module react (required =18.2.0) @ https://fsrelay.brevo.com/s/fs.js:3
[ 1047768ms] [WARNING] Unsatisfied version 18.3.1 from micro-frontend-container of shared singleton module react-dom (required =18.2.0) @ https://fsrelay.brevo.com/s/fs.js:3
[ 1047792ms] [WARNING] Unsatisfied version 18.3.1 from micro-frontend-container of shared singleton module react (required =18.2.0) @ https://fsrelay.brevo.com/s/fs.js:3
[ 1047953ms] [WARNING] Unsatisfied version 18.3.1 from micro-frontend-container of shared singleton module react (required =18.2.0) @ https://fsrelay.brevo.com/s/fs.js:3
[ 1047954ms] [WARNING] Unsatisfied version 18.3.1 from micro-frontend-container of shared singleton module react-dom (required =18.2.0) @ https://fsrelay.brevo.com/s/fs.js:3
[ 1058175ms] [ERROR] [TABS_MISSING_PANEL_API]:  <Tabs> must contain a <Tabs.Panel> with a matching tab panel for the active tab. @ https://fsrelay.brevo.com/s/fs.js:3
[ 1058184ms] [ERROR] [TABS_MISSING_PANEL_API]:  <Tabs> must contain a <Tabs.Panel> with a matching tab panel for the active tab. @ https://fsrelay.brevo.com/s/fs.js:3
[ 1058660ms] [ERROR] Error: <svg> attribute width: Expected length, "[object Object]". @ https://mfe.brevo.com/spa-mfe.961.b1ca7b8fb8a85718ab3b.js:1
[ 1058660ms] [ERROR] Error: <svg> attribute height: Expected length, "[object Object]". @ https://mfe.brevo.com/spa-mfe.961.b1ca7b8fb8a85718ab3b.js:1
[ 1059912ms] [ERROR] [TABS_MISSING_PANEL_API]:  <Tabs> must contain a <Tabs.Panel> with a matching tab panel for the active tab. @ https://fsrelay.brevo.com/s/fs.js:3
[ 1059923ms] [ERROR] [TABS_MISSING_PANEL_API]:  <Tabs> must contain a <Tabs.Panel> with a matching tab panel for the active tab. @ https://fsrelay.brevo.com/s/fs.js:3
[ 1059924ms] [ERROR] [TABS_MISSING_PANEL_API]:  <Tabs> must contain a <Tabs.Panel> with a matching tab panel for the active tab. @ https://fsrelay.brevo.com/s/fs.js:3
[ 1060106ms] [ERROR] Failed to load resource: net::ERR_CONNECTION_RESET @ https://forms-api.brevo.com/forms-api/forms?type=unsubscription&limit=10&offset=0:0
[ 1060107ms] [ERROR] Error: <svg> attribute width: Expected length, "[object Object]". @ https://mfe.brevo.com/spa-mfe.961.b1ca7b8fb8a85718ab3b.js:1
[ 1060107ms] [ERROR] Error: <svg> attribute height: Expected length, "[object Object]". @ https://mfe.brevo.com/spa-mfe.961.b1ca7b8fb8a85718ab3b.js:1
[ 1060721ms] [ERROR] [TABS_MISSING_PANEL_API]:  <Tabs> must contain a <Tabs.Panel> with a matching tab panel for the active tab. @ https://fsrelay.brevo.com/s/fs.js:3
[ 1060733ms] [ERROR] [TABS_MISSING_PANEL_API]:  <Tabs> must contain a <Tabs.Panel> with a matching tab panel for the active tab. @ https://fsrelay.brevo.com/s/fs.js:3
[ 1060735ms] [ERROR] [TABS_MISSING_PANEL_API]:  <Tabs> must contain a <Tabs.Panel> with a matching tab panel for the active tab. @ https://fsrelay.brevo.com/s/fs.js:3
[ 1060822ms] [ERROR] Failed to load resource: net::ERR_CONNECTION_RESET @ https://forms-api.brevo.com/forms-api/forms?type=update&limit=10&offset=0:0
[ 1060824ms] [ERROR] Error: <svg> attribute width: Expected length, "[object Object]". @ https://mfe.brevo.com/spa-mfe.961.b1ca7b8fb8a85718ab3b.js:1
[ 1060824ms] [ERROR] Error: <svg> attribute height: Expected length, "[object Object]". @ https://mfe.brevo.com/spa-mfe.961.b1ca7b8fb8a85718ab3b.js:1
[ 1063303ms] [WARNING] Unsatisfied version 16.14.0 from sib_marketing of shared singleton module react (required ^18.2.0) @ https://fe-common-apps.brevo.com/commonAppsContainer.js?t=1774605754867:0
[ 1063389ms] [WARNING] Unsatisfied version 16.14.0 from sib_marketing of shared singleton module react-dom (required ^18.2.0) @ https://fe-common-apps.brevo.com/commonAppsContainer.js?t=1774605754867:0
[ 1063671ms] [ERROR] Access to fetch at 'https://notifications-banner-api.brevo.com/banner-info' from origin 'https://my.brevo.com' has been blocked by CORS policy: Response to preflight request doesn't pass access control check: No 'Access-Control-Allow-Origin' header is present on the requested resource. @ https://my.brevo.com/camp/message/stats/sms:0
[ 1063671ms] [ERROR] Failed to load resource: net::ERR_FAILED @ https://notifications-banner-api.brevo.com/banner-info:0
[ 1069417ms] [WARNING] An iframe which has both allow-scripts and allow-same-origin for its sandbox attribute can escape its sandboxing. @ about:srcdoc:0
[ 1072544ms] [WARNING] The resource https://product-homepage.brevo.com/remoteEntryContainer.js was preloaded using link preload but not used within a few seconds from the window's load event. Please make sure it has an appropriate `as` value and it is preloaded intentionally. @ about:srcdoc:0
[ 1079181ms] [WARNING] The resource https://product-homepage.brevo.com/remoteEntryContainer.js was preloaded using link preload but not used within a few seconds from the window's load event. Please make sure it has an appropriate `as` value and it is preloaded intentionally. @ https://app.brevo.com/editor/classic/html/9:0
[ 1567459ms] [WARNING] The resource https://product-homepage.brevo.com/remoteEntryContainer.js was preloaded using link preload but not used within a few seconds from the window's load event. Please make sure it has an appropriate `as` value and it is preloaded intentionally. @ https://app.brevo.com/editor/classic/html/9:0
[ 1582360ms] [WARNING] The resource https://product-homepage.brevo.com/remoteEntryContainer.js was preloaded using link preload but not used within a few seconds from the window's load event. Please make sure it has an appropriate `as` value and it is preloaded intentionally. @ https://app.brevo.com/editor/classic/html/9:0
[ 1586304ms] [WARNING] The resource https://product-homepage.brevo.com/remoteEntryContainer.js was preloaded using link preload but not used within a few seconds from the window's load event. Please make sure it has an appropriate `as` value and it is preloaded intentionally. @ https://app.brevo.com/editor/classic/html/9:0
[ 1595537ms] [WARNING] The resource https://product-homepage.brevo.com/remoteEntryContainer.js was preloaded using link preload but not used within a few seconds from the window's load event. Please make sure it has an appropriate `as` value and it is preloaded intentionally. @ https://app.brevo.com/editor/classic/html/9:0
[ 1596653ms] [ERROR] Failed to load resource: net::ERR_CONNECTION_RESET @ https://editor-api.brevo.com/editor-api/inbox-preview/69c657c4fcc23164022c7781?language=null:0
[ 1601711ms] [ERROR] Failed to load resource: net::ERR_CONNECTION_RESET @ https://editor-api.brevo.com/editor-api/inbox-preview/69c657c4fcc23164022c7781?language=null:0
[ 1605124ms] [ERROR] Failed to load resource: net::ERR_CONNECTION_RESET @ https://editor-api.brevo.com/editor-api/test-emails:0
[ 1608680ms] [WARNING] The resource https://product-homepage.brevo.com/remoteEntryContainer.js was preloaded using link preload but not used within a few seconds from the window's load event. Please make sure it has an appropriate `as` value and it is preloaded intentionally. @ https://app.brevo.com/editor/classic/html/9:0
[ 1611567ms] [ERROR] Failed to load resource: net::ERR_CONNECTION_RESET @ https://editor-api.brevo.com/editor-api/inbox-preview/69c657c4fcc23164022c7781?language=null:0
[ 1615122ms] [WARNING] The resource https://product-homepage.brevo.com/remoteEntryContainer.js was preloaded using link preload but not used within a few seconds from the window's load event. Please make sure it has an appropriate `as` value and it is preloaded intentionally. @ https://app.brevo.com/editor/classic/html/9:0
[ 1621886ms] [ERROR] Failed to load resource: net::ERR_CONNECTION_RESET @ https://editor-api.brevo.com/editor-api/inbox-preview/69c657c4fcc23164022c7781?language=null:0
[ 1625443ms] [WARNING] The resource https://product-homepage.brevo.com/remoteEntryContainer.js was preloaded using link preload but not used within a few seconds from the window's load event. Please make sure it has an appropriate `as` value and it is preloaded intentionally. @ https://app.brevo.com/editor/classic/html/9:0
[ 1628777ms] [WARNING] An iframe which has both allow-scripts and allow-same-origin for its sandbox attribute can escape its sandboxing. @ about:srcdoc:0
[ 1638393ms] [WARNING] The resource https://product-homepage.brevo.com/remoteEntryContainer.js was preloaded using link preload but not used within a few seconds from the window's load event. Please make sure it has an appropriate `as` value and it is preloaded intentionally. @ https://app.brevo.com/templates/email/edit/9:0
[ 1648431ms] [WARNING] The resource https://product-homepage.brevo.com/remoteEntryContainer.js was preloaded using link preload but not used within a few seconds from the window's load event. Please make sure it has an appropriate `as` value and it is preloaded intentionally. @ https://app.brevo.com/templates/email/edit/9:0
[ 1653432ms] [WARNING] The resource https://product-homepage.brevo.com/remoteEntryContainer.js was preloaded using link preload but not used within a few seconds from the window's load event. Please make sure it has an appropriate `as` value and it is preloaded intentionally. @ https://app.brevo.com/templates/email/edit/9:0
[ 1706951ms] [WARNING] The resource https://product-homepage.brevo.com/remoteEntryContainer.js was preloaded using link preload but not used within a few seconds from the window's load event. Please make sure it has an appropriate `as` value and it is preloaded intentionally. @ https://app.brevo.com/templates/email/edit/9:0
[ 1768001ms] [WARNING] The resource https://product-homepage.brevo.com/remoteEntryContainer.js was preloaded using link preload but not used within a few seconds from the window's load event. Please make sure it has an appropriate `as` value and it is preloaded intentionally. @ https://app.brevo.com/templates/email/edit/9:0
[ 1829030ms] [WARNING] The resource https://product-homepage.brevo.com/remoteEntryContainer.js was preloaded using link preload but not used within a few seconds from the window's load event. Please make sure it has an appropriate `as` value and it is preloaded intentionally. @ https://app.brevo.com/templates/email/edit/9:0
[ 1889990ms] [WARNING] The resource https://product-homepage.brevo.com/remoteEntryContainer.js was preloaded using link preload but not used within a few seconds from the window's load event. Please make sure it has an appropriate `as` value and it is preloaded intentionally. @ https://app.brevo.com/templates/email/edit/9:0
[ 1903453ms] [WARNING] The resource https://product-homepage.brevo.com/remoteEntryContainer.js was preloaded using link preload but not used within a few seconds from the window's load event. Please make sure it has an appropriate `as` value and it is preloaded intentionally. @ https://app.brevo.com/templates/email/edit/9:0
[ 1942440ms] [WARNING] The resource https://product-homepage.brevo.com/remoteEntryContainer.js was preloaded using link preload but not used within a few seconds from the window's load event. Please make sure it has an appropriate `as` value and it is preloaded intentionally. @ https://app.brevo.com/templates/email/edit/9:0
[ 2158449ms] [WARNING] The resource https://product-homepage.brevo.com/remoteEntryContainer.js was preloaded using link preload but not used within a few seconds from the window's load event. Please make sure it has an appropriate `as` value and it is preloaded intentionally. @ https://app.brevo.com/templates/email/edit/9:0
[ 2413460ms] [WARNING] The resource https://product-homepage.brevo.com/remoteEntryContainer.js was preloaded using link preload but not used within a few seconds from the window's load event. Please make sure it has an appropriate `as` value and it is preloaded intentionally. @ https://app.brevo.com/templates/email/edit/9:0
[ 2668460ms] [WARNING] The resource https://product-homepage.brevo.com/remoteEntryContainer.js was preloaded using link preload but not used within a few seconds from the window's load event. Please make sure it has an appropriate `as` value and it is preloaded intentionally. @ https://app.brevo.com/templates/email/edit/9:0
[ 2923510ms] [WARNING] The resource https://product-homepage.brevo.com/remoteEntryContainer.js was preloaded using link preload but not used within a few seconds from the window's load event. Please make sure it has an appropriate `as` value and it is preloaded intentionally. @ https://app.brevo.com/templates/email/edit/9:0
[ 3183491ms] [WARNING] The resource https://product-homepage.brevo.com/remoteEntryContainer.js was preloaded using link preload but not used within a few seconds from the window's load event. Please make sure it has an appropriate `as` value and it is preloaded intentionally. @ https://app.brevo.com/templates/email/edit/9:0
[ 3442390ms] [WARNING] The resource https://product-homepage.brevo.com/remoteEntryContainer.js was preloaded using link preload but not used within a few seconds from the window's load event. Please make sure it has an appropriate `as` value and it is preloaded intentionally. @ https://app.brevo.com/templates/email/edit/9:0
[10090883ms] [WARNING] The resource https://product-homepage.brevo.com/remoteEntryContainer.js was preloaded using link preload but not used within a few seconds from the window's load event. Please make sure it has an appropriate `as` value and it is preloaded intentionally. @ https://app.brevo.com/templates/email/edit/9:0
[10096830ms] [WARNING] The resource https://product-homepage.brevo.com/remoteEntryContainer.js was preloaded using link preload but not used within a few seconds from the window's load event. Please make sure it has an appropriate `as` value and it is preloaded intentionally. @ https://app.brevo.com/templates/email/edit/9:0
[10161130ms] [WARNING] The resource https://product-homepage.brevo.com/remoteEntryContainer.js was preloaded using link preload but not used within a few seconds from the window's load event. Please make sure it has an appropriate `as` value and it is preloaded intentionally. @ https://app.brevo.com/templates/email/edit/9:0
[10218870ms] [WARNING] The resource https://product-homepage.brevo.com/remoteEntryContainer.js was preloaded using link preload but not used within a few seconds from the window's load event. Please make sure it has an appropriate `as` value and it is preloaded intentionally. @ https://app.brevo.com/templates/email/edit/9:0
[10279850ms] [WARNING] The resource https://product-homepage.brevo.com/remoteEntryContainer.js was preloaded using link preload but not used within a few seconds from the window's load event. Please make sure it has an appropriate `as` value and it is preloaded intentionally. @ https://app.brevo.com/templates/email/edit/9:0
[10340859ms] [WARNING] The resource https://product-homepage.brevo.com/remoteEntryContainer.js was preloaded using link preload but not used within a few seconds from the window's load event. Please make sure it has an appropriate `as` value and it is preloaded intentionally. @ https://app.brevo.com/templates/email/edit/9:0
[10395310ms] [WARNING] The resource https://product-homepage.brevo.com/remoteEntryContainer.js was preloaded using link preload but not used within a few seconds from the window's load event. Please make sure it has an appropriate `as` value and it is preloaded intentionally. @ https://app.brevo.com/templates/email/edit/9:0
